[0.033s] Invoking command in '/home/janaka/dev_ws/build/range_sensor_broadcaster': CMAKE_PREFIX_PATH=${CMAKE_PREFIX_PATH}:/opt/ros/humble /usr/bin/cmake /home/janaka/dev_ws/src/ros2_controllers/range_sensor_broadcaster -DAMENT_CMAKE_SYMLINK_INSTALL=1 -DCMAKE_INSTALL_PREFIX=/home/janaka/dev_ws/install/range_sensor_broadcaster
[1.629s] -- The C compiler identification is GNU 11.4.0
[1.629s] -- The CXX compiler identification is GNU 11.4.0
[1.629s] -- Detecting C compiler ABI info
[1.629s] -- Detecting C compiler ABI info - done
[1.629s] -- Check for working C compiler: /usr/bin/cc - skipped
[1.629s] -- Detecting C compile features
[1.629s] -- Detecting C compile features - done
[1.629s] -- Detecting CXX compiler ABI info
[1.629s] -- Detecting CXX compiler ABI info - done
[1.629s] -- Check for working CXX compiler: /usr/bin/c++ - skipped
[1.629s] -- Detecting CXX compile features
[1.629s] -- Detecting CXX compile features - done
[1.629s] -- Found ament_cmake: 1.3.12 (/opt/ros/humble/share/ament_cmake/cmake)
[1.629s] -- Found Python3: /usr/bin/python3 (found version "3.10.12") found components: Interpreter 
[1.629s] -- Override CMake install command with custom implementation using symlinks instead of copying resources
[1.629s] -- Found controller_interface: 2.52.0 (/opt/ros/humble/share/controller_interface/cmake)
[1.629s] -- Found rosidl_generator_c: 3.1.7 (/opt/ros/humble/share/rosidl_generator_c/cmake)
[1.630s] -- Found rosidl_adapter: 3.1.7 (/opt/ros/humble/share/rosidl_adapter/cmake)
[1.630s] -- Found rosidl_generator_cpp: 3.1.7 (/opt/ros/humble/share/rosidl_generator_cpp/cmake)
[1.630s] -- Using all available rosidl_typesupport_c: rosidl_typesupport_fastrtps_c;rosidl_typesupport_introspection_c
[1.630s] -- Using all available rosidl_typesupport_cpp: rosidl_typesupport_fastrtps_cpp;rosidl_typesupport_introspection_cpp
[1.630s] -- Found rmw_implementation_cmake: 6.1.2 (/opt/ros/humble/share/rmw_implementation_cmake/cmake)
[1.630s] -- Found rmw_fastrtps_cpp: 6.2.8 (/opt/ros/humble/share/rmw_fastrtps_cpp/cmake)
[1.630s] -- Found TinyXML2 via Config file: TinyXML2_DIR-NOTFOUND
[1.630s] -- Found OpenSSL: /usr/lib/x86_64-linux-gnu/libcrypto.so (found version "3.0.2")  
[1.630s] -- Found TinyXML2 via Config file: TinyXML2_DIR-NOTFOUND
[1.630s] -- Found FastRTPS: /opt/ros/humble/include  
[1.630s] -- Found TinyXML2 via Config file: TinyXML2_DIR-NOTFOUND
[1.630s] -- Found TinyXML2 via Config file: TinyXML2_DIR-NOTFOUND
[1.630s] -- Using RMW implementation 'rmw_fastrtps_cpp' as default
[1.630s] -- Looking for pthread.h
[1.630s] -- Looking for pthread.h - found
[1.630s] -- Performing Test CMAKE_HAVE_LIBC_PTHREAD
[1.630s] -- Performing Test CMAKE_HAVE_LIBC_PTHREAD - Success
[1.631s] -- Found Threads: TRUE  
[1.631s] -- Found generate_parameter_library: 0.5.0 (/opt/ros/humble/share/generate_parameter_library/cmake)
[1.631s] -- Found parameter_traits: 0.5.0 (/opt/ros/humble/share/parameter_traits/cmake)
[1.631s] -- Found realtime_tools: 2.14.0 (/opt/ros/humble/share/realtime_tools/cmake)
[1.631s] -- Found ament_cmake_gmock: 1.3.12 (/opt/ros/humble/share/ament_cmake_gmock/cmake)
[1.631s] -- Found controller_manager: 2.52.0 (/opt/ros/humble/share/controller_manager/cmake)
[1.631s] -- Found ros2_control_test_assets: 2.52.0 (/opt/ros/humble/share/ros2_control_test_assets/cmake)
[1.631s] -- Found gmock sources under '/opt/ros/humble/src/gmock_vendor': C++ tests using 'Google Mock' will be built
[1.631s] -- Found ament_cmake_gtest: 1.3.12 (/opt/ros/humble/share/ament_cmake_gtest/cmake)
[1.631s] -- Found gtest sources under '/opt/ros/humble/src/gtest_vendor': C++ tests using 'Google Test' will be built
[1.631s] -- Found gmock sources under '/opt/ros/humble/src/gmock_vendor': C++ tests using 'Google Mock' will be built
[1.631s] -- Found ament_cmake_gtest: 1.3.12 (/opt/ros/humble/share/ament_cmake_gtest/cmake)
[1.631s] -- Found gtest sources under '/opt/ros/humble/src/gtest_vendor': C++ tests using 'Google Test' will be built
[1.631s] -- Configuring done
[1.631s] -- Generating done
[1.632s] -- Build files have been written to: /home/janaka/dev_ws/build/range_sensor_broadcaster
