[0.000000] (-) TimerEvent: {}
[0.000488] (mecanumdrive_arduino) JobQueued: {'identifier': 'mecanumdrive_arduino', 'dependencies': OrderedDict()}
[0.000547] (my_bot) JobQueued: {'identifier': 'my_bot', 'dependencies': OrderedDict()}
[0.000608] (mecanumdrive_arduino) JobStarted: {'identifier': 'mecanumdrive_arduino'}
[0.005234] (my_bot) JobStarted: {'identifier': 'my_bot'}
[0.008278] (mecanumdrive_arduino) JobProgress: {'identifier': 'mecanumdrive_arduino', 'progress': 'cmake'}
[0.008597] (mecanumdrive_arduino) JobProgress: {'identifier': 'mecanumdrive_arduino', 'progress': 'build'}
[0.009560] (mecanumdrive_arduino) Command: {'cmd': ['/usr/bin/cmake', '--build', '/home/janaka/dev_ws/build/mecanumdrive_arduino', '--', '-j16', '-l16'], 'cwd': '/home/janaka/dev_ws/build/mecanumdrive_arduino', 'env': OrderedDict([('USER', 'janaka'), ('LC_TIME', 'si_LK'), ('XDG_SESSION_TYPE', 'x11'), ('SHLVL', '1'), ('LD_LIBRARY_PATH', '/home/janaka/dev_ws/install/mecanumdrive_arduino/lib:/home/janaka/dev_ws/install/mecanum_drive_controller/lib:/usr/lib/x86_64-linux-gnu/gazebo-11/plugins:/opt/ros/humble/opt/rviz_ogre_vendor/lib:/opt/ros/humble/lib/x86_64-linux-gnu:/opt/ros/humble/lib'), ('HOME', '/home/janaka'), ('OLDPWD', '/home/janaka'), ('DESKTOP_SESSION', 'ubuntu'), ('ROS_PYTHON_VERSION', '3'), ('GNOME_SHELL_SESSION_MODE', 'ubuntu'), ('GTK_MODULES', 'gail:atk-bridge'), ('LC_MONETARY', 'si_LK'), ('SYSTEMD_EXEC_PID', '2219'), ('DBUS_SESSION_BUS_ADDRESS', 'unix:path=/run/user/1000/bus'), ('COLORTERM', 'truecolor'), ('COLCON_PREFIX_PATH', '/home/janaka/dev_ws/install:/home/janaka/ros2_ws/install'), ('ROS_DISTRO', 'humble'), ('GTK_IM_MODULE', 'ibus'), ('LOGNAME', 'janaka'), ('_', '/usr/bin/colcon'), ('ROS_VERSION', '2'), ('XDG_SESSION_CLASS', 'user'), ('USERNAME', 'janaka'), ('TERM', 'xterm-256color'), ('GNOME_DESKTOP_SESSION_ID', 'this-is-deprecated'), ('ROS_LOCALHOST_ONLY', '0'), ('WINDOWPATH', '2'), ('PATH', '/home/janaka/.local/bin:/opt/ros/humble/bin:/usr/local/sbin:/usr/local/bin:/usr/sbin:/usr/bin:/sbin:/bin:/usr/games:/usr/local/games:/snap/bin:/snap/bin:/home/janaka/.platformio/penv/bin:/home/janaka/.platformio/penv/bin'), ('SESSION_MANAGER', 'local/janaka-ros2:@/tmp/.ICE-unix/2192,unix/janaka-ros2:/tmp/.ICE-unix/2192'), ('XDG_MENU_PREFIX', 'gnome-'), ('LC_ADDRESS', 'si_LK'), ('GNOME_TERMINAL_SCREEN', '/org/gnome/Terminal/screen/96aac191_bf2e_4e27_a43c_04b07f481d71'), ('XDG_RUNTIME_DIR', '/run/user/1000'), ('DISPLAY', ':1'), ('LANG', 'en_US.UTF-8'), ('XDG_CURRENT_DESKTOP', 'ubuntu:GNOME'), ('LC_TELEPHONE', 'si_LK'), ('XMODIFIERS', '@im=ibus'), ('XDG_SESSION_DESKTOP', 'ubuntu'), ('XAUTHORITY', '/run/user/1000/gdm/Xauthority'), ('GNOME_TERMINAL_SERVICE', ':1.195'), ('SSH_AGENT_LAUNCHER', 'gnome-keyring'), ('SSH_AUTH_SOCK', '/run/user/1000/keyring/ssh'), ('AMENT_PREFIX_PATH', '/home/janaka/dev_ws/install/my_bot:/home/janaka/dev_ws/install/mecanumdrive_arduino:/home/janaka/dev_ws/install/mecanum_drive_controller:/home/janaka/ros2_ws/install/mobile_project_pkg:/opt/ros/humble'), ('SHELL', '/bin/bash'), ('LC_NAME', 'si_LK'), ('QT_ACCESSIBILITY', '1'), ('GDMSESSION', 'ubuntu'), ('LC_MEASUREMENT', 'si_LK'), ('GPG_AGENT_INFO', '/run/user/1000/gnupg/S.gpg-agent:0:1'), ('LC_IDENTIFICATION', 'si_LK'), ('QT_IM_MODULE', 'ibus'), ('PWD', '/home/janaka/dev_ws/build/mecanumdrive_arduino'), ('LC_ALL', 'en_US.UTF-8'), ('XDG_CONFIG_DIRS', '/etc/xdg/xdg-ubuntu:/etc/xdg'), ('XDG_DATA_DIRS', '/usr/share/ubuntu:/usr/share/gnome:/usr/local/share/:/usr/share/:/var/lib/snapd/desktop'), ('PYTHONPATH', '/opt/ros/humble/lib/python3.10/site-packages:/opt/ros/humble/local/lib/python3.10/dist-packages'), ('LC_NUMERIC', 'si_LK'), ('LC_PAPER', 'si_LK'), ('COLCON', '1'), ('VTE_VERSION', '6800'), ('CMAKE_PREFIX_PATH', '/home/janaka/dev_ws/install/my_bot:/home/janaka/dev_ws/install/mecanumdrive_arduino:/home/janaka/dev_ws/install/mecanum_drive_controller:/home/janaka/ros2_ws/install/mobile_project_pkg:/opt/ros/humble')]), 'shell': False}
[0.011675] (my_bot) JobProgress: {'identifier': 'my_bot', 'progress': 'cmake'}
[0.011926] (my_bot) JobProgress: {'identifier': 'my_bot', 'progress': 'build'}
[0.012105] (my_bot) Command: {'cmd': ['/usr/bin/cmake', '--build', '/home/janaka/dev_ws/build/my_bot', '--', '-j16', '-l16'], 'cwd': '/home/janaka/dev_ws/build/my_bot', 'env': OrderedDict([('USER', 'janaka'), ('LC_TIME', 'si_LK'), ('XDG_SESSION_TYPE', 'x11'), ('SHLVL', '1'), ('LD_LIBRARY_PATH', '/home/janaka/dev_ws/install/mecanumdrive_arduino/lib:/home/janaka/dev_ws/install/mecanum_drive_controller/lib:/usr/lib/x86_64-linux-gnu/gazebo-11/plugins:/opt/ros/humble/opt/rviz_ogre_vendor/lib:/opt/ros/humble/lib/x86_64-linux-gnu:/opt/ros/humble/lib'), ('HOME', '/home/janaka'), ('OLDPWD', '/home/janaka'), ('DESKTOP_SESSION', 'ubuntu'), ('ROS_PYTHON_VERSION', '3'), ('GNOME_SHELL_SESSION_MODE', 'ubuntu'), ('GTK_MODULES', 'gail:atk-bridge'), ('LC_MONETARY', 'si_LK'), ('SYSTEMD_EXEC_PID', '2219'), ('DBUS_SESSION_BUS_ADDRESS', 'unix:path=/run/user/1000/bus'), ('COLORTERM', 'truecolor'), ('COLCON_PREFIX_PATH', '/home/janaka/dev_ws/install:/home/janaka/ros2_ws/install'), ('ROS_DISTRO', 'humble'), ('GTK_IM_MODULE', 'ibus'), ('LOGNAME', 'janaka'), ('_', '/usr/bin/colcon'), ('ROS_VERSION', '2'), ('XDG_SESSION_CLASS', 'user'), ('USERNAME', 'janaka'), ('TERM', 'xterm-256color'), ('GNOME_DESKTOP_SESSION_ID', 'this-is-deprecated'), ('ROS_LOCALHOST_ONLY', '0'), ('WINDOWPATH', '2'), ('PATH', '/home/janaka/.local/bin:/opt/ros/humble/bin:/usr/local/sbin:/usr/local/bin:/usr/sbin:/usr/bin:/sbin:/bin:/usr/games:/usr/local/games:/snap/bin:/snap/bin:/home/janaka/.platformio/penv/bin:/home/janaka/.platformio/penv/bin'), ('SESSION_MANAGER', 'local/janaka-ros2:@/tmp/.ICE-unix/2192,unix/janaka-ros2:/tmp/.ICE-unix/2192'), ('XDG_MENU_PREFIX', 'gnome-'), ('LC_ADDRESS', 'si_LK'), ('GNOME_TERMINAL_SCREEN', '/org/gnome/Terminal/screen/96aac191_bf2e_4e27_a43c_04b07f481d71'), ('XDG_RUNTIME_DIR', '/run/user/1000'), ('DISPLAY', ':1'), ('LANG', 'en_US.UTF-8'), ('XDG_CURRENT_DESKTOP', 'ubuntu:GNOME'), ('LC_TELEPHONE', 'si_LK'), ('XMODIFIERS', '@im=ibus'), ('XDG_SESSION_DESKTOP', 'ubuntu'), ('XAUTHORITY', '/run/user/1000/gdm/Xauthority'), ('GNOME_TERMINAL_SERVICE', ':1.195'), ('SSH_AGENT_LAUNCHER', 'gnome-keyring'), ('SSH_AUTH_SOCK', '/run/user/1000/keyring/ssh'), ('AMENT_PREFIX_PATH', '/home/janaka/dev_ws/install/my_bot:/home/janaka/dev_ws/install/mecanumdrive_arduino:/home/janaka/dev_ws/install/mecanum_drive_controller:/home/janaka/ros2_ws/install/mobile_project_pkg:/opt/ros/humble'), ('SHELL', '/bin/bash'), ('LC_NAME', 'si_LK'), ('QT_ACCESSIBILITY', '1'), ('GDMSESSION', 'ubuntu'), ('LC_MEASUREMENT', 'si_LK'), ('GPG_AGENT_INFO', '/run/user/1000/gnupg/S.gpg-agent:0:1'), ('LC_IDENTIFICATION', 'si_LK'), ('QT_IM_MODULE', 'ibus'), ('PWD', '/home/janaka/dev_ws/build/my_bot'), ('LC_ALL', 'en_US.UTF-8'), ('XDG_CONFIG_DIRS', '/etc/xdg/xdg-ubuntu:/etc/xdg'), ('XDG_DATA_DIRS', '/usr/share/ubuntu:/usr/share/gnome:/usr/local/share/:/usr/share/:/var/lib/snapd/desktop'), ('PYTHONPATH', '/opt/ros/humble/lib/python3.10/site-packages:/opt/ros/humble/local/lib/python3.10/dist-packages'), ('LC_NUMERIC', 'si_LK'), ('LC_PAPER', 'si_LK'), ('COLCON', '1'), ('VTE_VERSION', '6800'), ('CMAKE_PREFIX_PATH', '/home/janaka/dev_ws/install/my_bot:/home/janaka/dev_ws/install/mecanumdrive_arduino:/home/janaka/dev_ws/install/mecanum_drive_controller:/home/janaka/ros2_ws/install/mobile_project_pkg:/opt/ros/humble')]), 'shell': False}
[0.042456] (my_bot) CommandEnded: {'returncode': 0}
[0.043262] (my_bot) JobProgress: {'identifier': 'my_bot', 'progress': 'install'}
[0.049321] (my_bot) Command: {'cmd': ['/usr/bin/cmake', '--install', '/home/janaka/dev_ws/build/my_bot'], 'cwd': '/home/janaka/dev_ws/build/my_bot', 'env': OrderedDict([('USER', 'janaka'), ('LC_TIME', 'si_LK'), ('XDG_SESSION_TYPE', 'x11'), ('SHLVL', '1'), ('LD_LIBRARY_PATH', '/home/janaka/dev_ws/install/mecanumdrive_arduino/lib:/home/janaka/dev_ws/install/mecanum_drive_controller/lib:/usr/lib/x86_64-linux-gnu/gazebo-11/plugins:/opt/ros/humble/opt/rviz_ogre_vendor/lib:/opt/ros/humble/lib/x86_64-linux-gnu:/opt/ros/humble/lib'), ('HOME', '/home/janaka'), ('OLDPWD', '/home/janaka'), ('DESKTOP_SESSION', 'ubuntu'), ('ROS_PYTHON_VERSION', '3'), ('GNOME_SHELL_SESSION_MODE', 'ubuntu'), ('GTK_MODULES', 'gail:atk-bridge'), ('LC_MONETARY', 'si_LK'), ('SYSTEMD_EXEC_PID', '2219'), ('DBUS_SESSION_BUS_ADDRESS', 'unix:path=/run/user/1000/bus'), ('COLORTERM', 'truecolor'), ('COLCON_PREFIX_PATH', '/home/janaka/dev_ws/install:/home/janaka/ros2_ws/install'), ('ROS_DISTRO', 'humble'), ('GTK_IM_MODULE', 'ibus'), ('LOGNAME', 'janaka'), ('_', '/usr/bin/colcon'), ('ROS_VERSION', '2'), ('XDG_SESSION_CLASS', 'user'), ('USERNAME', 'janaka'), ('TERM', 'xterm-256color'), ('GNOME_DESKTOP_SESSION_ID', 'this-is-deprecated'), ('ROS_LOCALHOST_ONLY', '0'), ('WINDOWPATH', '2'), ('PATH', '/home/janaka/.local/bin:/opt/ros/humble/bin:/usr/local/sbin:/usr/local/bin:/usr/sbin:/usr/bin:/sbin:/bin:/usr/games:/usr/local/games:/snap/bin:/snap/bin:/home/janaka/.platformio/penv/bin:/home/janaka/.platformio/penv/bin'), ('SESSION_MANAGER', 'local/janaka-ros2:@/tmp/.ICE-unix/2192,unix/janaka-ros2:/tmp/.ICE-unix/2192'), ('XDG_MENU_PREFIX', 'gnome-'), ('LC_ADDRESS', 'si_LK'), ('GNOME_TERMINAL_SCREEN', '/org/gnome/Terminal/screen/96aac191_bf2e_4e27_a43c_04b07f481d71'), ('XDG_RUNTIME_DIR', '/run/user/1000'), ('DISPLAY', ':1'), ('LANG', 'en_US.UTF-8'), ('XDG_CURRENT_DESKTOP', 'ubuntu:GNOME'), ('LC_TELEPHONE', 'si_LK'), ('XMODIFIERS', '@im=ibus'), ('XDG_SESSION_DESKTOP', 'ubuntu'), ('XAUTHORITY', '/run/user/1000/gdm/Xauthority'), ('GNOME_TERMINAL_SERVICE', ':1.195'), ('SSH_AGENT_LAUNCHER', 'gnome-keyring'), ('SSH_AUTH_SOCK', '/run/user/1000/keyring/ssh'), ('AMENT_PREFIX_PATH', '/home/janaka/dev_ws/install/my_bot:/home/janaka/dev_ws/install/mecanumdrive_arduino:/home/janaka/dev_ws/install/mecanum_drive_controller:/home/janaka/ros2_ws/install/mobile_project_pkg:/opt/ros/humble'), ('SHELL', '/bin/bash'), ('LC_NAME', 'si_LK'), ('QT_ACCESSIBILITY', '1'), ('GDMSESSION', 'ubuntu'), ('LC_MEASUREMENT', 'si_LK'), ('GPG_AGENT_INFO', '/run/user/1000/gnupg/S.gpg-agent:0:1'), ('LC_IDENTIFICATION', 'si_LK'), ('QT_IM_MODULE', 'ibus'), ('PWD', '/home/janaka/dev_ws/build/my_bot'), ('LC_ALL', 'en_US.UTF-8'), ('XDG_CONFIG_DIRS', '/etc/xdg/xdg-ubuntu:/etc/xdg'), ('XDG_DATA_DIRS', '/usr/share/ubuntu:/usr/share/gnome:/usr/local/share/:/usr/share/:/var/lib/snapd/desktop'), ('PYTHONPATH', '/opt/ros/humble/lib/python3.10/site-packages:/opt/ros/humble/local/lib/python3.10/dist-packages'), ('LC_NUMERIC', 'si_LK'), ('LC_PAPER', 'si_LK'), ('COLCON', '1'), ('VTE_VERSION', '6800'), ('CMAKE_PREFIX_PATH', '/home/janaka/dev_ws/install/my_bot:/home/janaka/dev_ws/install/mecanumdrive_arduino:/home/janaka/dev_ws/install/mecanum_drive_controller:/home/janaka/ros2_ws/install/mobile_project_pkg:/opt/ros/humble')]), 'shell': False}
[0.054123] (my_bot) StdoutLine: {'line': b'-- Install configuration: ""\n'}
[0.054302] (mecanumdrive_arduino) StdoutLine: {'line': b'[100%] Built target mecanumdrive_arduino\n'}
[0.054438] (my_bot) StdoutLine: {'line': b'-- Execute custom install script\n'}
[0.054626] (my_bot) StdoutLine: {'line': b'-- Up-to-date symlink: /home/janaka/dev_ws/install/my_bot/share/my_bot/config/empty.yaml\n'}
[0.054740] (my_bot) StdoutLine: {'line': b'-- Up-to-date symlink: /home/janaka/dev_ws/install/my_bot/share/my_bot/config/mapper_params_online_async.yaml\n'}
[0.054941] (my_bot) StdoutLine: {'line': b'-- Up-to-date symlink: /home/janaka/dev_ws/install/my_bot/share/my_bot/config/my_controllers.yaml\n'}
[0.055286] (my_bot) StdoutLine: {'line': b'-- Up-to-date symlink: /home/janaka/dev_ws/install/my_bot/share/my_bot/description/gazebo_control.xacro\n'}
[0.055419] (my_bot) StdoutLine: {'line': b'-- Up-to-date symlink: /home/janaka/dev_ws/install/my_bot/share/my_bot/description/inertial_macros.xacro\n'}
[0.055526] (my_bot) StdoutLine: {'line': b'-- Up-to-date symlink: /home/janaka/dev_ws/install/my_bot/share/my_bot/description/lidar.xacro\n'}
[0.055644] (my_bot) StdoutLine: {'line': b'-- Up-to-date symlink: /home/janaka/dev_ws/install/my_bot/share/my_bot/description/robot.urdf.xacro\n'}
[0.055770] (my_bot) StdoutLine: {'line': b'-- Up-to-date symlink: /home/janaka/dev_ws/install/my_bot/share/my_bot/description/robot_core.xacro\n'}
[0.055885] (my_bot) StdoutLine: {'line': b'-- Up-to-date symlink: /home/janaka/dev_ws/install/my_bot/share/my_bot/description/ros2_control.xacro\n'}
[0.056050] (my_bot) StdoutLine: {'line': b'-- Up-to-date symlink: /home/janaka/dev_ws/install/my_bot/share/my_bot/launch/launch_robot.launch.py\n'}
[0.056107] (my_bot) StdoutLine: {'line': b'-- Up-to-date symlink: /home/janaka/dev_ws/install/my_bot/share/my_bot/launch/launch_sim.launch.py\n'}
[0.056163] (my_bot) StdoutLine: {'line': b'-- Up-to-date symlink: /home/janaka/dev_ws/install/my_bot/share/my_bot/launch/rsp.launch.py\n'}
[0.056269] (my_bot) StdoutLine: {'line': b'-- Up-to-date symlink: /home/janaka/dev_ws/install/my_bot/share/my_bot/worlds/empty.world\n'}
[0.056373] (my_bot) StdoutLine: {'line': b'-- Up-to-date symlink: /home/janaka/dev_ws/install/my_bot/share/ament_index/resource_index/package_run_dependencies/my_bot\n'}
[0.056465] (my_bot) StdoutLine: {'line': b'-- Up-to-date symlink: /home/janaka/dev_ws/install/my_bot/share/ament_index/resource_index/parent_prefix_path/my_bot\n'}
[0.056551] (my_bot) StdoutLine: {'line': b'-- Up-to-date symlink: /home/janaka/dev_ws/install/my_bot/share/my_bot/environment/ament_prefix_path.sh\n'}
[0.056627] (my_bot) StdoutLine: {'line': b'-- Up-to-date symlink: /home/janaka/dev_ws/install/my_bot/share/my_bot/environment/ament_prefix_path.dsv\n'}
[0.056715] (my_bot) StdoutLine: {'line': b'-- Up-to-date symlink: /home/janaka/dev_ws/install/my_bot/share/my_bot/environment/path.sh\n'}
[0.056801] (my_bot) StdoutLine: {'line': b'-- Up-to-date symlink: /home/janaka/dev_ws/install/my_bot/share/my_bot/environment/path.dsv\n'}
[0.056877] (my_bot) StdoutLine: {'line': b'-- Up-to-date symlink: /home/janaka/dev_ws/install/my_bot/share/my_bot/local_setup.bash\n'}
[0.056950] (my_bot) StdoutLine: {'line': b'-- Up-to-date symlink: /home/janaka/dev_ws/install/my_bot/share/my_bot/local_setup.sh\n'}
[0.057022] (my_bot) StdoutLine: {'line': b'-- Up-to-date symlink: /home/janaka/dev_ws/install/my_bot/share/my_bot/local_setup.zsh\n'}
[0.057093] (my_bot) StdoutLine: {'line': b'-- Up-to-date symlink: /home/janaka/dev_ws/install/my_bot/share/my_bot/local_setup.dsv\n'}
[0.057141] (my_bot) StdoutLine: {'line': b'-- Symlinking: /home/janaka/dev_ws/install/my_bot/share/my_bot/package.dsv\n'}
[0.063478] (mecanumdrive_arduino) CommandEnded: {'returncode': 0}
[0.064031] (my_bot) StdoutLine: {'line': b'-- Up-to-date symlink: /home/janaka/dev_ws/install/my_bot/share/ament_index/resource_index/packages/my_bot\n'}
[0.064175] (my_bot) StdoutLine: {'line': b'-- Up-to-date symlink: /home/janaka/dev_ws/install/my_bot/share/my_bot/cmake/my_botConfig.cmake\n'}
[0.064241] (my_bot) StdoutLine: {'line': b'-- Up-to-date symlink: /home/janaka/dev_ws/install/my_bot/share/my_bot/cmake/my_botConfig-version.cmake\n'}
[0.064301] (my_bot) StdoutLine: {'line': b'-- Up-to-date symlink: /home/janaka/dev_ws/install/my_bot/share/my_bot/package.xml\n'}
[0.064480] (mecanumdrive_arduino) JobProgress: {'identifier': 'mecanumdrive_arduino', 'progress': 'install'}
[0.064884] (mecanumdrive_arduino) Command: {'cmd': ['/usr/bin/cmake', '--install', '/home/janaka/dev_ws/build/mecanumdrive_arduino'], 'cwd': '/home/janaka/dev_ws/build/mecanumdrive_arduino', 'env': OrderedDict([('USER', 'janaka'), ('LC_TIME', 'si_LK'), ('XDG_SESSION_TYPE', 'x11'), ('SHLVL', '1'), ('LD_LIBRARY_PATH', '/home/janaka/dev_ws/install/mecanumdrive_arduino/lib:/home/janaka/dev_ws/install/mecanum_drive_controller/lib:/usr/lib/x86_64-linux-gnu/gazebo-11/plugins:/opt/ros/humble/opt/rviz_ogre_vendor/lib:/opt/ros/humble/lib/x86_64-linux-gnu:/opt/ros/humble/lib'), ('HOME', '/home/janaka'), ('OLDPWD', '/home/janaka'), ('DESKTOP_SESSION', 'ubuntu'), ('ROS_PYTHON_VERSION', '3'), ('GNOME_SHELL_SESSION_MODE', 'ubuntu'), ('GTK_MODULES', 'gail:atk-bridge'), ('LC_MONETARY', 'si_LK'), ('SYSTEMD_EXEC_PID', '2219'), ('DBUS_SESSION_BUS_ADDRESS', 'unix:path=/run/user/1000/bus'), ('COLORTERM', 'truecolor'), ('COLCON_PREFIX_PATH', '/home/janaka/dev_ws/install:/home/janaka/ros2_ws/install'), ('ROS_DISTRO', 'humble'), ('GTK_IM_MODULE', 'ibus'), ('LOGNAME', 'janaka'), ('_', '/usr/bin/colcon'), ('ROS_VERSION', '2'), ('XDG_SESSION_CLASS', 'user'), ('USERNAME', 'janaka'), ('TERM', 'xterm-256color'), ('GNOME_DESKTOP_SESSION_ID', 'this-is-deprecated'), ('ROS_LOCALHOST_ONLY', '0'), ('WINDOWPATH', '2'), ('PATH', '/home/janaka/.local/bin:/opt/ros/humble/bin:/usr/local/sbin:/usr/local/bin:/usr/sbin:/usr/bin:/sbin:/bin:/usr/games:/usr/local/games:/snap/bin:/snap/bin:/home/janaka/.platformio/penv/bin:/home/janaka/.platformio/penv/bin'), ('SESSION_MANAGER', 'local/janaka-ros2:@/tmp/.ICE-unix/2192,unix/janaka-ros2:/tmp/.ICE-unix/2192'), ('XDG_MENU_PREFIX', 'gnome-'), ('LC_ADDRESS', 'si_LK'), ('GNOME_TERMINAL_SCREEN', '/org/gnome/Terminal/screen/96aac191_bf2e_4e27_a43c_04b07f481d71'), ('XDG_RUNTIME_DIR', '/run/user/1000'), ('DISPLAY', ':1'), ('LANG', 'en_US.UTF-8'), ('XDG_CURRENT_DESKTOP', 'ubuntu:GNOME'), ('LC_TELEPHONE', 'si_LK'), ('XMODIFIERS', '@im=ibus'), ('XDG_SESSION_DESKTOP', 'ubuntu'), ('XAUTHORITY', '/run/user/1000/gdm/Xauthority'), ('GNOME_TERMINAL_SERVICE', ':1.195'), ('SSH_AGENT_LAUNCHER', 'gnome-keyring'), ('SSH_AUTH_SOCK', '/run/user/1000/keyring/ssh'), ('AMENT_PREFIX_PATH', '/home/janaka/dev_ws/install/my_bot:/home/janaka/dev_ws/install/mecanumdrive_arduino:/home/janaka/dev_ws/install/mecanum_drive_controller:/home/janaka/ros2_ws/install/mobile_project_pkg:/opt/ros/humble'), ('SHELL', '/bin/bash'), ('LC_NAME', 'si_LK'), ('QT_ACCESSIBILITY', '1'), ('GDMSESSION', 'ubuntu'), ('LC_MEASUREMENT', 'si_LK'), ('GPG_AGENT_INFO', '/run/user/1000/gnupg/S.gpg-agent:0:1'), ('LC_IDENTIFICATION', 'si_LK'), ('QT_IM_MODULE', 'ibus'), ('PWD', '/home/janaka/dev_ws/build/mecanumdrive_arduino'), ('LC_ALL', 'en_US.UTF-8'), ('XDG_CONFIG_DIRS', '/etc/xdg/xdg-ubuntu:/etc/xdg'), ('XDG_DATA_DIRS', '/usr/share/ubuntu:/usr/share/gnome:/usr/local/share/:/usr/share/:/var/lib/snapd/desktop'), ('PYTHONPATH', '/opt/ros/humble/lib/python3.10/site-packages:/opt/ros/humble/local/lib/python3.10/dist-packages'), ('LC_NUMERIC', 'si_LK'), ('LC_PAPER', 'si_LK'), ('COLCON', '1'), ('VTE_VERSION', '6800'), ('CMAKE_PREFIX_PATH', '/home/janaka/dev_ws/install/my_bot:/home/janaka/dev_ws/install/mecanumdrive_arduino:/home/janaka/dev_ws/install/mecanum_drive_controller:/home/janaka/ros2_ws/install/mobile_project_pkg:/opt/ros/humble')]), 'shell': False}
[0.066166] (my_bot) CommandEnded: {'returncode': 0}
[0.071464] (mecanumdrive_arduino) StdoutLine: {'line': b'-- Install configuration: ""\n'}
[0.071648] (mecanumdrive_arduino) StdoutLine: {'line': b'-- Execute custom install script\n'}
[0.071992] (mecanumdrive_arduino) StdoutLine: {'line': b'-- Up-to-date symlink: /home/janaka/dev_ws/install/mecanumdrive_arduino/share/mecanumdrive_arduino//mecanumdrive_arduino.xml\n'}
[0.072116] (mecanumdrive_arduino) StdoutLine: {'line': b'-- Up-to-date symlink: /home/janaka/dev_ws/install/mecanumdrive_arduino/include/mecanumdrive_arduino/mecanumdrive_arduino/arduino_comms.hpp\n'}
[0.072284] (mecanumdrive_arduino) StdoutLine: {'line': b'-- Up-to-date symlink: /home/janaka/dev_ws/install/mecanumdrive_arduino/include/mecanumdrive_arduino/mecanumdrive_arduino/diffbot_system.hpp\n'}
[0.072342] (mecanumdrive_arduino) StdoutLine: {'line': b'-- Up-to-date symlink: /home/janaka/dev_ws/install/mecanumdrive_arduino/include/mecanumdrive_arduino/mecanumdrive_arduino/visibility_control.h\n'}
[0.072397] (mecanumdrive_arduino) StdoutLine: {'line': b'-- Up-to-date symlink: /home/janaka/dev_ws/install/mecanumdrive_arduino/include/mecanumdrive_arduino/mecanumdrive_arduino/wheel.hpp\n'}
[0.072475] (mecanumdrive_arduino) StdoutLine: {'line': b'-- Up-to-date symlink: /home/janaka/dev_ws/install/mecanumdrive_arduino/share/mecanumdrive_arduino/launch/view_robot.launch.py\n'}
[0.072601] (mecanumdrive_arduino) StdoutLine: {'line': b'-- Up-to-date symlink: /home/janaka/dev_ws/install/mecanumdrive_arduino/share/mecanumdrive_arduino/ros2_control/diffbot.ros2_control.xacro\n'}
[0.072657] (mecanumdrive_arduino) StdoutLine: {'line': b'-- Up-to-date symlink: /home/janaka/dev_ws/install/mecanumdrive_arduino/share/mecanumdrive_arduino/urdf/diffbot.materials.xacro\n'}
[0.072740] (mecanumdrive_arduino) StdoutLine: {'line': b'-- Up-to-date symlink: /home/janaka/dev_ws/install/mecanumdrive_arduino/share/mecanumdrive_arduino/urdf/diffbot.urdf.xacro\n'}
[0.072767] (mecanumdrive_arduino) StdoutLine: {'line': b'-- Up-to-date symlink: /home/janaka/dev_ws/install/mecanumdrive_arduino/share/mecanumdrive_arduino/urdf/diffbot_description.urdf.xacro\n'}
[0.072791] (mecanumdrive_arduino) StdoutLine: {'line': b'-- Up-to-date symlink: /home/janaka/dev_ws/install/mecanumdrive_arduino/share/mecanumdrive_arduino/rviz/diffbot.rviz\n'}
[0.072815] (mecanumdrive_arduino) StdoutLine: {'line': b'-- Up-to-date symlink: /home/janaka/dev_ws/install/mecanumdrive_arduino/share/mecanumdrive_arduino/rviz/diffbot_view.rviz\n'}
[0.072854] (mecanumdrive_arduino) StdoutLine: {'line': b'-- Up-to-date symlink: /home/janaka/dev_ws/install/mecanumdrive_arduino/share/mecanumdrive_arduino/launch/diffbot.launch.py\n'}
[0.073058] (mecanumdrive_arduino) StdoutLine: {'line': b'-- Up-to-date symlink: /home/janaka/dev_ws/install/mecanumdrive_arduino/share/mecanumdrive_arduino/config/diffbot_controllers.yaml\n'}
[0.073085] (mecanumdrive_arduino) StdoutLine: {'line': b'-- Up-to-date symlink: /home/janaka/dev_ws/install/mecanumdrive_arduino/share/mecanumdrive_arduino/environment/library_path.sh\n'}
[0.073121] (mecanumdrive_arduino) StdoutLine: {'line': b'-- Up-to-date symlink: /home/janaka/dev_ws/install/mecanumdrive_arduino/share/mecanumdrive_arduino/environment/library_path.dsv\n'}
[0.073330] (mecanumdrive_arduino) StdoutLine: {'line': b'-- Up-to-date symlink: /home/janaka/dev_ws/install/mecanumdrive_arduino/share/ament_index/resource_index/package_run_dependencies/mecanumdrive_arduino\n'}
[0.073368] (mecanumdrive_arduino) StdoutLine: {'line': b'-- Up-to-date symlink: /home/janaka/dev_ws/install/mecanumdrive_arduino/share/ament_index/resource_index/parent_prefix_path/mecanumdrive_arduino\n'}
[0.073392] (mecanumdrive_arduino) StdoutLine: {'line': b'-- Up-to-date symlink: /home/janaka/dev_ws/install/mecanumdrive_arduino/share/mecanumdrive_arduino/environment/ament_prefix_path.sh\n'}
[0.073431] (mecanumdrive_arduino) StdoutLine: {'line': b'-- Up-to-date symlink: /home/janaka/dev_ws/install/mecanumdrive_arduino/share/mecanumdrive_arduino/environment/ament_prefix_path.dsv\n'}
[0.073526] (mecanumdrive_arduino) StdoutLine: {'line': b'-- Up-to-date symlink: /home/janaka/dev_ws/install/mecanumdrive_arduino/share/mecanumdrive_arduino/environment/path.sh\n'}
[0.073614] (mecanumdrive_arduino) StdoutLine: {'line': b'-- Up-to-date symlink: /home/janaka/dev_ws/install/mecanumdrive_arduino/share/mecanumdrive_arduino/environment/path.dsv\n'}
[0.073677] (mecanumdrive_arduino) StdoutLine: {'line': b'-- Up-to-date symlink: /home/janaka/dev_ws/install/mecanumdrive_arduino/share/mecanumdrive_arduino/local_setup.bash\n'}
[0.073776] (mecanumdrive_arduino) StdoutLine: {'line': b'-- Up-to-date symlink: /home/janaka/dev_ws/install/mecanumdrive_arduino/share/mecanumdrive_arduino/local_setup.sh\n'}
[0.073832] (mecanumdrive_arduino) StdoutLine: {'line': b'-- Up-to-date symlink: /home/janaka/dev_ws/install/mecanumdrive_arduino/share/mecanumdrive_arduino/local_setup.zsh\n'}
[0.073897] (mecanumdrive_arduino) StdoutLine: {'line': b'-- Up-to-date symlink: /home/janaka/dev_ws/install/mecanumdrive_arduino/share/mecanumdrive_arduino/local_setup.dsv\n'}
[0.073964] (mecanumdrive_arduino) StdoutLine: {'line': b'-- Symlinking: /home/janaka/dev_ws/install/mecanumdrive_arduino/share/mecanumdrive_arduino/package.dsv\n'}
[0.076347] (my_bot) JobEnded: {'identifier': 'my_bot', 'rc': 0}
[0.080484] (mecanumdrive_arduino) StdoutLine: {'line': b'-- Up-to-date symlink: /home/janaka/dev_ws/install/mecanumdrive_arduino/share/ament_index/resource_index/packages/mecanumdrive_arduino\n'}
[0.080668] (mecanumdrive_arduino) StdoutLine: {'line': b'-- Up-to-date symlink: /home/janaka/dev_ws/install/mecanumdrive_arduino/share/ament_index/resource_index/hardware_interface__pluginlib__plugin/mecanumdrive_arduino\n'}
[0.080853] (mecanumdrive_arduino) StdoutLine: {'line': b'-- Up-to-date symlink: /home/janaka/dev_ws/install/mecanumdrive_arduino/share/mecanumdrive_arduino/cmake/ament_cmake_export_targets-extras.cmake\n'}
[0.081015] (mecanumdrive_arduino) StdoutLine: {'line': b'-- Up-to-date symlink: /home/janaka/dev_ws/install/mecanumdrive_arduino/share/mecanumdrive_arduino/cmake/ament_cmake_export_dependencies-extras.cmake\n'}
[0.081127] (mecanumdrive_arduino) StdoutLine: {'line': b'-- Up-to-date symlink: /home/janaka/dev_ws/install/mecanumdrive_arduino/share/mecanumdrive_arduino/cmake/mecanumdrive_arduinoConfig.cmake\n'}
[0.081190] (mecanumdrive_arduino) StdoutLine: {'line': b'-- Up-to-date symlink: /home/janaka/dev_ws/install/mecanumdrive_arduino/share/mecanumdrive_arduino/cmake/mecanumdrive_arduinoConfig-version.cmake\n'}
[0.081259] (mecanumdrive_arduino) StdoutLine: {'line': b'-- Up-to-date symlink: /home/janaka/dev_ws/install/mecanumdrive_arduino/share/mecanumdrive_arduino/package.xml\n'}
[0.081389] (mecanumdrive_arduino) StdoutLine: {'line': b'-- Up-to-date: /home/janaka/dev_ws/install/mecanumdrive_arduino/lib/libmecanumdrive_arduino.so\n'}
[0.081523] (mecanumdrive_arduino) StdoutLine: {'line': b'-- Up-to-date: /home/janaka/dev_ws/install/mecanumdrive_arduino/share/mecanumdrive_arduino/cmake/export_mecanumdrive_arduinoExport.cmake\n'}
[0.081593] (mecanumdrive_arduino) StdoutLine: {'line': b'-- Up-to-date: /home/janaka/dev_ws/install/mecanumdrive_arduino/share/mecanumdrive_arduino/cmake/export_mecanumdrive_arduinoExport-noconfig.cmake\n'}
[0.082986] (mecanumdrive_arduino) CommandEnded: {'returncode': 0}
[0.094385] (mecanumdrive_arduino) JobEnded: {'identifier': 'mecanumdrive_arduino', 'rc': 0}
[0.094957] (-) EventReactorShutdown: {}
