[0.007s] Invoking command in '/home/janaka/dev_ws/build/my_bot': CMAKE_PREFIX_PATH=${CMAKE_PREFIX_PATH}:/opt/ros/humble /usr/bin/cmake --build /home/janaka/dev_ws/build/my_bot -- -j16 -l16
[0.038s] Invoked command in '/home/janaka/dev_ws/build/my_bot' returned '0': CMAKE_PREFIX_PATH=${CMAKE_PREFIX_PATH}:/opt/ros/humble /usr/bin/cmake --build /home/janaka/dev_ws/build/my_bot -- -j16 -l16
[0.046s] Invoking command in '/home/janaka/dev_ws/build/my_bot': CMAKE_PREFIX_PATH=${CMAKE_PREFIX_PATH}:/opt/ros/humble /usr/bin/cmake --install /home/janaka/dev_ws/build/my_bot
[0.051s] -- Install configuration: ""
[0.051s] -- Up-to-date: /home/janaka/dev_ws/install/my_bot/share/my_bot/config
[0.051s] -- Up-to-date: /home/janaka/dev_ws/install/my_bot/share/my_bot/config/my_controllers.yaml
[0.051s] -- Up-to-date: /home/janaka/dev_ws/install/my_bot/share/my_bot/config/empty.yaml
[0.051s] -- Up-to-date: /home/janaka/dev_ws/install/my_bot/share/my_bot/description
[0.051s] -- Up-to-date: /home/janaka/dev_ws/install/my_bot/share/my_bot/description/gazebo_control.xacro
[0.051s] -- Installing: /home/janaka/dev_ws/install/my_bot/share/my_bot/description/robot_core.xacro
[0.051s] -- Up-to-date: /home/janaka/dev_ws/install/my_bot/share/my_bot/description/ros2_control.xacro
[0.051s] -- Up-to-date: /home/janaka/dev_ws/install/my_bot/share/my_bot/description/inertial_macros.xacro
[0.051s] -- Up-to-date: /home/janaka/dev_ws/install/my_bot/share/my_bot/description/robot.urdf.xacro
[0.052s] -- Up-to-date: /home/janaka/dev_ws/install/my_bot/share/my_bot/description/lidar.xacro
[0.052s] -- Up-to-date: /home/janaka/dev_ws/install/my_bot/share/my_bot/launch
[0.052s] -- Up-to-date: /home/janaka/dev_ws/install/my_bot/share/my_bot/launch/robot_launch_with_control.py
[0.052s] -- Up-to-date: /home/janaka/dev_ws/install/my_bot/share/my_bot/launch/rsp.launch.py
[0.052s] -- Up-to-date: /home/janaka/dev_ws/install/my_bot/share/my_bot/launch/launch_sim.launch.py
[0.052s] -- Up-to-date: /home/janaka/dev_ws/install/my_bot/share/my_bot/worlds
[0.052s] -- Up-to-date: /home/janaka/dev_ws/install/my_bot/share/my_bot/worlds/empty.world
[0.052s] -- Up-to-date: /home/janaka/dev_ws/install/my_bot/share/ament_index/resource_index/package_run_dependencies/my_bot
[0.052s] -- Up-to-date: /home/janaka/dev_ws/install/my_bot/share/ament_index/resource_index/parent_prefix_path/my_bot
[0.052s] -- Up-to-date: /home/janaka/dev_ws/install/my_bot/share/my_bot/environment/ament_prefix_path.sh
[0.052s] -- Up-to-date: /home/janaka/dev_ws/install/my_bot/share/my_bot/environment/ament_prefix_path.dsv
[0.052s] -- Up-to-date: /home/janaka/dev_ws/install/my_bot/share/my_bot/environment/path.sh
[0.052s] -- Up-to-date: /home/janaka/dev_ws/install/my_bot/share/my_bot/environment/path.dsv
[0.052s] -- Up-to-date: /home/janaka/dev_ws/install/my_bot/share/my_bot/local_setup.bash
[0.052s] -- Up-to-date: /home/janaka/dev_ws/install/my_bot/share/my_bot/local_setup.sh
[0.052s] -- Up-to-date: /home/janaka/dev_ws/install/my_bot/share/my_bot/local_setup.zsh
[0.052s] -- Up-to-date: /home/janaka/dev_ws/install/my_bot/share/my_bot/local_setup.dsv
[0.052s] -- Installing: /home/janaka/dev_ws/install/my_bot/share/my_bot/package.dsv
[0.053s] -- Up-to-date: /home/janaka/dev_ws/install/my_bot/share/ament_index/resource_index/packages/my_bot
[0.053s] -- Up-to-date: /home/janaka/dev_ws/install/my_bot/share/my_bot/cmake/my_botConfig.cmake
[0.053s] -- Up-to-date: /home/janaka/dev_ws/install/my_bot/share/my_bot/cmake/my_botConfig-version.cmake
[0.053s] -- Up-to-date: /home/janaka/dev_ws/install/my_bot/share/my_bot/package.xml
[0.053s] Invoked command in '/home/janaka/dev_ws/build/my_bot' returned '0': CMAKE_PREFIX_PATH=${CMAKE_PREFIX_PATH}:/opt/ros/humble /usr/bin/cmake --install /home/janaka/dev_ws/build/my_bot
