[0.044s] Invoking command in '/home/janaka/dev_ws/build/diff_drive_controller': CMAKE_PREFIX_PATH=${CMAKE_PREFIX_PATH}:/opt/ros/humble /usr/bin/cmake /home/janaka/dev_ws/src/ros2_controllers/diff_drive_controller -DAMENT_CMAKE_SYMLINK_INSTALL=1 -DCMAKE_INSTALL_PREFIX=/home/janaka/dev_ws/install/diff_drive_controller
[0.333s] -- The CXX compiler identification is GNU 11.4.0
[0.333s] -- Detecting CXX compiler ABI info
[0.333s] -- Detecting CXX compiler ABI info - done
[0.333s] -- Check for working CXX compiler: /usr/bin/c++ - skipped
[0.333s] -- Detecting CXX compile features
[0.333s] -- Detecting CXX compile features - done
[0.333s] -- Found ament_cmake: 1.3.12 (/opt/ros/humble/share/ament_cmake/cmake)
[0.362s] -- Found Python3: /usr/bin/python3 (found version "3.10.12") found components: Interpreter 
[0.436s] -- Override CMake install command with custom implementation using symlinks instead of copying resources
[0.472s] -- Found controller_interface: 2.52.0 (/opt/ros/humble/share/controller_interface/cmake)
[0.520s] -- Found rosidl_generator_c: 3.1.7 (/opt/ros/humble/share/rosidl_generator_c/cmake)
[0.520s] -- Found rosidl_adapter: 3.1.7 (/opt/ros/humble/share/rosidl_adapter/cmake)
[0.530s] -- Found rosidl_generator_cpp: 3.1.7 (/opt/ros/humble/share/rosidl_generator_cpp/cmake)
[0.546s] -- Using all available rosidl_typesupport_c: rosidl_typesupport_fastrtps_c;rosidl_typesupport_introspection_c
[0.566s] -- Using all available rosidl_typesupport_cpp: rosidl_typesupport_fastrtps_cpp;rosidl_typesupport_introspection_cpp
[0.784s] -- Found rmw_implementation_cmake: 6.1.2 (/opt/ros/humble/share/rmw_implementation_cmake/cmake)
[0.784s] -- Found rmw_fastrtps_cpp: 6.2.8 (/opt/ros/humble/share/rmw_fastrtps_cpp/cmake)
[0.807s] -- Found TinyXML2 via Config file: TinyXML2_DIR-NOTFOUND
[0.864s] -- Found OpenSSL: /usr/lib/x86_64-linux-gnu/libcrypto.so (found version "3.0.2")  
[0.865s] -- Found TinyXML2 via Config file: TinyXML2_DIR-NOTFOUND
[0.885s] -- Found FastRTPS: /opt/ros/humble/include  
[0.888s] -- Found TinyXML2 via Config file: TinyXML2_DIR-NOTFOUND
[0.896s] -- Found TinyXML2 via Config file: TinyXML2_DIR-NOTFOUND
[0.909s] -- Using RMW implementation 'rmw_fastrtps_cpp' as default
[0.917s] -- Looking for C++ include pthread.h
[1.057s] -- Looking for C++ include pthread.h - found
[1.058s] -- Performing Test CMAKE_HAVE_LIBC_PTHREAD
[1.209s] -- Performing Test CMAKE_HAVE_LIBC_PTHREAD - Success
[1.209s] -- Found Threads: TRUE  
[1.260s] -- Found generate_parameter_library: 0.5.0 (/opt/ros/humble/share/generate_parameter_library/cmake)
[1.262s] -- Found parameter_traits: 0.5.0 (/opt/ros/humble/share/parameter_traits/cmake)
[1.280s] -- Found nav_msgs: 4.9.0 (/opt/ros/humble/share/nav_msgs/cmake)
[1.296s] -- Found realtime_tools: 2.14.0 (/opt/ros/humble/share/realtime_tools/cmake)
[1.314s] -- Found tf2: 0.25.16 (/opt/ros/humble/share/tf2/cmake)
[1.319s] -- Found tf2_msgs: 0.25.16 (/opt/ros/humble/share/tf2_msgs/cmake)
[1.343s] -- Found ament_cmake_gmock: 1.3.12 (/opt/ros/humble/share/ament_cmake_gmock/cmake)
[1.345s] -- Found controller_manager: 2.52.0 (/opt/ros/humble/share/controller_manager/cmake)
[1.365s] -- Found ros2_control_test_assets: 2.52.0 (/opt/ros/humble/share/ros2_control_test_assets/cmake)
[1.367s] -- Found gmock sources under '/opt/ros/humble/src/gmock_vendor': C++ tests using 'Google Mock' will be built
[1.404s] -- The C compiler identification is GNU 11.4.0
[1.411s] -- Detecting C compiler ABI info
[1.536s] -- Detecting C compiler ABI info - done
[1.543s] -- Check for working C compiler: /usr/bin/cc - skipped
[1.544s] -- Detecting C compile features
[1.544s] -- Detecting C compile features - done
[1.549s] -- Found ament_cmake_gtest: 1.3.12 (/opt/ros/humble/share/ament_cmake_gtest/cmake)
[1.549s] -- Found gtest sources under '/opt/ros/humble/src/gtest_vendor': C++ tests using 'Google Test' will be built
[1.630s] -- Configuring done
[1.668s] -- Generating done
[1.674s] -- Build files have been written to: /home/janaka/dev_ws/build/diff_drive_controller
