[0.008s] Invoking command in '/home/janaka/dev_ws/build/my_bot': CMAKE_PREFIX_PATH=${CMAKE_PREFIX_PATH}:/opt/ros/humble /usr/bin/cmake /home/janaka/dev_ws/src/my_bot -DAMENT_CMAKE_SYMLINK_INSTALL=1 -DCMAKE_INSTALL_PREFIX=/home/janaka/dev_ws/install/my_bot
[0.051s] -- The C compiler identification is GNU 11.4.0
[0.090s] -- The CXX compiler identification is GNU 11.4.0
[0.095s] -- Detecting C compiler ABI info
[0.153s] -- Detecting C compiler ABI info - done
[0.157s] -- Check for working C compiler: /usr/bin/cc - skipped
[0.158s] -- Detecting C compile features
[0.158s] -- Detecting C compile features - done
[0.160s] -- Detecting CXX compiler ABI info
[0.220s] -- Detecting CXX compiler ABI info - done
[0.224s] -- Check for working CXX compiler: /usr/bin/c++ - skipped
[0.224s] -- Detecting CXX compile features
[0.224s] -- Detecting CXX compile features - done
[0.228s] -- Found ament_cmake: 1.3.12 (/opt/ros/humble/share/ament_cmake/cmake)
[0.319s] -- Found Python3: /usr/bin/python3 (found version "3.10.12") found components: Interpreter 
[0.358s] -- Override CMake install command with custom implementation using symlinks instead of copying resources
[0.380s] -- Found ament_lint_auto: 0.12.14 (/opt/ros/humble/share/ament_lint_auto/cmake)
[0.430s] -- Added test 'copyright' to check source files copyright and LICENSE
[0.432s] -- Added test 'flake8' to check Python code syntax and style conventions
[0.433s] -- Added test 'lint_cmake' to check CMake code style
[0.433s] -- Added test 'pep257' to check Python code against some of the docstring style conventions in PEP 257
[0.434s] -- Added test 'xmllint' to check XML markup files
[0.435s] -- Configuring done
[0.437s] -- Generating done
[0.438s] -- Build files have been written to: /home/janaka/dev_ws/build/my_bot
[0.442s] Invoked command in '/home/janaka/dev_ws/build/my_bot' returned '0': CMAKE_PREFIX_PATH=${CMAKE_PREFIX_PATH}:/opt/ros/humble /usr/bin/cmake /home/janaka/dev_ws/src/my_bot -DAMENT_CMAKE_SYMLINK_INSTALL=1 -DCMAKE_INSTALL_PREFIX=/home/janaka/dev_ws/install/my_bot
[0.443s] Invoking command in '/home/janaka/dev_ws/build/my_bot': CMAKE_PREFIX_PATH=${CMAKE_PREFIX_PATH}:/opt/ros/humble /usr/bin/cmake --build /home/janaka/dev_ws/build/my_bot -- -j16 -l16
[0.475s] Invoked command in '/home/janaka/dev_ws/build/my_bot' returned '0': CMAKE_PREFIX_PATH=${CMAKE_PREFIX_PATH}:/opt/ros/humble /usr/bin/cmake --build /home/janaka/dev_ws/build/my_bot -- -j16 -l16
[0.482s] Invoking command in '/home/janaka/dev_ws/build/my_bot': CMAKE_PREFIX_PATH=${CMAKE_PREFIX_PATH}:/opt/ros/humble /usr/bin/cmake --install /home/janaka/dev_ws/build/my_bot
[0.487s] -- Install configuration: ""
[0.487s] -- Execute custom install script
[0.487s] -- Symlinking: /home/janaka/dev_ws/install/my_bot/share/my_bot/config/empty.yaml
[0.495s] -- Symlinking: /home/janaka/dev_ws/install/my_bot/share/my_bot/config/mapper_params_online_async.yaml
[0.502s] -- Symlinking: /home/janaka/dev_ws/install/my_bot/share/my_bot/config/my_controllers.yaml
[0.507s] -- Symlinking: /home/janaka/dev_ws/install/my_bot/share/my_bot/description/gazebo_control.xacro
[0.514s] -- Symlinking: /home/janaka/dev_ws/install/my_bot/share/my_bot/description/inertial_macros.xacro
[0.520s] -- Symlinking: /home/janaka/dev_ws/install/my_bot/share/my_bot/description/lidar.xacro
[0.526s] -- Symlinking: /home/janaka/dev_ws/install/my_bot/share/my_bot/description/robot.urdf.xacro
[0.535s] -- Symlinking: /home/janaka/dev_ws/install/my_bot/share/my_bot/description/robot_core.xacro
[0.541s] -- Symlinking: /home/janaka/dev_ws/install/my_bot/share/my_bot/description/ros2_control.xacro
[0.548s] -- Symlinking: /home/janaka/dev_ws/install/my_bot/share/my_bot/launch/launch_sim.launch.py
[0.555s] -- Symlinking: /home/janaka/dev_ws/install/my_bot/share/my_bot/launch/rsp.launch.py
[0.562s] -- Symlinking: /home/janaka/dev_ws/install/my_bot/share/my_bot/worlds/empty.world
[0.569s] -- Symlinking: /home/janaka/dev_ws/install/my_bot/share/ament_index/resource_index/package_run_dependencies/my_bot
[0.576s] -- Symlinking: /home/janaka/dev_ws/install/my_bot/share/ament_index/resource_index/parent_prefix_path/my_bot
[0.583s] -- Symlinking: /home/janaka/dev_ws/install/my_bot/share/my_bot/environment/ament_prefix_path.sh
[0.590s] -- Symlinking: /home/janaka/dev_ws/install/my_bot/share/my_bot/environment/ament_prefix_path.dsv
[0.596s] -- Symlinking: /home/janaka/dev_ws/install/my_bot/share/my_bot/environment/path.sh
[0.603s] -- Symlinking: /home/janaka/dev_ws/install/my_bot/share/my_bot/environment/path.dsv
[0.610s] -- Symlinking: /home/janaka/dev_ws/install/my_bot/share/my_bot/local_setup.bash
[0.617s] -- Symlinking: /home/janaka/dev_ws/install/my_bot/share/my_bot/local_setup.sh
[0.624s] -- Symlinking: /home/janaka/dev_ws/install/my_bot/share/my_bot/local_setup.zsh
[0.637s] -- Symlinking: /home/janaka/dev_ws/install/my_bot/share/my_bot/local_setup.dsv
[0.645s] -- Symlinking: /home/janaka/dev_ws/install/my_bot/share/my_bot/package.dsv
[0.653s] -- Symlinking: /home/janaka/dev_ws/install/my_bot/share/ament_index/resource_index/packages/my_bot
[0.660s] -- Symlinking: /home/janaka/dev_ws/install/my_bot/share/my_bot/cmake/my_botConfig.cmake
[0.668s] -- Symlinking: /home/janaka/dev_ws/install/my_bot/share/my_bot/cmake/my_botConfig-version.cmake
[0.675s] -- Symlinking: /home/janaka/dev_ws/install/my_bot/share/my_bot/package.xml
[0.685s] Invoked command in '/home/janaka/dev_ws/build/my_bot' returned '0': CMAKE_PREFIX_PATH=${CMAKE_PREFIX_PATH}:/opt/ros/humble /usr/bin/cmake --install /home/janaka/dev_ws/build/my_bot
