[0.016s] Invoking command in '/home/janaka/dev_ws/build/mecanum_drive_controller': CMAKE_PREFIX_PATH=${CMAKE_PREFIX_PATH}:/opt/ros/humble /usr/bin/cmake /home/janaka/dev_ws/src/ros2_controllers/mecanum_drive_controller -DAMENT_CMAKE_SYMLINK_INSTALL=1 -DCMAKE_INSTALL_PREFIX=/home/janaka/dev_ws/install/mecanum_drive_controller
[0.115s] -- The CXX compiler identification is GNU 11.4.0
[0.124s] -- Detecting CXX compiler ABI info
[0.194s] -- Detecting CXX compiler ABI info - done
[0.197s] -- Check for working CXX compiler: /usr/bin/c++ - skipped
[0.198s] -- Detecting CXX compile features
[0.198s] -- Detecting CXX compile features - done
[0.202s] -- Found ament_cmake: 1.3.12 (/opt/ros/humble/share/ament_cmake/cmake)
[0.304s] -- Found Python3: /usr/bin/python3 (found version "3.10.12") found components: Interpreter 
[0.346s] -- Override CMake install command with custom implementation using symlinks instead of copying resources
[0.379s] -- Found controller_interface: 2.52.0 (/opt/ros/humble/share/controller_interface/cmake)
[0.420s] -- Found rosidl_generator_c: 3.1.7 (/opt/ros/humble/share/rosidl_generator_c/cmake)
[0.425s] -- Found rosidl_adapter: 3.1.7 (/opt/ros/humble/share/rosidl_adapter/cmake)
[0.434s] -- Found rosidl_generator_cpp: 3.1.7 (/opt/ros/humble/share/rosidl_generator_cpp/cmake)
[0.447s] -- Using all available rosidl_typesupport_c: rosidl_typesupport_fastrtps_c;rosidl_typesupport_introspection_c
[0.461s] -- Using all available rosidl_typesupport_cpp: rosidl_typesupport_fastrtps_cpp;rosidl_typesupport_introspection_cpp
[0.627s] -- Found rmw_implementation_cmake: 6.1.2 (/opt/ros/humble/share/rmw_implementation_cmake/cmake)
[0.631s] -- Found rmw_fastrtps_cpp: 6.2.8 (/opt/ros/humble/share/rmw_fastrtps_cpp/cmake)
[0.655s] -- Found TinyXML2 via Config file: TinyXML2_DIR-NOTFOUND
[0.706s] -- Found OpenSSL: /usr/lib/x86_64-linux-gnu/libcrypto.so (found version "3.0.2")  
[0.709s] -- Found TinyXML2 via Config file: TinyXML2_DIR-NOTFOUND
[0.718s] -- Found FastRTPS: /opt/ros/humble/include  
[0.721s] -- Found TinyXML2 via Config file: TinyXML2_DIR-NOTFOUND
[0.727s] -- Found TinyXML2 via Config file: TinyXML2_DIR-NOTFOUND
[0.736s] -- Using RMW implementation 'rmw_fastrtps_cpp' as default
[0.745s] -- Looking for C++ include pthread.h
[0.836s] -- Looking for C++ include pthread.h - found
[0.836s] -- Performing Test CMAKE_HAVE_LIBC_PTHREAD
[0.919s] -- Performing Test CMAKE_HAVE_LIBC_PTHREAD - Success
[0.919s] -- Found Threads: TRUE  
[0.958s] -- Found generate_parameter_library: 0.5.0 (/opt/ros/humble/share/generate_parameter_library/cmake)
[0.960s] -- Found parameter_traits: 0.5.0 (/opt/ros/humble/share/parameter_traits/cmake)
[0.977s] -- Found nav_msgs: 4.9.0 (/opt/ros/humble/share/nav_msgs/cmake)
[0.991s] -- Found realtime_tools: 2.14.0 (/opt/ros/humble/share/realtime_tools/cmake)
[1.003s] -- Found std_srvs: 4.9.0 (/opt/ros/humble/share/std_srvs/cmake)
[1.012s] -- Found tf2: 0.25.16 (/opt/ros/humble/share/tf2/cmake)
[1.015s] -- Found tf2_geometry_msgs: 0.25.16 (/opt/ros/humble/share/tf2_geometry_msgs/cmake)
[1.023s] -- Found eigen3_cmake_module: 0.1.1 (/opt/ros/humble/share/eigen3_cmake_module/cmake)
[1.024s] -- Found Eigen3: TRUE (found version "3.4.0") 
[1.024s] -- Ensuring Eigen3 include directory is part of orocos-kdl CMake target
[1.070s] -- Found ament_cmake_gmock: 1.3.12 (/opt/ros/humble/share/ament_cmake_gmock/cmake)
[1.072s] -- Found controller_manager: 2.52.0 (/opt/ros/humble/share/controller_manager/cmake)
[1.087s] -- Found ros2_control_test_assets: 2.52.0 (/opt/ros/humble/share/ros2_control_test_assets/cmake)
[1.090s] -- Found gmock sources under '/opt/ros/humble/src/gmock_vendor': C++ tests using 'Google Mock' will be built
[1.144s] -- The C compiler identification is GNU 11.4.0
[1.151s] -- Detecting C compiler ABI info
[1.219s] -- Detecting C compiler ABI info - done
[1.222s] -- Check for working C compiler: /usr/bin/cc - skipped
[1.223s] -- Detecting C compile features
[1.223s] -- Detecting C compile features - done
[1.226s] -- Found ament_cmake_gtest: 1.3.12 (/opt/ros/humble/share/ament_cmake_gtest/cmake)
[1.228s] -- Found gtest sources under '/opt/ros/humble/src/gtest_vendor': C++ tests using 'Google Test' will be built
[1.279s] -- Configuring done
[1.300s] -- Generating done
[1.307s] -- Build files have been written to: /home/janaka/dev_ws/build/mecanum_drive_controller
[1.317s] Invoked command in '/home/janaka/dev_ws/build/mecanum_drive_controller' returned '0': CMAKE_PREFIX_PATH=${CMAKE_PREFIX_PATH}:/opt/ros/humble /usr/bin/cmake /home/janaka/dev_ws/src/ros2_controllers/mecanum_drive_controller -DAMENT_CMAKE_SYMLINK_INSTALL=1 -DCMAKE_INSTALL_PREFIX=/home/janaka/dev_ws/install/mecanum_drive_controller
[1.318s] Invoking command in '/home/janaka/dev_ws/build/mecanum_drive_controller': CMAKE_PREFIX_PATH=${CMAKE_PREFIX_PATH}:/opt/ros/humble /usr/bin/cmake --build /home/janaka/dev_ws/build/mecanum_drive_controller -- -j16 -l16
[1.361s] [  6%] [34m[1mRunning `/opt/ros/humble/bin/generate_parameter_library_cpp /home/janaka/dev_ws/build/mecanum_drive_controller/include/mecanum_drive_controller/mecanum_drive_controller_parameters.hpp /home/janaka/dev_ws/src/ros2_controllers/mecanum_drive_controller/src/mecanum_drive_controller.yaml `[0m
[1.361s] [ 12%] [32mBuilding CXX object gmock/CMakeFiles/gmock_main.dir/src/gmock_main.cc.o[0m
[1.362s] [ 18%] [32mBuilding CXX object gmock/CMakeFiles/gmock.dir/opt/ros/humble/src/gtest_vendor/src/gtest-all.cc.o[0m
[1.362s] [ 25%] [32mBuilding CXX object gmock/CMakeFiles/gmock.dir/src/gmock-all.cc.o[0m
[1.638s] [ 31%] [34m[1mCreating deprecated header file /home/janaka/dev_ws/build/mecanum_drive_controller/include/mecanum_drive_controller_parameters.hpp[0m
[1.654s] [ 31%] Built target mecanum_drive_controller_parameters
[1.672s] [ 37%] [32mBuilding CXX object CMakeFiles/mecanum_drive_controller.dir/src/mecanum_drive_controller.cpp.o[0m
[1.672s] [ 43%] [32mBuilding CXX object CMakeFiles/mecanum_drive_controller.dir/src/odometry.cpp.o[0m
[2.091s] [ 50%] [32m[1mLinking CXX static library libgmock_main.a[0m
[2.122s] [ 50%] Built target gmock_main
[3.236s] [ 56%] [32m[1mLinking CXX static library libgmock.a[0m
[3.290s] [ 56%] Built target gmock
[3.307s] [ 62%] [32mBuilding CXX object CMakeFiles/test_load_mecanum_drive_controller.dir/test/test_load_mecanum_drive_controller.cpp.o[0m
[6.553s] [ 68%] [32m[1mLinking CXX executable test_load_mecanum_drive_controller[0m
[6.718s] [ 68%] Built target test_load_mecanum_drive_controller
[9.950s] [ 75%] [32m[1mLinking CXX shared library libmecanum_drive_controller.so[0m
[10.455s] [ 75%] Built target mecanum_drive_controller
[10.471s] [ 81%] [32mBuilding CXX object CMakeFiles/test_mecanum_drive_controller_preceding.dir/test/test_mecanum_drive_controller_preceding.cpp.o[0m
[10.472s] [ 87%] [32mBuilding CXX object CMakeFiles/test_mecanum_drive_controller.dir/test/test_mecanum_drive_controller.cpp.o[0m
[14.445s] [ 93%] [32m[1mLinking CXX executable test_mecanum_drive_controller_preceding[0m
[14.795s] [ 93%] Built target test_mecanum_drive_controller_preceding
[17.400s] [100%] [32m[1mLinking CXX executable test_mecanum_drive_controller[0m
[17.848s] [100%] Built target test_mecanum_drive_controller
[17.856s] Invoked command in '/home/janaka/dev_ws/build/mecanum_drive_controller' returned '0': CMAKE_PREFIX_PATH=${CMAKE_PREFIX_PATH}:/opt/ros/humble /usr/bin/cmake --build /home/janaka/dev_ws/build/mecanum_drive_controller -- -j16 -l16
[17.864s] Invoking command in '/home/janaka/dev_ws/build/mecanum_drive_controller': CMAKE_PREFIX_PATH=${CMAKE_PREFIX_PATH}:/opt/ros/humble /usr/bin/cmake --install /home/janaka/dev_ws/build/mecanum_drive_controller
[17.870s] -- Install configuration: ""
[17.870s] -- Execute custom install script
[17.870s] -- Symlinking: /home/janaka/dev_ws/install/mecanum_drive_controller/include/mecanum_drive_controller/mecanum_drive_controller_parameters.hpp
[17.877s] -- Symlinking: /home/janaka/dev_ws/install/mecanum_drive_controller/share/mecanum_drive_controller//mecanum_drive_controller.xml
[17.885s] -- Symlinking: /home/janaka/dev_ws/install/mecanum_drive_controller/include/mecanum_drive_controller/mecanum_drive_controller/mecanum_drive_controller.hpp
[17.893s] -- Symlinking: /home/janaka/dev_ws/install/mecanum_drive_controller/include/mecanum_drive_controller/mecanum_drive_controller/odometry.hpp
[17.900s] -- Symlinking: /home/janaka/dev_ws/install/mecanum_drive_controller/include/mecanum_drive_controller/mecanum_drive_controller/visibility_control.h
[17.909s] -- Symlinking: /home/janaka/dev_ws/install/mecanum_drive_controller/share/mecanum_drive_controller/environment/library_path.sh
[17.917s] -- Symlinking: /home/janaka/dev_ws/install/mecanum_drive_controller/share/mecanum_drive_controller/environment/library_path.dsv
[17.924s] -- Symlinking: /home/janaka/dev_ws/install/mecanum_drive_controller/share/ament_index/resource_index/package_run_dependencies/mecanum_drive_controller
[17.931s] -- Symlinking: /home/janaka/dev_ws/install/mecanum_drive_controller/share/ament_index/resource_index/parent_prefix_path/mecanum_drive_controller
[17.938s] -- Symlinking: /home/janaka/dev_ws/install/mecanum_drive_controller/share/mecanum_drive_controller/environment/ament_prefix_path.sh
[17.944s] -- Symlinking: /home/janaka/dev_ws/install/mecanum_drive_controller/share/mecanum_drive_controller/environment/ament_prefix_path.dsv
[17.949s] -- Symlinking: /home/janaka/dev_ws/install/mecanum_drive_controller/share/mecanum_drive_controller/environment/path.sh
[17.956s] -- Symlinking: /home/janaka/dev_ws/install/mecanum_drive_controller/share/mecanum_drive_controller/environment/path.dsv
[17.963s] -- Symlinking: /home/janaka/dev_ws/install/mecanum_drive_controller/share/mecanum_drive_controller/local_setup.bash
[17.969s] -- Symlinking: /home/janaka/dev_ws/install/mecanum_drive_controller/share/mecanum_drive_controller/local_setup.sh
[17.976s] -- Symlinking: /home/janaka/dev_ws/install/mecanum_drive_controller/share/mecanum_drive_controller/local_setup.zsh
[17.983s] -- Symlinking: /home/janaka/dev_ws/install/mecanum_drive_controller/share/mecanum_drive_controller/local_setup.dsv
[17.992s] -- Symlinking: /home/janaka/dev_ws/install/mecanum_drive_controller/share/mecanum_drive_controller/package.dsv
[18.000s] -- Symlinking: /home/janaka/dev_ws/install/mecanum_drive_controller/share/ament_index/resource_index/packages/mecanum_drive_controller
[18.007s] -- Symlinking: /home/janaka/dev_ws/install/mecanum_drive_controller/share/ament_index/resource_index/controller_interface__pluginlib__plugin/mecanum_drive_controller
[18.015s] -- Symlinking: /home/janaka/dev_ws/install/mecanum_drive_controller/share/mecanum_drive_controller/cmake/ament_cmake_export_dependencies-extras.cmake
[18.022s] -- Symlinking: /home/janaka/dev_ws/install/mecanum_drive_controller/share/mecanum_drive_controller/cmake/ament_cmake_export_targets-extras.cmake
[18.030s] -- Symlinking: /home/janaka/dev_ws/install/mecanum_drive_controller/share/mecanum_drive_controller/cmake/mecanum_drive_controllerConfig.cmake
[18.037s] -- Symlinking: /home/janaka/dev_ws/install/mecanum_drive_controller/share/mecanum_drive_controller/cmake/mecanum_drive_controllerConfig-version.cmake
[18.045s] -- Symlinking: /home/janaka/dev_ws/install/mecanum_drive_controller/share/mecanum_drive_controller/package.xml
[18.053s] -- Installing: /home/janaka/dev_ws/install/mecanum_drive_controller/lib/libmecanum_drive_controller.so
[18.062s] -- Set runtime path of "/home/janaka/dev_ws/install/mecanum_drive_controller/lib/libmecanum_drive_controller.so" to ""
[18.062s] -- Installing: /home/janaka/dev_ws/install/mecanum_drive_controller/share/mecanum_drive_controller/cmake/export_mecanum_drive_controllerExport.cmake
[18.062s] -- Installing: /home/janaka/dev_ws/install/mecanum_drive_controller/share/mecanum_drive_controller/cmake/export_mecanum_drive_controllerExport-noconfig.cmake
[18.064s] Invoked command in '/home/janaka/dev_ws/build/mecanum_drive_controller' returned '0': CMAKE_PREFIX_PATH=${CMAKE_PREFIX_PATH}:/opt/ros/humble /usr/bin/cmake --install /home/janaka/dev_ws/build/mecanum_drive_controller
