[0.073s] DEBUG:colcon:Command line arguments: ['/usr/bin/colcon', 'list', '-p', '--base-paths', '/home/janaka/dev_ws/src', '--log-base', '/dev/null']
[0.073s] DEBUG:colcon:Parsed command line arguments: Namespace(log_base=None, log_level=None, verb_name='list', build_base='build', ignore_user_meta=False, metas=['./colcon.meta'], base_paths=['/home/janaka/dev_ws/src', '--log-base', '/dev/null'], packages_ignore=None, packages_ignore_regex=None, paths=None, packages_up_to=None, packages_up_to_regex=None, packages_above=None, packages_above_and_dependencies=None, packages_above_depth=None, packages_select_by_dep=None, packages_skip_by_dep=None, packages_skip_up_to=None, packages_select_build_failed=False, packages_skip_build_finished=False, packages_select_test_failures=False, packages_skip_test_passed=False, packages_select=None, packages_skip=None, packages_select_regex=None, packages_skip_regex=None, packages_start=None, packages_end=None, allow_overriding=[], topological_order=False, names_only=False, paths_only=True, topological_graph=False, topological_graph_dot=False, topological_graph_density=False, topological_graph_legend=False, topological_graph_dot_cluster=False, topological_graph_dot_include_skipped=False, mixin_files=None, mixin=None, verb_parser=<colcon_mixin.mixin.mixin_argument.MixinArgumentDecorator object at 0x73dd0eb1f5b0>, verb_extension=<colcon_package_information.verb.list.ListVerb object at 0x73dd0eb1e8f0>, main=<bound method ListVerb.main of <colcon_package_information.verb.list.ListVerb object at 0x73dd0eb1e8f0>>, mixin_verb=('list',))
[0.213s] Level 1:colcon.colcon_core.package_discovery:discover_packages(colcon_meta) check parameters
[0.213s] Level 1:colcon.colcon_core.package_discovery:discover_packages(recursive) check parameters
[0.213s] Level 1:colcon.colcon_core.package_discovery:discover_packages(ignore) check parameters
[0.213s] Level 1:colcon.colcon_core.package_discovery:discover_packages(path) check parameters
[0.213s] Level 1:colcon.colcon_core.package_discovery:discover_packages(recursive) discover
[0.213s] INFO:colcon.colcon_core.package_discovery:Crawling recursively for packages in '/home/janaka/dev_ws/src', '/home/janaka/dev_ws/src/--log-base', '/dev/null'
[0.213s] Level 1:colcon.colcon_core.package_identification:_identify(/home/janaka/dev_ws/src) by extensions ['ignore', 'ignore_ament_install']
[0.214s] Level 1:colcon.colcon_core.package_identification:_identify(/home/janaka/dev_ws/src) by extension 'ignore'
[0.214s] Level 1:colcon.colcon_core.package_identification:_identify(/home/janaka/dev_ws/src) by extension 'ignore_ament_install'
[0.214s] Level 1:colcon.colcon_core.package_identification:_identify(/home/janaka/dev_ws/src) by extensions ['colcon_pkg']
[0.214s] Level 1:colcon.colcon_core.package_identification:_identify(/home/janaka/dev_ws/src) by extension 'colcon_pkg'
[0.214s] Level 1:colcon.colcon_core.package_identification:_identify(/home/janaka/dev_ws/src) by extensions ['colcon_meta']
[0.214s] Level 1:colcon.colcon_core.package_identification:_identify(/home/janaka/dev_ws/src) by extension 'colcon_meta'
[0.214s] Level 1:colcon.colcon_core.package_identification:_identify(/home/janaka/dev_ws/src) by extensions ['ros']
[0.214s] Level 1:colcon.colcon_core.package_identification:_identify(/home/janaka/dev_ws/src) by extension 'ros'
[0.222s] Level 1:colcon.colcon_core.package_identification:_identify(/home/janaka/dev_ws/src) by extensions ['cmake', 'python']
[0.222s] Level 1:colcon.colcon_core.package_identification:_identify(/home/janaka/dev_ws/src) by extension 'cmake'
[0.222s] Level 1:colcon.colcon_core.package_identification:_identify(/home/janaka/dev_ws/src) by extension 'python'
[0.222s] Level 1:colcon.colcon_core.package_identification:_identify(/home/janaka/dev_ws/src) by extensions ['python_setup_py']
[0.222s] Level 1:colcon.colcon_core.package_identification:_identify(/home/janaka/dev_ws/src) by extension 'python_setup_py'
[0.222s] Level 1:colcon.colcon_core.package_identification:_identify(/home/janaka/dev_ws/src/log) by extensions ['ignore', 'ignore_ament_install']
[0.222s] Level 1:colcon.colcon_core.package_identification:_identify(/home/janaka/dev_ws/src/log) by extension 'ignore'
[0.222s] Level 1:colcon.colcon_core.package_identification:_identify(/home/janaka/dev_ws/src/log) ignored
[0.223s] Level 1:colcon.colcon_core.package_identification:_identify(/home/janaka/dev_ws/src/mecanumdrive_arduino) by extensions ['ignore', 'ignore_ament_install']
[0.223s] Level 1:colcon.colcon_core.package_identification:_identify(/home/janaka/dev_ws/src/mecanumdrive_arduino) by extension 'ignore'
[0.223s] Level 1:colcon.colcon_core.package_identification:_identify(/home/janaka/dev_ws/src/mecanumdrive_arduino) by extension 'ignore_ament_install'
[0.223s] Level 1:colcon.colcon_core.package_identification:_identify(/home/janaka/dev_ws/src/mecanumdrive_arduino) by extensions ['colcon_pkg']
[0.223s] Level 1:colcon.colcon_core.package_identification:_identify(/home/janaka/dev_ws/src/mecanumdrive_arduino) by extension 'colcon_pkg'
[0.223s] Level 1:colcon.colcon_core.package_identification:_identify(/home/janaka/dev_ws/src/mecanumdrive_arduino) by extensions ['colcon_meta']
[0.223s] Level 1:colcon.colcon_core.package_identification:_identify(/home/janaka/dev_ws/src/mecanumdrive_arduino) by extension 'colcon_meta'
[0.223s] Level 1:colcon.colcon_core.package_identification:_identify(/home/janaka/dev_ws/src/mecanumdrive_arduino) by extensions ['ros']
[0.223s] Level 1:colcon.colcon_core.package_identification:_identify(/home/janaka/dev_ws/src/mecanumdrive_arduino) by extension 'ros'
[0.225s] DEBUG:colcon.colcon_core.package_identification:Package '/home/janaka/dev_ws/src/mecanumdrive_arduino' with type 'ros.ament_cmake' and name 'mecanumdrive_arduino'
[0.225s] Level 1:colcon.colcon_core.package_identification:_identify(/home/janaka/dev_ws/src/my_bot) by extensions ['ignore', 'ignore_ament_install']
[0.225s] Level 1:colcon.colcon_core.package_identification:_identify(/home/janaka/dev_ws/src/my_bot) by extension 'ignore'
[0.225s] Level 1:colcon.colcon_core.package_identification:_identify(/home/janaka/dev_ws/src/my_bot) by extension 'ignore_ament_install'
[0.225s] Level 1:colcon.colcon_core.package_identification:_identify(/home/janaka/dev_ws/src/my_bot) by extensions ['colcon_pkg']
[0.225s] Level 1:colcon.colcon_core.package_identification:_identify(/home/janaka/dev_ws/src/my_bot) by extension 'colcon_pkg'
[0.225s] Level 1:colcon.colcon_core.package_identification:_identify(/home/janaka/dev_ws/src/my_bot) by extensions ['colcon_meta']
[0.225s] Level 1:colcon.colcon_core.package_identification:_identify(/home/janaka/dev_ws/src/my_bot) by extension 'colcon_meta'
[0.225s] Level 1:colcon.colcon_core.package_identification:_identify(/home/janaka/dev_ws/src/my_bot) by extensions ['ros']
[0.225s] Level 1:colcon.colcon_core.package_identification:_identify(/home/janaka/dev_ws/src/my_bot) by extension 'ros'
[0.226s] DEBUG:colcon.colcon_core.package_identification:Package '/home/janaka/dev_ws/src/my_bot' with type 'ros.ament_cmake' and name 'my_bot'
[0.226s] Level 1:colcon.colcon_core.package_identification:_identify(/home/janaka/dev_ws/src/ros2_controllers) by extensions ['ignore', 'ignore_ament_install']
[0.226s] Level 1:colcon.colcon_core.package_identification:_identify(/home/janaka/dev_ws/src/ros2_controllers) by extension 'ignore'
[0.226s] Level 1:colcon.colcon_core.package_identification:_identify(/home/janaka/dev_ws/src/ros2_controllers) by extension 'ignore_ament_install'
[0.226s] Level 1:colcon.colcon_core.package_identification:_identify(/home/janaka/dev_ws/src/ros2_controllers) by extensions ['colcon_pkg']
[0.226s] Level 1:colcon.colcon_core.package_identification:_identify(/home/janaka/dev_ws/src/ros2_controllers) by extension 'colcon_pkg'
[0.226s] Level 1:colcon.colcon_core.package_identification:_identify(/home/janaka/dev_ws/src/ros2_controllers) by extensions ['colcon_meta']
[0.226s] Level 1:colcon.colcon_core.package_identification:_identify(/home/janaka/dev_ws/src/ros2_controllers) by extension 'colcon_meta'
[0.226s] Level 1:colcon.colcon_core.package_identification:_identify(/home/janaka/dev_ws/src/ros2_controllers) by extensions ['ros']
[0.226s] Level 1:colcon.colcon_core.package_identification:_identify(/home/janaka/dev_ws/src/ros2_controllers) by extension 'ros'
[0.226s] Level 1:colcon.colcon_core.package_identification:_identify(/home/janaka/dev_ws/src/ros2_controllers) by extensions ['cmake', 'python']
[0.226s] Level 1:colcon.colcon_core.package_identification:_identify(/home/janaka/dev_ws/src/ros2_controllers) by extension 'cmake'
[0.226s] Level 1:colcon.colcon_core.package_identification:_identify(/home/janaka/dev_ws/src/ros2_controllers) by extension 'python'
[0.226s] Level 1:colcon.colcon_core.package_identification:_identify(/home/janaka/dev_ws/src/ros2_controllers) by extensions ['python_setup_py']
[0.227s] Level 1:colcon.colcon_core.package_identification:_identify(/home/janaka/dev_ws/src/ros2_controllers) by extension 'python_setup_py'
[0.227s] Level 1:colcon.colcon_core.package_identification:_identify(/home/janaka/dev_ws/src/ros2_controllers/ackermann_steering_controller) by extensions ['ignore', 'ignore_ament_install']
[0.227s] Level 1:colcon.colcon_core.package_identification:_identify(/home/janaka/dev_ws/src/ros2_controllers/ackermann_steering_controller) by extension 'ignore'
[0.227s] Level 1:colcon.colcon_core.package_identification:_identify(/home/janaka/dev_ws/src/ros2_controllers/ackermann_steering_controller) by extension 'ignore_ament_install'
[0.227s] Level 1:colcon.colcon_core.package_identification:_identify(/home/janaka/dev_ws/src/ros2_controllers/ackermann_steering_controller) by extensions ['colcon_pkg']
[0.227s] Level 1:colcon.colcon_core.package_identification:_identify(/home/janaka/dev_ws/src/ros2_controllers/ackermann_steering_controller) by extension 'colcon_pkg'
[0.227s] Level 1:colcon.colcon_core.package_identification:_identify(/home/janaka/dev_ws/src/ros2_controllers/ackermann_steering_controller) by extensions ['colcon_meta']
[0.227s] Level 1:colcon.colcon_core.package_identification:_identify(/home/janaka/dev_ws/src/ros2_controllers/ackermann_steering_controller) by extension 'colcon_meta'
[0.227s] Level 1:colcon.colcon_core.package_identification:_identify(/home/janaka/dev_ws/src/ros2_controllers/ackermann_steering_controller) by extensions ['ros']
[0.227s] Level 1:colcon.colcon_core.package_identification:_identify(/home/janaka/dev_ws/src/ros2_controllers/ackermann_steering_controller) by extension 'ros'
[0.228s] DEBUG:colcon.colcon_core.package_identification:Package '/home/janaka/dev_ws/src/ros2_controllers/ackermann_steering_controller' with type 'ros.ament_cmake' and name 'ackermann_steering_controller'
[0.228s] Level 1:colcon.colcon_core.package_identification:_identify(/home/janaka/dev_ws/src/ros2_controllers/admittance_controller) by extensions ['ignore', 'ignore_ament_install']
[0.228s] Level 1:colcon.colcon_core.package_identification:_identify(/home/janaka/dev_ws/src/ros2_controllers/admittance_controller) by extension 'ignore'
[0.228s] Level 1:colcon.colcon_core.package_identification:_identify(/home/janaka/dev_ws/src/ros2_controllers/admittance_controller) by extension 'ignore_ament_install'
[0.228s] Level 1:colcon.colcon_core.package_identification:_identify(/home/janaka/dev_ws/src/ros2_controllers/admittance_controller) by extensions ['colcon_pkg']
[0.228s] Level 1:colcon.colcon_core.package_identification:_identify(/home/janaka/dev_ws/src/ros2_controllers/admittance_controller) by extension 'colcon_pkg'
[0.228s] Level 1:colcon.colcon_core.package_identification:_identify(/home/janaka/dev_ws/src/ros2_controllers/admittance_controller) by extensions ['colcon_meta']
[0.228s] Level 1:colcon.colcon_core.package_identification:_identify(/home/janaka/dev_ws/src/ros2_controllers/admittance_controller) by extension 'colcon_meta'
[0.228s] Level 1:colcon.colcon_core.package_identification:_identify(/home/janaka/dev_ws/src/ros2_controllers/admittance_controller) by extensions ['ros']
[0.228s] Level 1:colcon.colcon_core.package_identification:_identify(/home/janaka/dev_ws/src/ros2_controllers/admittance_controller) by extension 'ros'
[0.230s] DEBUG:colcon.colcon_core.package_identification:Package '/home/janaka/dev_ws/src/ros2_controllers/admittance_controller' with type 'ros.ament_cmake' and name 'admittance_controller'
[0.230s] Level 1:colcon.colcon_core.package_identification:_identify(/home/janaka/dev_ws/src/ros2_controllers/bicycle_steering_controller) by extensions ['ignore', 'ignore_ament_install']
[0.230s] Level 1:colcon.colcon_core.package_identification:_identify(/home/janaka/dev_ws/src/ros2_controllers/bicycle_steering_controller) by extension 'ignore'
[0.230s] Level 1:colcon.colcon_core.package_identification:_identify(/home/janaka/dev_ws/src/ros2_controllers/bicycle_steering_controller) by extension 'ignore_ament_install'
[0.230s] Level 1:colcon.colcon_core.package_identification:_identify(/home/janaka/dev_ws/src/ros2_controllers/bicycle_steering_controller) by extensions ['colcon_pkg']
[0.230s] Level 1:colcon.colcon_core.package_identification:_identify(/home/janaka/dev_ws/src/ros2_controllers/bicycle_steering_controller) by extension 'colcon_pkg'
[0.230s] Level 1:colcon.colcon_core.package_identification:_identify(/home/janaka/dev_ws/src/ros2_controllers/bicycle_steering_controller) by extensions ['colcon_meta']
[0.230s] Level 1:colcon.colcon_core.package_identification:_identify(/home/janaka/dev_ws/src/ros2_controllers/bicycle_steering_controller) by extension 'colcon_meta'
[0.230s] Level 1:colcon.colcon_core.package_identification:_identify(/home/janaka/dev_ws/src/ros2_controllers/bicycle_steering_controller) by extensions ['ros']
[0.230s] Level 1:colcon.colcon_core.package_identification:_identify(/home/janaka/dev_ws/src/ros2_controllers/bicycle_steering_controller) by extension 'ros'
[0.231s] DEBUG:colcon.colcon_core.package_identification:Package '/home/janaka/dev_ws/src/ros2_controllers/bicycle_steering_controller' with type 'ros.ament_cmake' and name 'bicycle_steering_controller'
[0.231s] Level 1:colcon.colcon_core.package_identification:_identify(/home/janaka/dev_ws/src/ros2_controllers/diff_drive_controller) by extensions ['ignore', 'ignore_ament_install']
[0.232s] Level 1:colcon.colcon_core.package_identification:_identify(/home/janaka/dev_ws/src/ros2_controllers/diff_drive_controller) by extension 'ignore'
[0.232s] Level 1:colcon.colcon_core.package_identification:_identify(/home/janaka/dev_ws/src/ros2_controllers/diff_drive_controller) by extension 'ignore_ament_install'
[0.232s] Level 1:colcon.colcon_core.package_identification:_identify(/home/janaka/dev_ws/src/ros2_controllers/diff_drive_controller) by extensions ['colcon_pkg']
[0.232s] Level 1:colcon.colcon_core.package_identification:_identify(/home/janaka/dev_ws/src/ros2_controllers/diff_drive_controller) by extension 'colcon_pkg'
[0.232s] Level 1:colcon.colcon_core.package_identification:_identify(/home/janaka/dev_ws/src/ros2_controllers/diff_drive_controller) by extensions ['colcon_meta']
[0.232s] Level 1:colcon.colcon_core.package_identification:_identify(/home/janaka/dev_ws/src/ros2_controllers/diff_drive_controller) by extension 'colcon_meta'
[0.232s] Level 1:colcon.colcon_core.package_identification:_identify(/home/janaka/dev_ws/src/ros2_controllers/diff_drive_controller) by extensions ['ros']
[0.232s] Level 1:colcon.colcon_core.package_identification:_identify(/home/janaka/dev_ws/src/ros2_controllers/diff_drive_controller) by extension 'ros'
[0.233s] DEBUG:colcon.colcon_core.package_identification:Package '/home/janaka/dev_ws/src/ros2_controllers/diff_drive_controller' with type 'ros.ament_cmake' and name 'diff_drive_controller'
[0.234s] Level 1:colcon.colcon_core.package_identification:_identify(/home/janaka/dev_ws/src/ros2_controllers/doc) by extensions ['ignore', 'ignore_ament_install']
[0.234s] Level 1:colcon.colcon_core.package_identification:_identify(/home/janaka/dev_ws/src/ros2_controllers/doc) by extension 'ignore'
[0.234s] Level 1:colcon.colcon_core.package_identification:_identify(/home/janaka/dev_ws/src/ros2_controllers/doc) by extension 'ignore_ament_install'
[0.234s] Level 1:colcon.colcon_core.package_identification:_identify(/home/janaka/dev_ws/src/ros2_controllers/doc) by extensions ['colcon_pkg']
[0.234s] Level 1:colcon.colcon_core.package_identification:_identify(/home/janaka/dev_ws/src/ros2_controllers/doc) by extension 'colcon_pkg'
[0.234s] Level 1:colcon.colcon_core.package_identification:_identify(/home/janaka/dev_ws/src/ros2_controllers/doc) by extensions ['colcon_meta']
[0.234s] Level 1:colcon.colcon_core.package_identification:_identify(/home/janaka/dev_ws/src/ros2_controllers/doc) by extension 'colcon_meta'
[0.234s] Level 1:colcon.colcon_core.package_identification:_identify(/home/janaka/dev_ws/src/ros2_controllers/doc) by extensions ['ros']
[0.234s] Level 1:colcon.colcon_core.package_identification:_identify(/home/janaka/dev_ws/src/ros2_controllers/doc) by extension 'ros'
[0.234s] Level 1:colcon.colcon_core.package_identification:_identify(/home/janaka/dev_ws/src/ros2_controllers/doc) by extensions ['cmake', 'python']
[0.234s] Level 1:colcon.colcon_core.package_identification:_identify(/home/janaka/dev_ws/src/ros2_controllers/doc) by extension 'cmake'
[0.234s] Level 1:colcon.colcon_core.package_identification:_identify(/home/janaka/dev_ws/src/ros2_controllers/doc) by extension 'python'
[0.234s] Level 1:colcon.colcon_core.package_identification:_identify(/home/janaka/dev_ws/src/ros2_controllers/doc) by extensions ['python_setup_py']
[0.234s] Level 1:colcon.colcon_core.package_identification:_identify(/home/janaka/dev_ws/src/ros2_controllers/doc) by extension 'python_setup_py'
[0.234s] Level 1:colcon.colcon_core.package_identification:_identify(/home/janaka/dev_ws/src/ros2_controllers/doc/images) by extensions ['ignore', 'ignore_ament_install']
[0.234s] Level 1:colcon.colcon_core.package_identification:_identify(/home/janaka/dev_ws/src/ros2_controllers/doc/images) by extension 'ignore'
[0.234s] Level 1:colcon.colcon_core.package_identification:_identify(/home/janaka/dev_ws/src/ros2_controllers/doc/images) by extension 'ignore_ament_install'
[0.234s] Level 1:colcon.colcon_core.package_identification:_identify(/home/janaka/dev_ws/src/ros2_controllers/doc/images) by extensions ['colcon_pkg']
[0.234s] Level 1:colcon.colcon_core.package_identification:_identify(/home/janaka/dev_ws/src/ros2_controllers/doc/images) by extension 'colcon_pkg'
[0.234s] Level 1:colcon.colcon_core.package_identification:_identify(/home/janaka/dev_ws/src/ros2_controllers/doc/images) by extensions ['colcon_meta']
[0.234s] Level 1:colcon.colcon_core.package_identification:_identify(/home/janaka/dev_ws/src/ros2_controllers/doc/images) by extension 'colcon_meta'
[0.234s] Level 1:colcon.colcon_core.package_identification:_identify(/home/janaka/dev_ws/src/ros2_controllers/doc/images) by extensions ['ros']
[0.234s] Level 1:colcon.colcon_core.package_identification:_identify(/home/janaka/dev_ws/src/ros2_controllers/doc/images) by extension 'ros'
[0.234s] Level 1:colcon.colcon_core.package_identification:_identify(/home/janaka/dev_ws/src/ros2_controllers/doc/images) by extensions ['cmake', 'python']
[0.234s] Level 1:colcon.colcon_core.package_identification:_identify(/home/janaka/dev_ws/src/ros2_controllers/doc/images) by extension 'cmake'
[0.234s] Level 1:colcon.colcon_core.package_identification:_identify(/home/janaka/dev_ws/src/ros2_controllers/doc/images) by extension 'python'
[0.234s] Level 1:colcon.colcon_core.package_identification:_identify(/home/janaka/dev_ws/src/ros2_controllers/doc/images) by extensions ['python_setup_py']
[0.234s] Level 1:colcon.colcon_core.package_identification:_identify(/home/janaka/dev_ws/src/ros2_controllers/doc/images) by extension 'python_setup_py'
[0.234s] Level 1:colcon.colcon_core.package_identification:_identify(/home/janaka/dev_ws/src/ros2_controllers/effort_controllers) by extensions ['ignore', 'ignore_ament_install']
[0.234s] Level 1:colcon.colcon_core.package_identification:_identify(/home/janaka/dev_ws/src/ros2_controllers/effort_controllers) by extension 'ignore'
[0.235s] Level 1:colcon.colcon_core.package_identification:_identify(/home/janaka/dev_ws/src/ros2_controllers/effort_controllers) by extension 'ignore_ament_install'
[0.235s] Level 1:colcon.colcon_core.package_identification:_identify(/home/janaka/dev_ws/src/ros2_controllers/effort_controllers) by extensions ['colcon_pkg']
[0.235s] Level 1:colcon.colcon_core.package_identification:_identify(/home/janaka/dev_ws/src/ros2_controllers/effort_controllers) by extension 'colcon_pkg'
[0.235s] Level 1:colcon.colcon_core.package_identification:_identify(/home/janaka/dev_ws/src/ros2_controllers/effort_controllers) by extensions ['colcon_meta']
[0.235s] Level 1:colcon.colcon_core.package_identification:_identify(/home/janaka/dev_ws/src/ros2_controllers/effort_controllers) by extension 'colcon_meta'
[0.235s] Level 1:colcon.colcon_core.package_identification:_identify(/home/janaka/dev_ws/src/ros2_controllers/effort_controllers) by extensions ['ros']
[0.235s] Level 1:colcon.colcon_core.package_identification:_identify(/home/janaka/dev_ws/src/ros2_controllers/effort_controllers) by extension 'ros'
[0.237s] DEBUG:colcon.colcon_core.package_identification:Package '/home/janaka/dev_ws/src/ros2_controllers/effort_controllers' with type 'ros.ament_cmake' and name 'effort_controllers'
[0.237s] Level 1:colcon.colcon_core.package_identification:_identify(/home/janaka/dev_ws/src/ros2_controllers/force_torque_sensor_broadcaster) by extensions ['ignore', 'ignore_ament_install']
[0.237s] Level 1:colcon.colcon_core.package_identification:_identify(/home/janaka/dev_ws/src/ros2_controllers/force_torque_sensor_broadcaster) by extension 'ignore'
[0.237s] Level 1:colcon.colcon_core.package_identification:_identify(/home/janaka/dev_ws/src/ros2_controllers/force_torque_sensor_broadcaster) by extension 'ignore_ament_install'
[0.237s] Level 1:colcon.colcon_core.package_identification:_identify(/home/janaka/dev_ws/src/ros2_controllers/force_torque_sensor_broadcaster) by extensions ['colcon_pkg']
[0.237s] Level 1:colcon.colcon_core.package_identification:_identify(/home/janaka/dev_ws/src/ros2_controllers/force_torque_sensor_broadcaster) by extension 'colcon_pkg'
[0.237s] Level 1:colcon.colcon_core.package_identification:_identify(/home/janaka/dev_ws/src/ros2_controllers/force_torque_sensor_broadcaster) by extensions ['colcon_meta']
[0.237s] Level 1:colcon.colcon_core.package_identification:_identify(/home/janaka/dev_ws/src/ros2_controllers/force_torque_sensor_broadcaster) by extension 'colcon_meta'
[0.237s] Level 1:colcon.colcon_core.package_identification:_identify(/home/janaka/dev_ws/src/ros2_controllers/force_torque_sensor_broadcaster) by extensions ['ros']
[0.237s] Level 1:colcon.colcon_core.package_identification:_identify(/home/janaka/dev_ws/src/ros2_controllers/force_torque_sensor_broadcaster) by extension 'ros'
[0.238s] DEBUG:colcon.colcon_core.package_identification:Package '/home/janaka/dev_ws/src/ros2_controllers/force_torque_sensor_broadcaster' with type 'ros.ament_cmake' and name 'force_torque_sensor_broadcaster'
[0.238s] Level 1:colcon.colcon_core.package_identification:_identify(/home/janaka/dev_ws/src/ros2_controllers/forward_command_controller) by extensions ['ignore', 'ignore_ament_install']
[0.238s] Level 1:colcon.colcon_core.package_identification:_identify(/home/janaka/dev_ws/src/ros2_controllers/forward_command_controller) by extension 'ignore'
[0.238s] Level 1:colcon.colcon_core.package_identification:_identify(/home/janaka/dev_ws/src/ros2_controllers/forward_command_controller) by extension 'ignore_ament_install'
[0.239s] Level 1:colcon.colcon_core.package_identification:_identify(/home/janaka/dev_ws/src/ros2_controllers/forward_command_controller) by extensions ['colcon_pkg']
[0.239s] Level 1:colcon.colcon_core.package_identification:_identify(/home/janaka/dev_ws/src/ros2_controllers/forward_command_controller) by extension 'colcon_pkg'
[0.239s] Level 1:colcon.colcon_core.package_identification:_identify(/home/janaka/dev_ws/src/ros2_controllers/forward_command_controller) by extensions ['colcon_meta']
[0.239s] Level 1:colcon.colcon_core.package_identification:_identify(/home/janaka/dev_ws/src/ros2_controllers/forward_command_controller) by extension 'colcon_meta'
[0.239s] Level 1:colcon.colcon_core.package_identification:_identify(/home/janaka/dev_ws/src/ros2_controllers/forward_command_controller) by extensions ['ros']
[0.239s] Level 1:colcon.colcon_core.package_identification:_identify(/home/janaka/dev_ws/src/ros2_controllers/forward_command_controller) by extension 'ros'
[0.240s] DEBUG:colcon.colcon_core.package_identification:Package '/home/janaka/dev_ws/src/ros2_controllers/forward_command_controller' with type 'ros.ament_cmake' and name 'forward_command_controller'
[0.240s] Level 1:colcon.colcon_core.package_identification:_identify(/home/janaka/dev_ws/src/ros2_controllers/gpio_controllers) by extensions ['ignore', 'ignore_ament_install']
[0.240s] Level 1:colcon.colcon_core.package_identification:_identify(/home/janaka/dev_ws/src/ros2_controllers/gpio_controllers) by extension 'ignore'
[0.240s] Level 1:colcon.colcon_core.package_identification:_identify(/home/janaka/dev_ws/src/ros2_controllers/gpio_controllers) by extension 'ignore_ament_install'
[0.240s] Level 1:colcon.colcon_core.package_identification:_identify(/home/janaka/dev_ws/src/ros2_controllers/gpio_controllers) by extensions ['colcon_pkg']
[0.240s] Level 1:colcon.colcon_core.package_identification:_identify(/home/janaka/dev_ws/src/ros2_controllers/gpio_controllers) by extension 'colcon_pkg'
[0.240s] Level 1:colcon.colcon_core.package_identification:_identify(/home/janaka/dev_ws/src/ros2_controllers/gpio_controllers) by extensions ['colcon_meta']
[0.240s] Level 1:colcon.colcon_core.package_identification:_identify(/home/janaka/dev_ws/src/ros2_controllers/gpio_controllers) by extension 'colcon_meta'
[0.240s] Level 1:colcon.colcon_core.package_identification:_identify(/home/janaka/dev_ws/src/ros2_controllers/gpio_controllers) by extensions ['ros']
[0.240s] Level 1:colcon.colcon_core.package_identification:_identify(/home/janaka/dev_ws/src/ros2_controllers/gpio_controllers) by extension 'ros'
[0.257s] DEBUG:colcon.colcon_core.package_identification:Package '/home/janaka/dev_ws/src/ros2_controllers/gpio_controllers' with type 'ros.ament_cmake' and name 'gpio_controllers'
[0.257s] Level 1:colcon.colcon_core.package_identification:_identify(/home/janaka/dev_ws/src/ros2_controllers/gripper_controllers) by extensions ['ignore', 'ignore_ament_install']
[0.257s] Level 1:colcon.colcon_core.package_identification:_identify(/home/janaka/dev_ws/src/ros2_controllers/gripper_controllers) by extension 'ignore'
[0.257s] Level 1:colcon.colcon_core.package_identification:_identify(/home/janaka/dev_ws/src/ros2_controllers/gripper_controllers) by extension 'ignore_ament_install'
[0.257s] Level 1:colcon.colcon_core.package_identification:_identify(/home/janaka/dev_ws/src/ros2_controllers/gripper_controllers) by extensions ['colcon_pkg']
[0.257s] Level 1:colcon.colcon_core.package_identification:_identify(/home/janaka/dev_ws/src/ros2_controllers/gripper_controllers) by extension 'colcon_pkg'
[0.257s] Level 1:colcon.colcon_core.package_identification:_identify(/home/janaka/dev_ws/src/ros2_controllers/gripper_controllers) by extensions ['colcon_meta']
[0.258s] Level 1:colcon.colcon_core.package_identification:_identify(/home/janaka/dev_ws/src/ros2_controllers/gripper_controllers) by extension 'colcon_meta'
[0.258s] Level 1:colcon.colcon_core.package_identification:_identify(/home/janaka/dev_ws/src/ros2_controllers/gripper_controllers) by extensions ['ros']
[0.258s] Level 1:colcon.colcon_core.package_identification:_identify(/home/janaka/dev_ws/src/ros2_controllers/gripper_controllers) by extension 'ros'
[0.259s] DEBUG:colcon.colcon_core.package_identification:Package '/home/janaka/dev_ws/src/ros2_controllers/gripper_controllers' with type 'ros.ament_cmake' and name 'gripper_controllers'
[0.259s] Level 1:colcon.colcon_core.package_identification:_identify(/home/janaka/dev_ws/src/ros2_controllers/imu_sensor_broadcaster) by extensions ['ignore', 'ignore_ament_install']
[0.259s] Level 1:colcon.colcon_core.package_identification:_identify(/home/janaka/dev_ws/src/ros2_controllers/imu_sensor_broadcaster) by extension 'ignore'
[0.259s] Level 1:colcon.colcon_core.package_identification:_identify(/home/janaka/dev_ws/src/ros2_controllers/imu_sensor_broadcaster) by extension 'ignore_ament_install'
[0.259s] Level 1:colcon.colcon_core.package_identification:_identify(/home/janaka/dev_ws/src/ros2_controllers/imu_sensor_broadcaster) by extensions ['colcon_pkg']
[0.259s] Level 1:colcon.colcon_core.package_identification:_identify(/home/janaka/dev_ws/src/ros2_controllers/imu_sensor_broadcaster) by extension 'colcon_pkg'
[0.259s] Level 1:colcon.colcon_core.package_identification:_identify(/home/janaka/dev_ws/src/ros2_controllers/imu_sensor_broadcaster) by extensions ['colcon_meta']
[0.259s] Level 1:colcon.colcon_core.package_identification:_identify(/home/janaka/dev_ws/src/ros2_controllers/imu_sensor_broadcaster) by extension 'colcon_meta'
[0.259s] Level 1:colcon.colcon_core.package_identification:_identify(/home/janaka/dev_ws/src/ros2_controllers/imu_sensor_broadcaster) by extensions ['ros']
[0.259s] Level 1:colcon.colcon_core.package_identification:_identify(/home/janaka/dev_ws/src/ros2_controllers/imu_sensor_broadcaster) by extension 'ros'
[0.260s] DEBUG:colcon.colcon_core.package_identification:Package '/home/janaka/dev_ws/src/ros2_controllers/imu_sensor_broadcaster' with type 'ros.ament_cmake' and name 'imu_sensor_broadcaster'
[0.261s] Level 1:colcon.colcon_core.package_identification:_identify(/home/janaka/dev_ws/src/ros2_controllers/joint_state_broadcaster) by extensions ['ignore', 'ignore_ament_install']
[0.261s] Level 1:colcon.colcon_core.package_identification:_identify(/home/janaka/dev_ws/src/ros2_controllers/joint_state_broadcaster) by extension 'ignore'
[0.261s] Level 1:colcon.colcon_core.package_identification:_identify(/home/janaka/dev_ws/src/ros2_controllers/joint_state_broadcaster) by extension 'ignore_ament_install'
[0.261s] Level 1:colcon.colcon_core.package_identification:_identify(/home/janaka/dev_ws/src/ros2_controllers/joint_state_broadcaster) by extensions ['colcon_pkg']
[0.261s] Level 1:colcon.colcon_core.package_identification:_identify(/home/janaka/dev_ws/src/ros2_controllers/joint_state_broadcaster) by extension 'colcon_pkg'
[0.261s] Level 1:colcon.colcon_core.package_identification:_identify(/home/janaka/dev_ws/src/ros2_controllers/joint_state_broadcaster) by extensions ['colcon_meta']
[0.261s] Level 1:colcon.colcon_core.package_identification:_identify(/home/janaka/dev_ws/src/ros2_controllers/joint_state_broadcaster) by extension 'colcon_meta'
[0.261s] Level 1:colcon.colcon_core.package_identification:_identify(/home/janaka/dev_ws/src/ros2_controllers/joint_state_broadcaster) by extensions ['ros']
[0.261s] Level 1:colcon.colcon_core.package_identification:_identify(/home/janaka/dev_ws/src/ros2_controllers/joint_state_broadcaster) by extension 'ros'
[0.262s] DEBUG:colcon.colcon_core.package_identification:Package '/home/janaka/dev_ws/src/ros2_controllers/joint_state_broadcaster' with type 'ros.ament_cmake' and name 'joint_state_broadcaster'
[0.262s] Level 1:colcon.colcon_core.package_identification:_identify(/home/janaka/dev_ws/src/ros2_controllers/joint_trajectory_controller) by extensions ['ignore', 'ignore_ament_install']
[0.262s] Level 1:colcon.colcon_core.package_identification:_identify(/home/janaka/dev_ws/src/ros2_controllers/joint_trajectory_controller) by extension 'ignore'
[0.262s] Level 1:colcon.colcon_core.package_identification:_identify(/home/janaka/dev_ws/src/ros2_controllers/joint_trajectory_controller) by extension 'ignore_ament_install'
[0.262s] Level 1:colcon.colcon_core.package_identification:_identify(/home/janaka/dev_ws/src/ros2_controllers/joint_trajectory_controller) by extensions ['colcon_pkg']
[0.262s] Level 1:colcon.colcon_core.package_identification:_identify(/home/janaka/dev_ws/src/ros2_controllers/joint_trajectory_controller) by extension 'colcon_pkg'
[0.262s] Level 1:colcon.colcon_core.package_identification:_identify(/home/janaka/dev_ws/src/ros2_controllers/joint_trajectory_controller) by extensions ['colcon_meta']
[0.262s] Level 1:colcon.colcon_core.package_identification:_identify(/home/janaka/dev_ws/src/ros2_controllers/joint_trajectory_controller) by extension 'colcon_meta'
[0.262s] Level 1:colcon.colcon_core.package_identification:_identify(/home/janaka/dev_ws/src/ros2_controllers/joint_trajectory_controller) by extensions ['ros']
[0.262s] Level 1:colcon.colcon_core.package_identification:_identify(/home/janaka/dev_ws/src/ros2_controllers/joint_trajectory_controller) by extension 'ros'
[0.264s] DEBUG:colcon.colcon_core.package_identification:Package '/home/janaka/dev_ws/src/ros2_controllers/joint_trajectory_controller' with type 'ros.ament_cmake' and name 'joint_trajectory_controller'
[0.264s] Level 1:colcon.colcon_core.package_identification:_identify(/home/janaka/dev_ws/src/ros2_controllers/mecanum_drive_controller) by extensions ['ignore', 'ignore_ament_install']
[0.264s] Level 1:colcon.colcon_core.package_identification:_identify(/home/janaka/dev_ws/src/ros2_controllers/mecanum_drive_controller) by extension 'ignore'
[0.264s] Level 1:colcon.colcon_core.package_identification:_identify(/home/janaka/dev_ws/src/ros2_controllers/mecanum_drive_controller) by extension 'ignore_ament_install'
[0.264s] Level 1:colcon.colcon_core.package_identification:_identify(/home/janaka/dev_ws/src/ros2_controllers/mecanum_drive_controller) by extensions ['colcon_pkg']
[0.264s] Level 1:colcon.colcon_core.package_identification:_identify(/home/janaka/dev_ws/src/ros2_controllers/mecanum_drive_controller) by extension 'colcon_pkg'
[0.264s] Level 1:colcon.colcon_core.package_identification:_identify(/home/janaka/dev_ws/src/ros2_controllers/mecanum_drive_controller) by extensions ['colcon_meta']
[0.264s] Level 1:colcon.colcon_core.package_identification:_identify(/home/janaka/dev_ws/src/ros2_controllers/mecanum_drive_controller) by extension 'colcon_meta'
[0.264s] Level 1:colcon.colcon_core.package_identification:_identify(/home/janaka/dev_ws/src/ros2_controllers/mecanum_drive_controller) by extensions ['ros']
[0.264s] Level 1:colcon.colcon_core.package_identification:_identify(/home/janaka/dev_ws/src/ros2_controllers/mecanum_drive_controller) by extension 'ros'
[0.265s] DEBUG:colcon.colcon_core.package_identification:Package '/home/janaka/dev_ws/src/ros2_controllers/mecanum_drive_controller' with type 'ros.ament_cmake' and name 'mecanum_drive_controller'
[0.266s] Level 1:colcon.colcon_core.package_identification:_identify(/home/janaka/dev_ws/src/ros2_controllers/pid_controller) by extensions ['ignore', 'ignore_ament_install']
[0.266s] Level 1:colcon.colcon_core.package_identification:_identify(/home/janaka/dev_ws/src/ros2_controllers/pid_controller) by extension 'ignore'
[0.266s] Level 1:colcon.colcon_core.package_identification:_identify(/home/janaka/dev_ws/src/ros2_controllers/pid_controller) by extension 'ignore_ament_install'
[0.266s] Level 1:colcon.colcon_core.package_identification:_identify(/home/janaka/dev_ws/src/ros2_controllers/pid_controller) by extensions ['colcon_pkg']
[0.266s] Level 1:colcon.colcon_core.package_identification:_identify(/home/janaka/dev_ws/src/ros2_controllers/pid_controller) by extension 'colcon_pkg'
[0.266s] Level 1:colcon.colcon_core.package_identification:_identify(/home/janaka/dev_ws/src/ros2_controllers/pid_controller) by extensions ['colcon_meta']
[0.266s] Level 1:colcon.colcon_core.package_identification:_identify(/home/janaka/dev_ws/src/ros2_controllers/pid_controller) by extension 'colcon_meta'
[0.266s] Level 1:colcon.colcon_core.package_identification:_identify(/home/janaka/dev_ws/src/ros2_controllers/pid_controller) by extensions ['ros']
[0.266s] Level 1:colcon.colcon_core.package_identification:_identify(/home/janaka/dev_ws/src/ros2_controllers/pid_controller) by extension 'ros'
[0.267s] DEBUG:colcon.colcon_core.package_identification:Package '/home/janaka/dev_ws/src/ros2_controllers/pid_controller' with type 'ros.ament_cmake' and name 'pid_controller'
[0.267s] Level 1:colcon.colcon_core.package_identification:_identify(/home/janaka/dev_ws/src/ros2_controllers/pose_broadcaster) by extensions ['ignore', 'ignore_ament_install']
[0.267s] Level 1:colcon.colcon_core.package_identification:_identify(/home/janaka/dev_ws/src/ros2_controllers/pose_broadcaster) by extension 'ignore'
[0.267s] Level 1:colcon.colcon_core.package_identification:_identify(/home/janaka/dev_ws/src/ros2_controllers/pose_broadcaster) by extension 'ignore_ament_install'
[0.267s] Level 1:colcon.colcon_core.package_identification:_identify(/home/janaka/dev_ws/src/ros2_controllers/pose_broadcaster) by extensions ['colcon_pkg']
[0.267s] Level 1:colcon.colcon_core.package_identification:_identify(/home/janaka/dev_ws/src/ros2_controllers/pose_broadcaster) by extension 'colcon_pkg'
[0.267s] Level 1:colcon.colcon_core.package_identification:_identify(/home/janaka/dev_ws/src/ros2_controllers/pose_broadcaster) by extensions ['colcon_meta']
[0.267s] Level 1:colcon.colcon_core.package_identification:_identify(/home/janaka/dev_ws/src/ros2_controllers/pose_broadcaster) by extension 'colcon_meta'
[0.267s] Level 1:colcon.colcon_core.package_identification:_identify(/home/janaka/dev_ws/src/ros2_controllers/pose_broadcaster) by extensions ['ros']
[0.267s] Level 1:colcon.colcon_core.package_identification:_identify(/home/janaka/dev_ws/src/ros2_controllers/pose_broadcaster) by extension 'ros'
[0.268s] DEBUG:colcon.colcon_core.package_identification:Package '/home/janaka/dev_ws/src/ros2_controllers/pose_broadcaster' with type 'ros.ament_cmake' and name 'pose_broadcaster'
[0.268s] Level 1:colcon.colcon_core.package_identification:_identify(/home/janaka/dev_ws/src/ros2_controllers/position_controllers) by extensions ['ignore', 'ignore_ament_install']
[0.268s] Level 1:colcon.colcon_core.package_identification:_identify(/home/janaka/dev_ws/src/ros2_controllers/position_controllers) by extension 'ignore'
[0.269s] Level 1:colcon.colcon_core.package_identification:_identify(/home/janaka/dev_ws/src/ros2_controllers/position_controllers) by extension 'ignore_ament_install'
[0.269s] Level 1:colcon.colcon_core.package_identification:_identify(/home/janaka/dev_ws/src/ros2_controllers/position_controllers) by extensions ['colcon_pkg']
[0.269s] Level 1:colcon.colcon_core.package_identification:_identify(/home/janaka/dev_ws/src/ros2_controllers/position_controllers) by extension 'colcon_pkg'
[0.269s] Level 1:colcon.colcon_core.package_identification:_identify(/home/janaka/dev_ws/src/ros2_controllers/position_controllers) by extensions ['colcon_meta']
[0.269s] Level 1:colcon.colcon_core.package_identification:_identify(/home/janaka/dev_ws/src/ros2_controllers/position_controllers) by extension 'colcon_meta'
[0.269s] Level 1:colcon.colcon_core.package_identification:_identify(/home/janaka/dev_ws/src/ros2_controllers/position_controllers) by extensions ['ros']
[0.269s] Level 1:colcon.colcon_core.package_identification:_identify(/home/janaka/dev_ws/src/ros2_controllers/position_controllers) by extension 'ros'
[0.269s] DEBUG:colcon.colcon_core.package_identification:Package '/home/janaka/dev_ws/src/ros2_controllers/position_controllers' with type 'ros.ament_cmake' and name 'position_controllers'
[0.269s] Level 1:colcon.colcon_core.package_identification:_identify(/home/janaka/dev_ws/src/ros2_controllers/range_sensor_broadcaster) by extensions ['ignore', 'ignore_ament_install']
[0.270s] Level 1:colcon.colcon_core.package_identification:_identify(/home/janaka/dev_ws/src/ros2_controllers/range_sensor_broadcaster) by extension 'ignore'
[0.270s] Level 1:colcon.colcon_core.package_identification:_identify(/home/janaka/dev_ws/src/ros2_controllers/range_sensor_broadcaster) by extension 'ignore_ament_install'
[0.270s] Level 1:colcon.colcon_core.package_identification:_identify(/home/janaka/dev_ws/src/ros2_controllers/range_sensor_broadcaster) by extensions ['colcon_pkg']
[0.270s] Level 1:colcon.colcon_core.package_identification:_identify(/home/janaka/dev_ws/src/ros2_controllers/range_sensor_broadcaster) by extension 'colcon_pkg'
[0.270s] Level 1:colcon.colcon_core.package_identification:_identify(/home/janaka/dev_ws/src/ros2_controllers/range_sensor_broadcaster) by extensions ['colcon_meta']
[0.270s] Level 1:colcon.colcon_core.package_identification:_identify(/home/janaka/dev_ws/src/ros2_controllers/range_sensor_broadcaster) by extension 'colcon_meta'
[0.270s] Level 1:colcon.colcon_core.package_identification:_identify(/home/janaka/dev_ws/src/ros2_controllers/range_sensor_broadcaster) by extensions ['ros']
[0.270s] Level 1:colcon.colcon_core.package_identification:_identify(/home/janaka/dev_ws/src/ros2_controllers/range_sensor_broadcaster) by extension 'ros'
[0.271s] DEBUG:colcon.colcon_core.package_identification:Package '/home/janaka/dev_ws/src/ros2_controllers/range_sensor_broadcaster' with type 'ros.ament_cmake' and name 'range_sensor_broadcaster'
[0.271s] Level 1:colcon.colcon_core.package_identification:_identify(/home/janaka/dev_ws/src/ros2_controllers/ros2_controllers) by extensions ['ignore', 'ignore_ament_install']
[0.271s] Level 1:colcon.colcon_core.package_identification:_identify(/home/janaka/dev_ws/src/ros2_controllers/ros2_controllers) by extension 'ignore'
[0.271s] Level 1:colcon.colcon_core.package_identification:_identify(/home/janaka/dev_ws/src/ros2_controllers/ros2_controllers) by extension 'ignore_ament_install'
[0.271s] Level 1:colcon.colcon_core.package_identification:_identify(/home/janaka/dev_ws/src/ros2_controllers/ros2_controllers) by extensions ['colcon_pkg']
[0.271s] Level 1:colcon.colcon_core.package_identification:_identify(/home/janaka/dev_ws/src/ros2_controllers/ros2_controllers) by extension 'colcon_pkg'
[0.271s] Level 1:colcon.colcon_core.package_identification:_identify(/home/janaka/dev_ws/src/ros2_controllers/ros2_controllers) by extensions ['colcon_meta']
[0.271s] Level 1:colcon.colcon_core.package_identification:_identify(/home/janaka/dev_ws/src/ros2_controllers/ros2_controllers) by extension 'colcon_meta'
[0.271s] Level 1:colcon.colcon_core.package_identification:_identify(/home/janaka/dev_ws/src/ros2_controllers/ros2_controllers) by extensions ['ros']
[0.271s] Level 1:colcon.colcon_core.package_identification:_identify(/home/janaka/dev_ws/src/ros2_controllers/ros2_controllers) by extension 'ros'
[0.272s] DEBUG:colcon.colcon_core.package_identification:Package '/home/janaka/dev_ws/src/ros2_controllers/ros2_controllers' with type 'ros.ament_cmake' and name 'ros2_controllers'
[0.272s] Level 1:colcon.colcon_core.package_identification:_identify(/home/janaka/dev_ws/src/ros2_controllers/ros2_controllers_test_nodes) by extensions ['ignore', 'ignore_ament_install']
[0.272s] Level 1:colcon.colcon_core.package_identification:_identify(/home/janaka/dev_ws/src/ros2_controllers/ros2_controllers_test_nodes) by extension 'ignore'
[0.272s] Level 1:colcon.colcon_core.package_identification:_identify(/home/janaka/dev_ws/src/ros2_controllers/ros2_controllers_test_nodes) by extension 'ignore_ament_install'
[0.272s] Level 1:colcon.colcon_core.package_identification:_identify(/home/janaka/dev_ws/src/ros2_controllers/ros2_controllers_test_nodes) by extensions ['colcon_pkg']
[0.272s] Level 1:colcon.colcon_core.package_identification:_identify(/home/janaka/dev_ws/src/ros2_controllers/ros2_controllers_test_nodes) by extension 'colcon_pkg'
[0.272s] Level 1:colcon.colcon_core.package_identification:_identify(/home/janaka/dev_ws/src/ros2_controllers/ros2_controllers_test_nodes) by extensions ['colcon_meta']
[0.272s] Level 1:colcon.colcon_core.package_identification:_identify(/home/janaka/dev_ws/src/ros2_controllers/ros2_controllers_test_nodes) by extension 'colcon_meta'
[0.272s] Level 1:colcon.colcon_core.package_identification:_identify(/home/janaka/dev_ws/src/ros2_controllers/ros2_controllers_test_nodes) by extensions ['ros']
[0.272s] Level 1:colcon.colcon_core.package_identification:_identify(/home/janaka/dev_ws/src/ros2_controllers/ros2_controllers_test_nodes) by extension 'ros'
[0.273s] DEBUG:colcon.colcon_core.package_identification:Package '/home/janaka/dev_ws/src/ros2_controllers/ros2_controllers_test_nodes' with type 'ros.ament_python' and name 'ros2_controllers_test_nodes'
[0.273s] Level 1:colcon.colcon_core.package_identification:_identify(/home/janaka/dev_ws/src/ros2_controllers/rqt_joint_trajectory_controller) by extensions ['ignore', 'ignore_ament_install']
[0.273s] Level 1:colcon.colcon_core.package_identification:_identify(/home/janaka/dev_ws/src/ros2_controllers/rqt_joint_trajectory_controller) by extension 'ignore'
[0.273s] Level 1:colcon.colcon_core.package_identification:_identify(/home/janaka/dev_ws/src/ros2_controllers/rqt_joint_trajectory_controller) by extension 'ignore_ament_install'
[0.273s] Level 1:colcon.colcon_core.package_identification:_identify(/home/janaka/dev_ws/src/ros2_controllers/rqt_joint_trajectory_controller) by extensions ['colcon_pkg']
[0.273s] Level 1:colcon.colcon_core.package_identification:_identify(/home/janaka/dev_ws/src/ros2_controllers/rqt_joint_trajectory_controller) by extension 'colcon_pkg'
[0.273s] Level 1:colcon.colcon_core.package_identification:_identify(/home/janaka/dev_ws/src/ros2_controllers/rqt_joint_trajectory_controller) by extensions ['colcon_meta']
[0.273s] Level 1:colcon.colcon_core.package_identification:_identify(/home/janaka/dev_ws/src/ros2_controllers/rqt_joint_trajectory_controller) by extension 'colcon_meta'
[0.273s] Level 1:colcon.colcon_core.package_identification:_identify(/home/janaka/dev_ws/src/ros2_controllers/rqt_joint_trajectory_controller) by extensions ['ros']
[0.273s] Level 1:colcon.colcon_core.package_identification:_identify(/home/janaka/dev_ws/src/ros2_controllers/rqt_joint_trajectory_controller) by extension 'ros'
[0.274s] DEBUG:colcon.colcon_core.package_identification:Package '/home/janaka/dev_ws/src/ros2_controllers/rqt_joint_trajectory_controller' with type 'ros.ament_python' and name 'rqt_joint_trajectory_controller'
[0.274s] Level 1:colcon.colcon_core.package_identification:_identify(/home/janaka/dev_ws/src/ros2_controllers/steering_controllers_library) by extensions ['ignore', 'ignore_ament_install']
[0.274s] Level 1:colcon.colcon_core.package_identification:_identify(/home/janaka/dev_ws/src/ros2_controllers/steering_controllers_library) by extension 'ignore'
[0.274s] Level 1:colcon.colcon_core.package_identification:_identify(/home/janaka/dev_ws/src/ros2_controllers/steering_controllers_library) by extension 'ignore_ament_install'
[0.274s] Level 1:colcon.colcon_core.package_identification:_identify(/home/janaka/dev_ws/src/ros2_controllers/steering_controllers_library) by extensions ['colcon_pkg']
[0.274s] Level 1:colcon.colcon_core.package_identification:_identify(/home/janaka/dev_ws/src/ros2_controllers/steering_controllers_library) by extension 'colcon_pkg'
[0.274s] Level 1:colcon.colcon_core.package_identification:_identify(/home/janaka/dev_ws/src/ros2_controllers/steering_controllers_library) by extensions ['colcon_meta']
[0.274s] Level 1:colcon.colcon_core.package_identification:_identify(/home/janaka/dev_ws/src/ros2_controllers/steering_controllers_library) by extension 'colcon_meta'
[0.274s] Level 1:colcon.colcon_core.package_identification:_identify(/home/janaka/dev_ws/src/ros2_controllers/steering_controllers_library) by extensions ['ros']
[0.274s] Level 1:colcon.colcon_core.package_identification:_identify(/home/janaka/dev_ws/src/ros2_controllers/steering_controllers_library) by extension 'ros'
[0.276s] DEBUG:colcon.colcon_core.package_identification:Package '/home/janaka/dev_ws/src/ros2_controllers/steering_controllers_library' with type 'ros.ament_cmake' and name 'steering_controllers_library'
[0.276s] Level 1:colcon.colcon_core.package_identification:_identify(/home/janaka/dev_ws/src/ros2_controllers/tricycle_controller) by extensions ['ignore', 'ignore_ament_install']
[0.276s] Level 1:colcon.colcon_core.package_identification:_identify(/home/janaka/dev_ws/src/ros2_controllers/tricycle_controller) by extension 'ignore'
[0.276s] Level 1:colcon.colcon_core.package_identification:_identify(/home/janaka/dev_ws/src/ros2_controllers/tricycle_controller) by extension 'ignore_ament_install'
[0.276s] Level 1:colcon.colcon_core.package_identification:_identify(/home/janaka/dev_ws/src/ros2_controllers/tricycle_controller) by extensions ['colcon_pkg']
[0.276s] Level 1:colcon.colcon_core.package_identification:_identify(/home/janaka/dev_ws/src/ros2_controllers/tricycle_controller) by extension 'colcon_pkg'
[0.276s] Level 1:colcon.colcon_core.package_identification:_identify(/home/janaka/dev_ws/src/ros2_controllers/tricycle_controller) by extensions ['colcon_meta']
[0.276s] Level 1:colcon.colcon_core.package_identification:_identify(/home/janaka/dev_ws/src/ros2_controllers/tricycle_controller) by extension 'colcon_meta'
[0.276s] Level 1:colcon.colcon_core.package_identification:_identify(/home/janaka/dev_ws/src/ros2_controllers/tricycle_controller) by extensions ['ros']
[0.276s] Level 1:colcon.colcon_core.package_identification:_identify(/home/janaka/dev_ws/src/ros2_controllers/tricycle_controller) by extension 'ros'
[0.278s] DEBUG:colcon.colcon_core.package_identification:Package '/home/janaka/dev_ws/src/ros2_controllers/tricycle_controller' with type 'ros.ament_cmake' and name 'tricycle_controller'
[0.278s] Level 1:colcon.colcon_core.package_identification:_identify(/home/janaka/dev_ws/src/ros2_controllers/tricycle_steering_controller) by extensions ['ignore', 'ignore_ament_install']
[0.278s] Level 1:colcon.colcon_core.package_identification:_identify(/home/janaka/dev_ws/src/ros2_controllers/tricycle_steering_controller) by extension 'ignore'
[0.278s] Level 1:colcon.colcon_core.package_identification:_identify(/home/janaka/dev_ws/src/ros2_controllers/tricycle_steering_controller) by extension 'ignore_ament_install'
[0.278s] Level 1:colcon.colcon_core.package_identification:_identify(/home/janaka/dev_ws/src/ros2_controllers/tricycle_steering_controller) by extensions ['colcon_pkg']
[0.278s] Level 1:colcon.colcon_core.package_identification:_identify(/home/janaka/dev_ws/src/ros2_controllers/tricycle_steering_controller) by extension 'colcon_pkg'
[0.278s] Level 1:colcon.colcon_core.package_identification:_identify(/home/janaka/dev_ws/src/ros2_controllers/tricycle_steering_controller) by extensions ['colcon_meta']
[0.278s] Level 1:colcon.colcon_core.package_identification:_identify(/home/janaka/dev_ws/src/ros2_controllers/tricycle_steering_controller) by extension 'colcon_meta'
[0.278s] Level 1:colcon.colcon_core.package_identification:_identify(/home/janaka/dev_ws/src/ros2_controllers/tricycle_steering_controller) by extensions ['ros']
[0.278s] Level 1:colcon.colcon_core.package_identification:_identify(/home/janaka/dev_ws/src/ros2_controllers/tricycle_steering_controller) by extension 'ros'
[0.279s] DEBUG:colcon.colcon_core.package_identification:Package '/home/janaka/dev_ws/src/ros2_controllers/tricycle_steering_controller' with type 'ros.ament_cmake' and name 'tricycle_steering_controller'
[0.280s] Level 1:colcon.colcon_core.package_identification:_identify(/home/janaka/dev_ws/src/ros2_controllers/velocity_controllers) by extensions ['ignore', 'ignore_ament_install']
[0.280s] Level 1:colcon.colcon_core.package_identification:_identify(/home/janaka/dev_ws/src/ros2_controllers/velocity_controllers) by extension 'ignore'
[0.280s] Level 1:colcon.colcon_core.package_identification:_identify(/home/janaka/dev_ws/src/ros2_controllers/velocity_controllers) by extension 'ignore_ament_install'
[0.280s] Level 1:colcon.colcon_core.package_identification:_identify(/home/janaka/dev_ws/src/ros2_controllers/velocity_controllers) by extensions ['colcon_pkg']
[0.280s] Level 1:colcon.colcon_core.package_identification:_identify(/home/janaka/dev_ws/src/ros2_controllers/velocity_controllers) by extension 'colcon_pkg'
[0.280s] Level 1:colcon.colcon_core.package_identification:_identify(/home/janaka/dev_ws/src/ros2_controllers/velocity_controllers) by extensions ['colcon_meta']
[0.280s] Level 1:colcon.colcon_core.package_identification:_identify(/home/janaka/dev_ws/src/ros2_controllers/velocity_controllers) by extension 'colcon_meta'
[0.280s] Level 1:colcon.colcon_core.package_identification:_identify(/home/janaka/dev_ws/src/ros2_controllers/velocity_controllers) by extensions ['ros']
[0.280s] Level 1:colcon.colcon_core.package_identification:_identify(/home/janaka/dev_ws/src/ros2_controllers/velocity_controllers) by extension 'ros'
[0.281s] DEBUG:colcon.colcon_core.package_identification:Package '/home/janaka/dev_ws/src/ros2_controllers/velocity_controllers' with type 'ros.ament_cmake' and name 'velocity_controllers'
[0.281s] Level 1:colcon.colcon_core.package_discovery:discover_packages(recursive) using defaults
