[0.007s] Invoking command in '/home/janaka/dev_ws/build/my_bot': CMAKE_PREFIX_PATH=${CMAKE_PREFIX_PATH}:/opt/ros/humble /usr/bin/cmake /home/janaka/dev_ws/src/my_bot -DAMENT_CMAKE_SYMLINK_INSTALL=1 -DCMAKE_INSTALL_PREFIX=/home/janaka/dev_ws/install/my_bot
[0.049s] -- The C compiler identification is GNU 11.4.0
[0.091s] -- The CXX compiler identification is GNU 11.4.0
[0.096s] -- Detecting C compiler ABI info
[0.150s] -- Detecting C compiler ABI info - done
[0.155s] -- Check for working C compiler: /usr/bin/cc - skipped
[0.155s] -- Detecting C compile features
[0.155s] -- Detecting C compile features - done
[0.157s] -- Detecting CXX compiler ABI info
[0.219s] -- Detecting CXX compiler ABI info - done
[0.224s] -- Check for working CXX compiler: /usr/bin/c++ - skipped
[0.224s] -- Detecting CXX compile features
[0.225s] -- Detecting CXX compile features - done
[0.226s] -- Found ament_cmake: 1.3.12 (/opt/ros/humble/share/ament_cmake/cmake)
[0.327s] -- Found Python3: /usr/bin/python3 (found version "3.10.12") found components: Interpreter 
[0.366s] -- Override CMake install command with custom implementation using symlinks instead of copying resources
[0.391s] -- Found ament_lint_auto: 0.12.14 (/opt/ros/humble/share/ament_lint_auto/cmake)
[0.450s] -- Added test 'copyright' to check source files copyright and LICENSE
[0.452s] -- Added test 'flake8' to check Python code syntax and style conventions
[0.453s] -- Added test 'lint_cmake' to check CMake code style
[0.453s] -- Added test 'pep257' to check Python code against some of the docstring style conventions in PEP 257
[0.454s] -- Added test 'xmllint' to check XML markup files
[0.455s] -- Configuring done
[0.457s] -- Generating done
[0.458s] -- Build files have been written to: /home/janaka/dev_ws/build/my_bot
[0.462s] Invoked command in '/home/janaka/dev_ws/build/my_bot' returned '0': CMAKE_PREFIX_PATH=${CMAKE_PREFIX_PATH}:/opt/ros/humble /usr/bin/cmake /home/janaka/dev_ws/src/my_bot -DAMENT_CMAKE_SYMLINK_INSTALL=1 -DCMAKE_INSTALL_PREFIX=/home/janaka/dev_ws/install/my_bot
[0.464s] Invoking command in '/home/janaka/dev_ws/build/my_bot': CMAKE_PREFIX_PATH=${CMAKE_PREFIX_PATH}:/opt/ros/humble /usr/bin/cmake --build /home/janaka/dev_ws/build/my_bot -- -j16 -l16
[0.493s] Invoked command in '/home/janaka/dev_ws/build/my_bot' returned '0': CMAKE_PREFIX_PATH=${CMAKE_PREFIX_PATH}:/opt/ros/humble /usr/bin/cmake --build /home/janaka/dev_ws/build/my_bot -- -j16 -l16
[0.500s] Invoking command in '/home/janaka/dev_ws/build/my_bot': CMAKE_PREFIX_PATH=${CMAKE_PREFIX_PATH}:/opt/ros/humble /usr/bin/cmake --install /home/janaka/dev_ws/build/my_bot
[0.504s] -- Install configuration: ""
[0.505s] -- Execute custom install script
[0.505s] -- Symlinking: /home/janaka/dev_ws/install/my_bot/share/my_bot/config/empty.yaml
[0.511s] -- Symlinking: /home/janaka/dev_ws/install/my_bot/share/my_bot/config/mapper_params_online_async.yaml
[0.516s] -- Symlinking: /home/janaka/dev_ws/install/my_bot/share/my_bot/config/my_controllers.yaml
[0.527s] -- Symlinking: /home/janaka/dev_ws/install/my_bot/share/my_bot/description/gazebo_control.xacro
[0.533s] -- Symlinking: /home/janaka/dev_ws/install/my_bot/share/my_bot/description/inertial_macros.xacro
[0.539s] -- Symlinking: /home/janaka/dev_ws/install/my_bot/share/my_bot/description/lidar.xacro
[0.546s] -- Symlinking: /home/janaka/dev_ws/install/my_bot/share/my_bot/description/robot.urdf.xacro
[0.553s] -- Symlinking: /home/janaka/dev_ws/install/my_bot/share/my_bot/description/robot_core.xacro
[0.559s] -- Symlinking: /home/janaka/dev_ws/install/my_bot/share/my_bot/description/ros2_control.xacro
[0.566s] -- Symlinking: /home/janaka/dev_ws/install/my_bot/share/my_bot/launch/launch_robot.launch.py
[0.574s] -- Symlinking: /home/janaka/dev_ws/install/my_bot/share/my_bot/launch/launch_sim.launch.py
[0.580s] -- Symlinking: /home/janaka/dev_ws/install/my_bot/share/my_bot/launch/rsp.launch.py
[0.586s] -- Symlinking: /home/janaka/dev_ws/install/my_bot/share/my_bot/worlds/empty.world
[0.594s] -- Symlinking: /home/janaka/dev_ws/install/my_bot/share/ament_index/resource_index/package_run_dependencies/my_bot
[0.602s] -- Symlinking: /home/janaka/dev_ws/install/my_bot/share/ament_index/resource_index/parent_prefix_path/my_bot
[0.609s] -- Symlinking: /home/janaka/dev_ws/install/my_bot/share/my_bot/environment/ament_prefix_path.sh
[0.616s] -- Symlinking: /home/janaka/dev_ws/install/my_bot/share/my_bot/environment/ament_prefix_path.dsv
[0.624s] -- Symlinking: /home/janaka/dev_ws/install/my_bot/share/my_bot/environment/path.sh
[0.631s] -- Symlinking: /home/janaka/dev_ws/install/my_bot/share/my_bot/environment/path.dsv
[0.638s] -- Symlinking: /home/janaka/dev_ws/install/my_bot/share/my_bot/local_setup.bash
[0.648s] -- Symlinking: /home/janaka/dev_ws/install/my_bot/share/my_bot/local_setup.sh
[0.654s] -- Symlinking: /home/janaka/dev_ws/install/my_bot/share/my_bot/local_setup.zsh
[0.662s] -- Symlinking: /home/janaka/dev_ws/install/my_bot/share/my_bot/local_setup.dsv
[0.669s] -- Symlinking: /home/janaka/dev_ws/install/my_bot/share/my_bot/package.dsv
[0.676s] -- Symlinking: /home/janaka/dev_ws/install/my_bot/share/ament_index/resource_index/packages/my_bot
[0.681s] -- Symlinking: /home/janaka/dev_ws/install/my_bot/share/my_bot/cmake/my_botConfig.cmake
[0.688s] -- Symlinking: /home/janaka/dev_ws/install/my_bot/share/my_bot/cmake/my_botConfig-version.cmake
[0.696s] -- Symlinking: /home/janaka/dev_ws/install/my_bot/share/my_bot/package.xml
[0.705s] Invoked command in '/home/janaka/dev_ws/build/my_bot' returned '0': CMAKE_PREFIX_PATH=${CMAKE_PREFIX_PATH}:/opt/ros/humble /usr/bin/cmake --install /home/janaka/dev_ws/build/my_bot
