[0.039s] Invoking command in '/home/janaka/dev_ws/build/gripper_controllers': CMAKE_PREFIX_PATH=${CMAKE_PREFIX_PATH}:/opt/ros/humble /usr/bin/cmake /home/janaka/dev_ws/src/ros2_controllers/gripper_controllers -DAMENT_CMAKE_SYMLINK_INSTALL=1 -DCMAKE_INSTALL_PREFIX=/home/janaka/dev_ws/install/gripper_controllers
[0.323s] -- The CXX compiler identification is GNU 11.4.0
[0.323s] -- Detecting CXX compiler ABI info
[0.323s] -- Detecting CXX compiler ABI info - done
[0.323s] -- Check for working CXX compiler: /usr/bin/c++ - skipped
[0.323s] -- Detecting CXX compile features
[0.323s] -- Detecting CXX compile features - done
[0.323s] -- Found ament_cmake: 1.3.12 (/opt/ros/humble/share/ament_cmake/cmake)
[0.350s] -- Found Python3: /usr/bin/python3 (found version "3.10.12") found components: Interpreter 
[0.424s] -- Override CMake install command with custom implementation using symlinks instead of copying resources
[0.459s] -- Found control_msgs: 4.8.0 (/opt/ros/humble/share/control_msgs/cmake)
[0.499s] -- Found rosidl_generator_c: 3.1.7 (/opt/ros/humble/share/rosidl_generator_c/cmake)
[0.508s] -- Found rosidl_adapter: 3.1.7 (/opt/ros/humble/share/rosidl_adapter/cmake)
[0.519s] -- Found rosidl_generator_cpp: 3.1.7 (/opt/ros/humble/share/rosidl_generator_cpp/cmake)
[0.533s] -- Using all available rosidl_typesupport_c: rosidl_typesupport_fastrtps_c;rosidl_typesupport_introspection_c
[0.554s] -- Using all available rosidl_typesupport_cpp: rosidl_typesupport_fastrtps_cpp;rosidl_typesupport_introspection_cpp
[0.683s] -- Found control_toolbox: 3.6.1 (/opt/ros/humble/share/control_toolbox/cmake)
[0.739s] -- Found rmw_implementation_cmake: 6.1.2 (/opt/ros/humble/share/rmw_implementation_cmake/cmake)
[0.743s] -- Found rmw_fastrtps_cpp: 6.2.8 (/opt/ros/humble/share/rmw_fastrtps_cpp/cmake)
[0.840s] -- Found OpenSSL: /usr/lib/x86_64-linux-gnu/libcrypto.so (found version "3.0.2")  
[0.872s] -- Found FastRTPS: /opt/ros/humble/include  
[0.913s] -- Using RMW implementation 'rmw_fastrtps_cpp' as default
[0.923s] -- Looking for C++ include pthread.h
[1.067s] -- Looking for C++ include pthread.h - found
[1.067s] -- Performing Test CMAKE_HAVE_LIBC_PTHREAD
[1.213s] -- Performing Test CMAKE_HAVE_LIBC_PTHREAD - Success
[1.214s] -- Found Threads: TRUE  
[1.361s] -- Found controller_interface: 2.52.0 (/opt/ros/humble/share/controller_interface/cmake)
[1.374s] -- Found ament_cmake_gmock: 1.3.12 (/opt/ros/humble/share/ament_cmake_gmock/cmake)
[1.378s] -- Found controller_manager: 2.52.0 (/opt/ros/humble/share/controller_manager/cmake)
[1.395s] -- Found ros2_control_test_assets: 2.52.0 (/opt/ros/humble/share/ros2_control_test_assets/cmake)
[1.397s] -- Found gmock sources under '/opt/ros/humble/src/gmock_vendor': C++ tests using 'Google Mock' will be built
[1.442s] -- The C compiler identification is GNU 11.4.0
[1.450s] -- Detecting C compiler ABI info
[1.572s] -- Detecting C compiler ABI info - done
[1.577s] -- Check for working C compiler: /usr/bin/cc - skipped
[1.577s] -- Detecting C compile features
[1.578s] -- Detecting C compile features - done
[1.581s] -- Found ament_cmake_gtest: 1.3.12 (/opt/ros/humble/share/ament_cmake_gtest/cmake)
[1.582s] -- Found gtest sources under '/opt/ros/humble/src/gtest_vendor': C++ tests using 'Google Test' will be built
[1.660s] -- Configuring done
[1.692s] -- Generating done
[1.699s] -- Build files have been written to: /home/janaka/dev_ws/build/gripper_controllers
