[0.000000] (-) TimerEvent: {}
[0.000191] (mecanumdrive_arduino) JobQueued: {'identifier': 'mecanumdrive_arduino', 'dependencies': OrderedDict()}
[0.000226] (my_bot) JobQueued: {'identifier': 'my_bot', 'dependencies': OrderedDict()}
[0.000250] (mecanumdrive_arduino) JobStarted: {'identifier': 'mecanumdrive_arduino'}
[0.006197] (my_bot) JobStarted: {'identifier': 'my_bot'}
[0.010528] (mecanumdrive_arduino) JobProgress: {'identifier': 'mecanumdrive_arduino', 'progress': 'cmake'}
[0.011549] (mecanumdrive_arduino) JobProgress: {'identifier': 'mecanumdrive_arduino', 'progress': 'build'}
[0.012099] (mecanumdrive_arduino) Command: {'cmd': ['/usr/bin/cmake', '--build', '/home/janaka/dev_ws/build/mecanumdrive_arduino', '--', '-j16', '-l16'], 'cwd': '/home/janaka/dev_ws/build/mecanumdrive_arduino', 'env': OrderedDict([('USER', 'janaka'), ('LC_TIME', 'si_LK'), ('XDG_SESSION_TYPE', 'x11'), ('SHLVL', '1'), ('LD_LIBRARY_PATH', '/home/janaka/dev_ws/install/mecanumdrive_arduino/lib:/usr/lib/x86_64-linux-gnu/gazebo-11/plugins:/opt/ros/humble/opt/rviz_ogre_vendor/lib:/opt/ros/humble/lib/x86_64-linux-gnu:/opt/ros/humble/lib'), ('HOME', '/home/janaka'), ('OLDPWD', '/home/janaka'), ('DESKTOP_SESSION', 'ubuntu'), ('ROS_PYTHON_VERSION', '3'), ('GNOME_SHELL_SESSION_MODE', 'ubuntu'), ('GTK_MODULES', 'gail:atk-bridge'), ('LC_MONETARY', 'si_LK'), ('SYSTEMD_EXEC_PID', '2274'), ('DBUS_SESSION_BUS_ADDRESS', 'unix:path=/run/user/1000/bus'), ('COLORTERM', 'truecolor'), ('COLCON_PREFIX_PATH', '/home/janaka/dev_ws/install:/home/janaka/ros2_ws/install'), ('ROS_DISTRO', 'humble'), ('GTK_IM_MODULE', 'ibus'), ('LOGNAME', 'janaka'), ('_', '/usr/bin/colcon'), ('ROS_VERSION', '2'), ('XDG_SESSION_CLASS', 'user'), ('USERNAME', 'janaka'), ('TERM', 'xterm-256color'), ('GNOME_DESKTOP_SESSION_ID', 'this-is-deprecated'), ('ROS_LOCALHOST_ONLY', '0'), ('WINDOWPATH', '2'), ('PATH', '/home/janaka/.local/bin:/opt/ros/humble/bin:/usr/local/sbin:/usr/local/bin:/usr/sbin:/usr/bin:/sbin:/bin:/usr/games:/usr/local/games:/snap/bin:/snap/bin:/home/janaka/.platformio/penv/bin:/home/janaka/.platformio/penv/bin'), ('SESSION_MANAGER', 'local/janaka-ros2:@/tmp/.ICE-unix/2245,unix/janaka-ros2:/tmp/.ICE-unix/2245'), ('XDG_MENU_PREFIX', 'gnome-'), ('LC_ADDRESS', 'si_LK'), ('GNOME_TERMINAL_SCREEN', '/org/gnome/Terminal/screen/c94acfb7_f36a_4022_9571_9c00498174b8'), ('XDG_RUNTIME_DIR', '/run/user/1000'), ('DISPLAY', ':1'), ('LANG', 'en_US.UTF-8'), ('XDG_CURRENT_DESKTOP', 'ubuntu:GNOME'), ('LC_TELEPHONE', 'si_LK'), ('XMODIFIERS', '@im=ibus'), ('XDG_SESSION_DESKTOP', 'ubuntu'), ('XAUTHORITY', '/run/user/1000/gdm/Xauthority'), ('GNOME_TERMINAL_SERVICE', ':1.98'), ('SSH_AGENT_LAUNCHER', 'gnome-keyring'), ('SSH_AUTH_SOCK', '/run/user/1000/keyring/ssh'), ('AMENT_PREFIX_PATH', '/home/janaka/dev_ws/install/my_bot:/home/janaka/dev_ws/install/mecanumdrive_arduino:/home/janaka/ros2_ws/install/mobile_project_pkg:/opt/ros/humble'), ('SHELL', '/bin/bash'), ('LC_NAME', 'si_LK'), ('QT_ACCESSIBILITY', '1'), ('GDMSESSION', 'ubuntu'), ('LC_MEASUREMENT', 'si_LK'), ('GPG_AGENT_INFO', '/run/user/1000/gnupg/S.gpg-agent:0:1'), ('LC_IDENTIFICATION', 'si_LK'), ('QT_IM_MODULE', 'ibus'), ('PWD', '/home/janaka/dev_ws/build/mecanumdrive_arduino'), ('LC_ALL', 'en_US.UTF-8'), ('XDG_CONFIG_DIRS', '/etc/xdg/xdg-ubuntu:/etc/xdg'), ('XDG_DATA_DIRS', '/usr/share/ubuntu:/usr/share/gnome:/usr/local/share/:/usr/share/:/var/lib/snapd/desktop'), ('PYTHONPATH', '/opt/ros/humble/lib/python3.10/site-packages:/opt/ros/humble/local/lib/python3.10/dist-packages'), ('LC_NUMERIC', 'si_LK'), ('LC_PAPER', 'si_LK'), ('COLCON', '1'), ('VTE_VERSION', '6800'), ('CMAKE_PREFIX_PATH', '/home/janaka/dev_ws/install/my_bot:/home/janaka/dev_ws/install/mecanumdrive_arduino:/home/janaka/ros2_ws/install/mobile_project_pkg:/opt/ros/humble')]), 'shell': False}
[0.016567] (my_bot) JobProgress: {'identifier': 'my_bot', 'progress': 'cmake'}
[0.017401] (my_bot) JobProgress: {'identifier': 'my_bot', 'progress': 'build'}
[0.017657] (my_bot) Command: {'cmd': ['/usr/bin/cmake', '--build', '/home/janaka/dev_ws/build/my_bot', '--', '-j16', '-l16'], 'cwd': '/home/janaka/dev_ws/build/my_bot', 'env': OrderedDict([('USER', 'janaka'), ('LC_TIME', 'si_LK'), ('XDG_SESSION_TYPE', 'x11'), ('SHLVL', '1'), ('LD_LIBRARY_PATH', '/home/janaka/dev_ws/install/mecanumdrive_arduino/lib:/usr/lib/x86_64-linux-gnu/gazebo-11/plugins:/opt/ros/humble/opt/rviz_ogre_vendor/lib:/opt/ros/humble/lib/x86_64-linux-gnu:/opt/ros/humble/lib'), ('HOME', '/home/janaka'), ('OLDPWD', '/home/janaka'), ('DESKTOP_SESSION', 'ubuntu'), ('ROS_PYTHON_VERSION', '3'), ('GNOME_SHELL_SESSION_MODE', 'ubuntu'), ('GTK_MODULES', 'gail:atk-bridge'), ('LC_MONETARY', 'si_LK'), ('SYSTEMD_EXEC_PID', '2274'), ('DBUS_SESSION_BUS_ADDRESS', 'unix:path=/run/user/1000/bus'), ('COLORTERM', 'truecolor'), ('COLCON_PREFIX_PATH', '/home/janaka/dev_ws/install:/home/janaka/ros2_ws/install'), ('ROS_DISTRO', 'humble'), ('GTK_IM_MODULE', 'ibus'), ('LOGNAME', 'janaka'), ('_', '/usr/bin/colcon'), ('ROS_VERSION', '2'), ('XDG_SESSION_CLASS', 'user'), ('USERNAME', 'janaka'), ('TERM', 'xterm-256color'), ('GNOME_DESKTOP_SESSION_ID', 'this-is-deprecated'), ('ROS_LOCALHOST_ONLY', '0'), ('WINDOWPATH', '2'), ('PATH', '/home/janaka/.local/bin:/opt/ros/humble/bin:/usr/local/sbin:/usr/local/bin:/usr/sbin:/usr/bin:/sbin:/bin:/usr/games:/usr/local/games:/snap/bin:/snap/bin:/home/janaka/.platformio/penv/bin:/home/janaka/.platformio/penv/bin'), ('SESSION_MANAGER', 'local/janaka-ros2:@/tmp/.ICE-unix/2245,unix/janaka-ros2:/tmp/.ICE-unix/2245'), ('XDG_MENU_PREFIX', 'gnome-'), ('LC_ADDRESS', 'si_LK'), ('GNOME_TERMINAL_SCREEN', '/org/gnome/Terminal/screen/c94acfb7_f36a_4022_9571_9c00498174b8'), ('XDG_RUNTIME_DIR', '/run/user/1000'), ('DISPLAY', ':1'), ('LANG', 'en_US.UTF-8'), ('XDG_CURRENT_DESKTOP', 'ubuntu:GNOME'), ('LC_TELEPHONE', 'si_LK'), ('XMODIFIERS', '@im=ibus'), ('XDG_SESSION_DESKTOP', 'ubuntu'), ('XAUTHORITY', '/run/user/1000/gdm/Xauthority'), ('GNOME_TERMINAL_SERVICE', ':1.98'), ('SSH_AGENT_LAUNCHER', 'gnome-keyring'), ('SSH_AUTH_SOCK', '/run/user/1000/keyring/ssh'), ('AMENT_PREFIX_PATH', '/home/janaka/dev_ws/install/my_bot:/home/janaka/dev_ws/install/mecanumdrive_arduino:/home/janaka/ros2_ws/install/mobile_project_pkg:/opt/ros/humble'), ('SHELL', '/bin/bash'), ('LC_NAME', 'si_LK'), ('QT_ACCESSIBILITY', '1'), ('GDMSESSION', 'ubuntu'), ('LC_MEASUREMENT', 'si_LK'), ('GPG_AGENT_INFO', '/run/user/1000/gnupg/S.gpg-agent:0:1'), ('LC_IDENTIFICATION', 'si_LK'), ('QT_IM_MODULE', 'ibus'), ('PWD', '/home/janaka/dev_ws/build/my_bot'), ('LC_ALL', 'en_US.UTF-8'), ('XDG_CONFIG_DIRS', '/etc/xdg/xdg-ubuntu:/etc/xdg'), ('XDG_DATA_DIRS', '/usr/share/ubuntu:/usr/share/gnome:/usr/local/share/:/usr/share/:/var/lib/snapd/desktop'), ('PYTHONPATH', '/opt/ros/humble/lib/python3.10/site-packages:/opt/ros/humble/local/lib/python3.10/dist-packages'), ('LC_NUMERIC', 'si_LK'), ('LC_PAPER', 'si_LK'), ('COLCON', '1'), ('VTE_VERSION', '6800'), ('CMAKE_PREFIX_PATH', '/home/janaka/dev_ws/install/my_bot:/home/janaka/dev_ws/install/mecanumdrive_arduino:/home/janaka/ros2_ws/install/mobile_project_pkg:/opt/ros/humble')]), 'shell': False}
[0.060407] (my_bot) CommandEnded: {'returncode': 0}
[0.061439] (my_bot) JobProgress: {'identifier': 'my_bot', 'progress': 'install'}
[0.069895] (my_bot) Command: {'cmd': ['/usr/bin/cmake', '--install', '/home/janaka/dev_ws/build/my_bot'], 'cwd': '/home/janaka/dev_ws/build/my_bot', 'env': OrderedDict([('USER', 'janaka'), ('LC_TIME', 'si_LK'), ('XDG_SESSION_TYPE', 'x11'), ('SHLVL', '1'), ('LD_LIBRARY_PATH', '/home/janaka/dev_ws/install/mecanumdrive_arduino/lib:/usr/lib/x86_64-linux-gnu/gazebo-11/plugins:/opt/ros/humble/opt/rviz_ogre_vendor/lib:/opt/ros/humble/lib/x86_64-linux-gnu:/opt/ros/humble/lib'), ('HOME', '/home/janaka'), ('OLDPWD', '/home/janaka'), ('DESKTOP_SESSION', 'ubuntu'), ('ROS_PYTHON_VERSION', '3'), ('GNOME_SHELL_SESSION_MODE', 'ubuntu'), ('GTK_MODULES', 'gail:atk-bridge'), ('LC_MONETARY', 'si_LK'), ('SYSTEMD_EXEC_PID', '2274'), ('DBUS_SESSION_BUS_ADDRESS', 'unix:path=/run/user/1000/bus'), ('COLORTERM', 'truecolor'), ('COLCON_PREFIX_PATH', '/home/janaka/dev_ws/install:/home/janaka/ros2_ws/install'), ('ROS_DISTRO', 'humble'), ('GTK_IM_MODULE', 'ibus'), ('LOGNAME', 'janaka'), ('_', '/usr/bin/colcon'), ('ROS_VERSION', '2'), ('XDG_SESSION_CLASS', 'user'), ('USERNAME', 'janaka'), ('TERM', 'xterm-256color'), ('GNOME_DESKTOP_SESSION_ID', 'this-is-deprecated'), ('ROS_LOCALHOST_ONLY', '0'), ('WINDOWPATH', '2'), ('PATH', '/home/janaka/.local/bin:/opt/ros/humble/bin:/usr/local/sbin:/usr/local/bin:/usr/sbin:/usr/bin:/sbin:/bin:/usr/games:/usr/local/games:/snap/bin:/snap/bin:/home/janaka/.platformio/penv/bin:/home/janaka/.platformio/penv/bin'), ('SESSION_MANAGER', 'local/janaka-ros2:@/tmp/.ICE-unix/2245,unix/janaka-ros2:/tmp/.ICE-unix/2245'), ('XDG_MENU_PREFIX', 'gnome-'), ('LC_ADDRESS', 'si_LK'), ('GNOME_TERMINAL_SCREEN', '/org/gnome/Terminal/screen/c94acfb7_f36a_4022_9571_9c00498174b8'), ('XDG_RUNTIME_DIR', '/run/user/1000'), ('DISPLAY', ':1'), ('LANG', 'en_US.UTF-8'), ('XDG_CURRENT_DESKTOP', 'ubuntu:GNOME'), ('LC_TELEPHONE', 'si_LK'), ('XMODIFIERS', '@im=ibus'), ('XDG_SESSION_DESKTOP', 'ubuntu'), ('XAUTHORITY', '/run/user/1000/gdm/Xauthority'), ('GNOME_TERMINAL_SERVICE', ':1.98'), ('SSH_AGENT_LAUNCHER', 'gnome-keyring'), ('SSH_AUTH_SOCK', '/run/user/1000/keyring/ssh'), ('AMENT_PREFIX_PATH', '/home/janaka/dev_ws/install/my_bot:/home/janaka/dev_ws/install/mecanumdrive_arduino:/home/janaka/ros2_ws/install/mobile_project_pkg:/opt/ros/humble'), ('SHELL', '/bin/bash'), ('LC_NAME', 'si_LK'), ('QT_ACCESSIBILITY', '1'), ('GDMSESSION', 'ubuntu'), ('LC_MEASUREMENT', 'si_LK'), ('GPG_AGENT_INFO', '/run/user/1000/gnupg/S.gpg-agent:0:1'), ('LC_IDENTIFICATION', 'si_LK'), ('QT_IM_MODULE', 'ibus'), ('PWD', '/home/janaka/dev_ws/build/my_bot'), ('LC_ALL', 'en_US.UTF-8'), ('XDG_CONFIG_DIRS', '/etc/xdg/xdg-ubuntu:/etc/xdg'), ('XDG_DATA_DIRS', '/usr/share/ubuntu:/usr/share/gnome:/usr/local/share/:/usr/share/:/var/lib/snapd/desktop'), ('PYTHONPATH', '/opt/ros/humble/lib/python3.10/site-packages:/opt/ros/humble/local/lib/python3.10/dist-packages'), ('LC_NUMERIC', 'si_LK'), ('LC_PAPER', 'si_LK'), ('COLCON', '1'), ('VTE_VERSION', '6800'), ('CMAKE_PREFIX_PATH', '/home/janaka/dev_ws/install/my_bot:/home/janaka/dev_ws/install/mecanumdrive_arduino:/home/janaka/ros2_ws/install/mobile_project_pkg:/opt/ros/humble')]), 'shell': False}
[0.076901] (my_bot) StdoutLine: {'line': b'-- Install configuration: ""\n'}
[0.077689] (my_bot) StdoutLine: {'line': b'-- Execute custom install script\n'}
[0.078184] (my_bot) StdoutLine: {'line': b'-- Up-to-date symlink: /home/janaka/dev_ws/install/my_bot/share/my_bot/config/empty.yaml\n'}
[0.078269] (my_bot) StdoutLine: {'line': b'-- Up-to-date symlink: /home/janaka/dev_ws/install/my_bot/share/my_bot/config/mapper_params_online_async.yaml\n'}
[0.078329] (my_bot) StdoutLine: {'line': b'-- Up-to-date symlink: /home/janaka/dev_ws/install/my_bot/share/my_bot/config/my_controllers.yaml\n'}
[0.078440] (my_bot) StdoutLine: {'line': b'-- Up-to-date symlink: /home/janaka/dev_ws/install/my_bot/share/my_bot/description/gazebo_control.xacro\n'}
[0.078517] (my_bot) StdoutLine: {'line': b'-- Up-to-date symlink: /home/janaka/dev_ws/install/my_bot/share/my_bot/description/inertial_macros.xacro\n'}
[0.078578] (my_bot) StdoutLine: {'line': b'-- Up-to-date symlink: /home/janaka/dev_ws/install/my_bot/share/my_bot/description/lidar.xacro\n'}
[0.078607] (my_bot) StdoutLine: {'line': b'-- Up-to-date symlink: /home/janaka/dev_ws/install/my_bot/share/my_bot/description/robot.urdf.xacro\n'}
[0.078644] (my_bot) StdoutLine: {'line': b'-- Up-to-date symlink: /home/janaka/dev_ws/install/my_bot/share/my_bot/description/robot_core.xacro\n'}
[0.078682] (my_bot) StdoutLine: {'line': b'-- Up-to-date symlink: /home/janaka/dev_ws/install/my_bot/share/my_bot/description/ros2_control.xacro\n'}
[0.078786] (my_bot) StdoutLine: {'line': b'-- Up-to-date symlink: /home/janaka/dev_ws/install/my_bot/share/my_bot/launch/launch_robot.launch.py\n'}
[0.078850] (my_bot) StdoutLine: {'line': b'-- Up-to-date symlink: /home/janaka/dev_ws/install/my_bot/share/my_bot/launch/launch_sim.launch.py\n'}
[0.078905] (my_bot) StdoutLine: {'line': b'-- Up-to-date symlink: /home/janaka/dev_ws/install/my_bot/share/my_bot/launch/rsp.launch.py\n'}
[0.079011] (my_bot) StdoutLine: {'line': b'-- Up-to-date symlink: /home/janaka/dev_ws/install/my_bot/share/my_bot/worlds/empty.world\n'}
[0.079155] (my_bot) StdoutLine: {'line': b'-- Up-to-date symlink: /home/janaka/dev_ws/install/my_bot/share/ament_index/resource_index/package_run_dependencies/my_bot\n'}
[0.079514] (my_bot) StdoutLine: {'line': b'-- Up-to-date symlink: /home/janaka/dev_ws/install/my_bot/share/ament_index/resource_index/parent_prefix_path/my_bot\n'}
[0.079577] (my_bot) StdoutLine: {'line': b'-- Up-to-date symlink: /home/janaka/dev_ws/install/my_bot/share/my_bot/environment/ament_prefix_path.sh\n'}
[0.079683] (my_bot) StdoutLine: {'line': b'-- Up-to-date symlink: /home/janaka/dev_ws/install/my_bot/share/my_bot/environment/ament_prefix_path.dsv\n'}
[0.079733] (my_bot) StdoutLine: {'line': b'-- Up-to-date symlink: /home/janaka/dev_ws/install/my_bot/share/my_bot/environment/path.sh\n'}
[0.079794] (my_bot) StdoutLine: {'line': b'-- Up-to-date symlink: /home/janaka/dev_ws/install/my_bot/share/my_bot/environment/path.dsv\n'}
[0.079888] (my_bot) StdoutLine: {'line': b'-- Up-to-date symlink: /home/janaka/dev_ws/install/my_bot/share/my_bot/local_setup.bash\n'}
[0.079980] (my_bot) StdoutLine: {'line': b'-- Up-to-date symlink: /home/janaka/dev_ws/install/my_bot/share/my_bot/local_setup.sh\n'}
[0.080022] (my_bot) StdoutLine: {'line': b'-- Up-to-date symlink: /home/janaka/dev_ws/install/my_bot/share/my_bot/local_setup.zsh\n'}
[0.080087] (my_bot) StdoutLine: {'line': b'-- Up-to-date symlink: /home/janaka/dev_ws/install/my_bot/share/my_bot/local_setup.dsv\n'}
[0.080139] (my_bot) StdoutLine: {'line': b'-- Symlinking: /home/janaka/dev_ws/install/my_bot/share/my_bot/package.dsv\n'}
[0.081181] (mecanumdrive_arduino) StdoutLine: {'line': b'[100%] Built target mecanumdrive_arduino\n'}
[0.087537] (my_bot) StdoutLine: {'line': b'-- Up-to-date symlink: /home/janaka/dev_ws/install/my_bot/share/ament_index/resource_index/packages/my_bot\n'}
[0.087848] (my_bot) StdoutLine: {'line': b'-- Up-to-date symlink: /home/janaka/dev_ws/install/my_bot/share/my_bot/cmake/my_botConfig.cmake\n'}
[0.088005] (my_bot) StdoutLine: {'line': b'-- Up-to-date symlink: /home/janaka/dev_ws/install/my_bot/share/my_bot/cmake/my_botConfig-version.cmake\n'}
[0.088149] (my_bot) StdoutLine: {'line': b'-- Up-to-date symlink: /home/janaka/dev_ws/install/my_bot/share/my_bot/package.xml\n'}
[0.089667] (mecanumdrive_arduino) CommandEnded: {'returncode': 0}
[0.090803] (mecanumdrive_arduino) JobProgress: {'identifier': 'mecanumdrive_arduino', 'progress': 'install'}
[0.091606] (mecanumdrive_arduino) Command: {'cmd': ['/usr/bin/cmake', '--install', '/home/janaka/dev_ws/build/mecanumdrive_arduino'], 'cwd': '/home/janaka/dev_ws/build/mecanumdrive_arduino', 'env': OrderedDict([('USER', 'janaka'), ('LC_TIME', 'si_LK'), ('XDG_SESSION_TYPE', 'x11'), ('SHLVL', '1'), ('LD_LIBRARY_PATH', '/home/janaka/dev_ws/install/mecanumdrive_arduino/lib:/usr/lib/x86_64-linux-gnu/gazebo-11/plugins:/opt/ros/humble/opt/rviz_ogre_vendor/lib:/opt/ros/humble/lib/x86_64-linux-gnu:/opt/ros/humble/lib'), ('HOME', '/home/janaka'), ('OLDPWD', '/home/janaka'), ('DESKTOP_SESSION', 'ubuntu'), ('ROS_PYTHON_VERSION', '3'), ('GNOME_SHELL_SESSION_MODE', 'ubuntu'), ('GTK_MODULES', 'gail:atk-bridge'), ('LC_MONETARY', 'si_LK'), ('SYSTEMD_EXEC_PID', '2274'), ('DBUS_SESSION_BUS_ADDRESS', 'unix:path=/run/user/1000/bus'), ('COLORTERM', 'truecolor'), ('COLCON_PREFIX_PATH', '/home/janaka/dev_ws/install:/home/janaka/ros2_ws/install'), ('ROS_DISTRO', 'humble'), ('GTK_IM_MODULE', 'ibus'), ('LOGNAME', 'janaka'), ('_', '/usr/bin/colcon'), ('ROS_VERSION', '2'), ('XDG_SESSION_CLASS', 'user'), ('USERNAME', 'janaka'), ('TERM', 'xterm-256color'), ('GNOME_DESKTOP_SESSION_ID', 'this-is-deprecated'), ('ROS_LOCALHOST_ONLY', '0'), ('WINDOWPATH', '2'), ('PATH', '/home/janaka/.local/bin:/opt/ros/humble/bin:/usr/local/sbin:/usr/local/bin:/usr/sbin:/usr/bin:/sbin:/bin:/usr/games:/usr/local/games:/snap/bin:/snap/bin:/home/janaka/.platformio/penv/bin:/home/janaka/.platformio/penv/bin'), ('SESSION_MANAGER', 'local/janaka-ros2:@/tmp/.ICE-unix/2245,unix/janaka-ros2:/tmp/.ICE-unix/2245'), ('XDG_MENU_PREFIX', 'gnome-'), ('LC_ADDRESS', 'si_LK'), ('GNOME_TERMINAL_SCREEN', '/org/gnome/Terminal/screen/c94acfb7_f36a_4022_9571_9c00498174b8'), ('XDG_RUNTIME_DIR', '/run/user/1000'), ('DISPLAY', ':1'), ('LANG', 'en_US.UTF-8'), ('XDG_CURRENT_DESKTOP', 'ubuntu:GNOME'), ('LC_TELEPHONE', 'si_LK'), ('XMODIFIERS', '@im=ibus'), ('XDG_SESSION_DESKTOP', 'ubuntu'), ('XAUTHORITY', '/run/user/1000/gdm/Xauthority'), ('GNOME_TERMINAL_SERVICE', ':1.98'), ('SSH_AGENT_LAUNCHER', 'gnome-keyring'), ('SSH_AUTH_SOCK', '/run/user/1000/keyring/ssh'), ('AMENT_PREFIX_PATH', '/home/janaka/dev_ws/install/my_bot:/home/janaka/dev_ws/install/mecanumdrive_arduino:/home/janaka/ros2_ws/install/mobile_project_pkg:/opt/ros/humble'), ('SHELL', '/bin/bash'), ('LC_NAME', 'si_LK'), ('QT_ACCESSIBILITY', '1'), ('GDMSESSION', 'ubuntu'), ('LC_MEASUREMENT', 'si_LK'), ('GPG_AGENT_INFO', '/run/user/1000/gnupg/S.gpg-agent:0:1'), ('LC_IDENTIFICATION', 'si_LK'), ('QT_IM_MODULE', 'ibus'), ('PWD', '/home/janaka/dev_ws/build/mecanumdrive_arduino'), ('LC_ALL', 'en_US.UTF-8'), ('XDG_CONFIG_DIRS', '/etc/xdg/xdg-ubuntu:/etc/xdg'), ('XDG_DATA_DIRS', '/usr/share/ubuntu:/usr/share/gnome:/usr/local/share/:/usr/share/:/var/lib/snapd/desktop'), ('PYTHONPATH', '/opt/ros/humble/lib/python3.10/site-packages:/opt/ros/humble/local/lib/python3.10/dist-packages'), ('LC_NUMERIC', 'si_LK'), ('LC_PAPER', 'si_LK'), ('COLCON', '1'), ('VTE_VERSION', '6800'), ('CMAKE_PREFIX_PATH', '/home/janaka/dev_ws/install/my_bot:/home/janaka/dev_ws/install/mecanumdrive_arduino:/home/janaka/ros2_ws/install/mobile_project_pkg:/opt/ros/humble')]), 'shell': False}
[0.092812] (my_bot) CommandEnded: {'returncode': 0}
[0.098069] (mecanumdrive_arduino) StdoutLine: {'line': b'-- Install configuration: ""\n'}
[0.098773] (mecanumdrive_arduino) StdoutLine: {'line': b'-- Execute custom install script\n'}
[0.098889] (mecanumdrive_arduino) StdoutLine: {'line': b'-- Up-to-date symlink: /home/janaka/dev_ws/install/mecanumdrive_arduino/share/mecanumdrive_arduino//mecanumdrive_arduino.xml\n'}
[0.099233] (-) TimerEvent: {}
[0.099961] (mecanumdrive_arduino) StdoutLine: {'line': b'-- Up-to-date symlink: /home/janaka/dev_ws/install/mecanumdrive_arduino/include/mecanumdrive_arduino/mecanumdrive_arduino/arduino_comms.hpp\n'}
[0.100399] (mecanumdrive_arduino) StdoutLine: {'line': b'-- Up-to-date symlink: /home/janaka/dev_ws/install/mecanumdrive_arduino/include/mecanumdrive_arduino/mecanumdrive_arduino/diffbot_system.hpp\n'}
[0.100454] (mecanumdrive_arduino) StdoutLine: {'line': b'-- Up-to-date symlink: /home/janaka/dev_ws/install/mecanumdrive_arduino/include/mecanumdrive_arduino/mecanumdrive_arduino/visibility_control.h\n'}
[0.100515] (mecanumdrive_arduino) StdoutLine: {'line': b'-- Up-to-date symlink: /home/janaka/dev_ws/install/mecanumdrive_arduino/include/mecanumdrive_arduino/mecanumdrive_arduino/wheel.hpp\n'}
[0.100560] (mecanumdrive_arduino) StdoutLine: {'line': b'-- Up-to-date symlink: /home/janaka/dev_ws/install/mecanumdrive_arduino/share/mecanumdrive_arduino/launch/view_robot.launch.py\n'}
[0.100682] (mecanumdrive_arduino) StdoutLine: {'line': b'-- Up-to-date symlink: /home/janaka/dev_ws/install/mecanumdrive_arduino/share/mecanumdrive_arduino/ros2_control/diffbot.ros2_control.xacro\n'}
[0.100723] (mecanumdrive_arduino) StdoutLine: {'line': b'-- Up-to-date symlink: /home/janaka/dev_ws/install/mecanumdrive_arduino/share/mecanumdrive_arduino/urdf/diffbot.materials.xacro\n'}
[0.100768] (mecanumdrive_arduino) StdoutLine: {'line': b'-- Up-to-date symlink: /home/janaka/dev_ws/install/mecanumdrive_arduino/share/mecanumdrive_arduino/urdf/diffbot.urdf.xacro\n'}
[0.100804] (mecanumdrive_arduino) StdoutLine: {'line': b'-- Up-to-date symlink: /home/janaka/dev_ws/install/mecanumdrive_arduino/share/mecanumdrive_arduino/urdf/diffbot_description.urdf.xacro\n'}
[0.100926] (mecanumdrive_arduino) StdoutLine: {'line': b'-- Up-to-date symlink: /home/janaka/dev_ws/install/mecanumdrive_arduino/share/mecanumdrive_arduino/rviz/diffbot.rviz\n'}
[0.101022] (mecanumdrive_arduino) StdoutLine: {'line': b'-- Up-to-date symlink: /home/janaka/dev_ws/install/mecanumdrive_arduino/share/mecanumdrive_arduino/rviz/diffbot_view.rviz\n'}
[0.101286] (mecanumdrive_arduino) StdoutLine: {'line': b'-- Up-to-date symlink: /home/janaka/dev_ws/install/mecanumdrive_arduino/share/mecanumdrive_arduino/launch/diffbot.launch.py\n'}
[0.101480] (mecanumdrive_arduino) StdoutLine: {'line': b'-- Up-to-date symlink: /home/janaka/dev_ws/install/mecanumdrive_arduino/share/mecanumdrive_arduino/config/diffbot_controllers.yaml\n'}
[0.101912] (mecanumdrive_arduino) StdoutLine: {'line': b'-- Up-to-date symlink: /home/janaka/dev_ws/install/mecanumdrive_arduino/share/mecanumdrive_arduino/environment/library_path.sh\n'}
[0.101976] (mecanumdrive_arduino) StdoutLine: {'line': b'-- Up-to-date symlink: /home/janaka/dev_ws/install/mecanumdrive_arduino/share/mecanumdrive_arduino/environment/library_path.dsv\n'}
[0.102013] (mecanumdrive_arduino) StdoutLine: {'line': b'-- Up-to-date symlink: /home/janaka/dev_ws/install/mecanumdrive_arduino/share/ament_index/resource_index/package_run_dependencies/mecanumdrive_arduino\n'}
[0.102079] (mecanumdrive_arduino) StdoutLine: {'line': b'-- Up-to-date symlink: /home/janaka/dev_ws/install/mecanumdrive_arduino/share/ament_index/resource_index/parent_prefix_path/mecanumdrive_arduino\n'}
[0.102261] (mecanumdrive_arduino) StdoutLine: {'line': b'-- Up-to-date symlink: /home/janaka/dev_ws/install/mecanumdrive_arduino/share/mecanumdrive_arduino/environment/ament_prefix_path.sh\n'}
[0.102334] (mecanumdrive_arduino) StdoutLine: {'line': b'-- Up-to-date symlink: /home/janaka/dev_ws/install/mecanumdrive_arduino/share/mecanumdrive_arduino/environment/ament_prefix_path.dsv\n'}
[0.102631] (mecanumdrive_arduino) StdoutLine: {'line': b'-- Up-to-date symlink: /home/janaka/dev_ws/install/mecanumdrive_arduino/share/mecanumdrive_arduino/environment/path.sh\n'}
[0.102675] (mecanumdrive_arduino) StdoutLine: {'line': b'-- Up-to-date symlink: /home/janaka/dev_ws/install/mecanumdrive_arduino/share/mecanumdrive_arduino/environment/path.dsv\n'}
[0.102861] (mecanumdrive_arduino) StdoutLine: {'line': b'-- Up-to-date symlink: /home/janaka/dev_ws/install/mecanumdrive_arduino/share/mecanumdrive_arduino/local_setup.bash\n'}
[0.103125] (mecanumdrive_arduino) StdoutLine: {'line': b'-- Up-to-date symlink: /home/janaka/dev_ws/install/mecanumdrive_arduino/share/mecanumdrive_arduino/local_setup.sh\n'}
[0.103207] (mecanumdrive_arduino) StdoutLine: {'line': b'-- Up-to-date symlink: /home/janaka/dev_ws/install/mecanumdrive_arduino/share/mecanumdrive_arduino/local_setup.zsh\n'}
[0.103303] (mecanumdrive_arduino) StdoutLine: {'line': b'-- Up-to-date symlink: /home/janaka/dev_ws/install/mecanumdrive_arduino/share/mecanumdrive_arduino/local_setup.dsv\n'}
[0.103526] (mecanumdrive_arduino) StdoutLine: {'line': b'-- Symlinking: /home/janaka/dev_ws/install/mecanumdrive_arduino/share/mecanumdrive_arduino/package.dsv\n'}
[0.106726] (my_bot) JobEnded: {'identifier': 'my_bot', 'rc': 0}
[0.111295] (mecanumdrive_arduino) StdoutLine: {'line': b'-- Up-to-date symlink: /home/janaka/dev_ws/install/mecanumdrive_arduino/share/ament_index/resource_index/packages/mecanumdrive_arduino\n'}
[0.111557] (mecanumdrive_arduino) StdoutLine: {'line': b'-- Up-to-date symlink: /home/janaka/dev_ws/install/mecanumdrive_arduino/share/ament_index/resource_index/hardware_interface__pluginlib__plugin/mecanumdrive_arduino\n'}
[0.112031] (mecanumdrive_arduino) StdoutLine: {'line': b'-- Up-to-date symlink: /home/janaka/dev_ws/install/mecanumdrive_arduino/share/mecanumdrive_arduino/cmake/ament_cmake_export_targets-extras.cmake\n'}
[0.112370] (mecanumdrive_arduino) StdoutLine: {'line': b'-- Up-to-date symlink: /home/janaka/dev_ws/install/mecanumdrive_arduino/share/mecanumdrive_arduino/cmake/ament_cmake_export_dependencies-extras.cmake\n'}
[0.112628] (mecanumdrive_arduino) StdoutLine: {'line': b'-- Up-to-date symlink: /home/janaka/dev_ws/install/mecanumdrive_arduino/share/mecanumdrive_arduino/cmake/mecanumdrive_arduinoConfig.cmake\n'}
[0.113070] (mecanumdrive_arduino) StdoutLine: {'line': b'-- Up-to-date symlink: /home/janaka/dev_ws/install/mecanumdrive_arduino/share/mecanumdrive_arduino/cmake/mecanumdrive_arduinoConfig-version.cmake\n'}
[0.114145] (mecanumdrive_arduino) StdoutLine: {'line': b'-- Up-to-date symlink: /home/janaka/dev_ws/install/mecanumdrive_arduino/share/mecanumdrive_arduino/package.xml\n'}
[0.114852] (mecanumdrive_arduino) StdoutLine: {'line': b'-- Up-to-date: /home/janaka/dev_ws/install/mecanumdrive_arduino/lib/libmecanumdrive_arduino.so\n'}
[0.115767] (mecanumdrive_arduino) StdoutLine: {'line': b'-- Up-to-date: /home/janaka/dev_ws/install/mecanumdrive_arduino/share/mecanumdrive_arduino/cmake/export_mecanumdrive_arduinoExport.cmake\n'}
[0.115824] (mecanumdrive_arduino) StdoutLine: {'line': b'-- Up-to-date: /home/janaka/dev_ws/install/mecanumdrive_arduino/share/mecanumdrive_arduino/cmake/export_mecanumdrive_arduinoExport-noconfig.cmake\n'}
[0.118605] (mecanumdrive_arduino) CommandEnded: {'returncode': 0}
[0.128657] (mecanumdrive_arduino) JobEnded: {'identifier': 'mecanumdrive_arduino', 'rc': 0}
[0.129191] (-) EventReactorShutdown: {}
