[0.000000] (-) TimerEvent: {}
[0.000415] (my_bot) JobQueued: {'identifier': 'my_bot', 'dependencies': OrderedDict()}
[0.000473] (my_bot) JobStarted: {'identifier': 'my_bot'}
[0.006854] (my_bot) JobProgress: {'identifier': 'my_bot', 'progress': 'cmake'}
[0.007315] (my_bot) Command: {'cmd': ['/usr/bin/cmake', '/home/janaka/dev_ws/src/my_bot', '-DCMAKE_INSTALL_PREFIX=/home/janaka/dev_ws/install/my_bot'], 'cwd': '/home/janaka/dev_ws/build/my_bot', 'env': OrderedDict([('LINOROBOT2_BASE', 'mecanum'), ('USER', 'janaka'), ('LC_TIME', 'si_LK'), ('XDG_SESSION_TYPE', 'x11'), ('SHLVL', '1'), ('LD_LIBRARY_PATH', '/usr/lib/x86_64-linux-gnu/gazebo-11/plugins:/opt/ros/humble/opt/rviz_ogre_vendor/lib:/opt/ros/humble/lib/x86_64-linux-gnu:/opt/ros/humble/lib'), ('HOME', '/home/janaka'), ('OLDPWD', '/home/janaka/dev_ws'), ('DESKTOP_SESSION', 'ubuntu'), ('ROS_PYTHON_VERSION', '3'), ('GNOME_SHELL_SESSION_MODE', 'ubuntu'), ('GTK_MODULES', 'gail:atk-bridge'), ('LC_MONETARY', 'si_LK'), ('SYSTEMD_EXEC_PID', '2196'), ('DBUS_SESSION_BUS_ADDRESS', 'unix:path=/run/user/1000/bus'), ('COLORTERM', 'truecolor'), ('COLCON_PREFIX_PATH', '/home/janaka/dev_ws/install:/home/janaka/ros2_ws/install'), ('ROS_DISTRO', 'humble'), ('GTK_IM_MODULE', 'ibus'), ('LOGNAME', 'janaka'), ('_', '/usr/bin/colcon'), ('ROS_VERSION', '2'), ('XDG_SESSION_CLASS', 'user'), ('USERNAME', 'janaka'), ('TERM', 'xterm-256color'), ('GNOME_DESKTOP_SESSION_ID', 'this-is-deprecated'), ('ROS_LOCALHOST_ONLY', '0'), ('WINDOWPATH', '2'), ('PATH', '/home/janaka/.local/bin:/opt/ros/humble/bin:/usr/local/sbin:/usr/local/bin:/usr/sbin:/usr/bin:/sbin:/bin:/usr/games:/usr/local/games:/snap/bin:/snap/bin:/home/janaka/.platformio/penv/bin:/home/janaka/.platformio/penv/bin'), ('SESSION_MANAGER', 'local/janaka-ros2:@/tmp/.ICE-unix/2127,unix/janaka-ros2:/tmp/.ICE-unix/2127'), ('XDG_MENU_PREFIX', 'gnome-'), ('LC_ADDRESS', 'si_LK'), ('GNOME_TERMINAL_SCREEN', '/org/gnome/Terminal/screen/ed53b8ec_ff3b_4ad9_b6d6_4342b454db23'), ('XDG_RUNTIME_DIR', '/run/user/1000'), ('DISPLAY', ':1'), ('LANG', 'en_US.UTF-8'), ('XDG_CURRENT_DESKTOP', 'ubuntu:GNOME'), ('LC_TELEPHONE', 'si_LK'), ('RMW_IMPLEMENTATION', 'rmw_cyclonedds_cpp'), ('XMODIFIERS', '@im=ibus'), ('XDG_SESSION_DESKTOP', 'ubuntu'), ('XAUTHORITY', '/run/user/1000/gdm/Xauthority'), ('GNOME_TERMINAL_SERVICE', ':1.408'), ('SSH_AGENT_LAUNCHER', 'gnome-keyring'), ('SSH_AUTH_SOCK', '/run/user/1000/keyring/ssh'), ('AMENT_PREFIX_PATH', '/home/janaka/dev_ws/install/my_bot:/home/janaka/ros2_ws/install/mobile_project_pkg:/home/janaka/ros2_ws/install/rplidar_ros:/opt/ros/humble'), ('SHELL', '/bin/bash'), ('LC_NAME', 'si_LK'), ('QT_ACCESSIBILITY', '1'), ('GDMSESSION', 'ubuntu'), ('LC_MEASUREMENT', 'si_LK'), ('GPG_AGENT_INFO', '/run/user/1000/gnupg/S.gpg-agent:0:1'), ('LC_IDENTIFICATION', 'si_LK'), ('QT_IM_MODULE', 'ibus'), ('PWD', '/home/janaka/dev_ws/build/my_bot'), ('LC_ALL', 'en_US.UTF-8'), ('XDG_CONFIG_DIRS', '/etc/xdg/xdg-ubuntu:/etc/xdg'), ('XDG_DATA_DIRS', '/usr/share/ubuntu:/usr/share/gnome:/usr/local/share/:/usr/share/:/var/lib/snapd/desktop'), ('PYTHONPATH', '/opt/ros/humble/lib/python3.10/site-packages:/opt/ros/humble/local/lib/python3.10/dist-packages'), ('LC_NUMERIC', 'si_LK'), ('LC_PAPER', 'si_LK'), ('COLCON', '1'), ('VTE_VERSION', '6800'), ('CMAKE_PREFIX_PATH', '/home/janaka/dev_ws/install/my_bot:/home/janaka/ros2_ws/install/mobile_project_pkg:/home/janaka/ros2_ws/install/rplidar_ros:/opt/ros/humble')]), 'shell': False}
[0.054012] (my_bot) StdoutLine: {'line': b'-- The C compiler identification is GNU 11.4.0\n'}
[0.095108] (my_bot) StdoutLine: {'line': b'-- The CXX compiler identification is GNU 11.4.0\n'}
[0.099399] (-) TimerEvent: {}
[0.099976] (my_bot) StdoutLine: {'line': b'-- Detecting C compiler ABI info\n'}
[0.162202] (my_bot) StdoutLine: {'line': b'-- Detecting C compiler ABI info - done\n'}
[0.166222] (my_bot) StdoutLine: {'line': b'-- Check for working C compiler: /usr/bin/cc - skipped\n'}
[0.166423] (my_bot) StdoutLine: {'line': b'-- Detecting C compile features\n'}
[0.166574] (my_bot) StdoutLine: {'line': b'-- Detecting C compile features - done\n'}
[0.168313] (my_bot) StdoutLine: {'line': b'-- Detecting CXX compiler ABI info\n'}
[0.199534] (-) TimerEvent: {}
[0.230850] (my_bot) StdoutLine: {'line': b'-- Detecting CXX compiler ABI info - done\n'}
[0.235035] (my_bot) StdoutLine: {'line': b'-- Check for working CXX compiler: /usr/bin/c++ - skipped\n'}
[0.235248] (my_bot) StdoutLine: {'line': b'-- Detecting CXX compile features\n'}
[0.235538] (my_bot) StdoutLine: {'line': b'-- Detecting CXX compile features - done\n'}
[0.237586] (my_bot) StdoutLine: {'line': b'-- Found ament_cmake: 1.3.12 (/opt/ros/humble/share/ament_cmake/cmake)\n'}
[0.299651] (-) TimerEvent: {}
[0.337110] (my_bot) StdoutLine: {'line': b'-- Found Python3: /usr/bin/python3 (found version "3.10.12") found components: Interpreter \n'}
[0.398483] (my_bot) StdoutLine: {'line': b'-- Found ament_lint_auto: 0.12.14 (/opt/ros/humble/share/ament_lint_auto/cmake)\n'}
[0.399727] (-) TimerEvent: {}
[0.449439] (my_bot) StdoutLine: {'line': b"-- Added test 'copyright' to check source files copyright and LICENSE\n"}
[0.451420] (my_bot) StdoutLine: {'line': b"-- Added test 'flake8' to check Python code syntax and style conventions\n"}
[0.451852] (my_bot) StdoutLine: {'line': b"-- Added test 'lint_cmake' to check CMake code style\n"}
[0.452190] (my_bot) StdoutLine: {'line': b"-- Added test 'pep257' to check Python code against some of the docstring style conventions in PEP 257\n"}
[0.453311] (my_bot) StdoutLine: {'line': b"-- Added test 'xmllint' to check XML markup files\n"}
[0.454068] (my_bot) StdoutLine: {'line': b'-- Configuring done\n'}
[0.456060] (my_bot) StdoutLine: {'line': b'-- Generating done\n'}
[0.457042] (my_bot) StdoutLine: {'line': b'-- Build files have been written to: /home/janaka/dev_ws/build/my_bot\n'}
[0.461880] (my_bot) CommandEnded: {'returncode': 0}
[0.462324] (my_bot) JobProgress: {'identifier': 'my_bot', 'progress': 'build'}
[0.462360] (my_bot) Command: {'cmd': ['/usr/bin/cmake', '--build', '/home/janaka/dev_ws/build/my_bot', '--', '-j16', '-l16'], 'cwd': '/home/janaka/dev_ws/build/my_bot', 'env': OrderedDict([('LINOROBOT2_BASE', 'mecanum'), ('USER', 'janaka'), ('LC_TIME', 'si_LK'), ('XDG_SESSION_TYPE', 'x11'), ('SHLVL', '1'), ('LD_LIBRARY_PATH', '/usr/lib/x86_64-linux-gnu/gazebo-11/plugins:/opt/ros/humble/opt/rviz_ogre_vendor/lib:/opt/ros/humble/lib/x86_64-linux-gnu:/opt/ros/humble/lib'), ('HOME', '/home/janaka'), ('OLDPWD', '/home/janaka/dev_ws'), ('DESKTOP_SESSION', 'ubuntu'), ('ROS_PYTHON_VERSION', '3'), ('GNOME_SHELL_SESSION_MODE', 'ubuntu'), ('GTK_MODULES', 'gail:atk-bridge'), ('LC_MONETARY', 'si_LK'), ('SYSTEMD_EXEC_PID', '2196'), ('DBUS_SESSION_BUS_ADDRESS', 'unix:path=/run/user/1000/bus'), ('COLORTERM', 'truecolor'), ('COLCON_PREFIX_PATH', '/home/janaka/dev_ws/install:/home/janaka/ros2_ws/install'), ('ROS_DISTRO', 'humble'), ('GTK_IM_MODULE', 'ibus'), ('LOGNAME', 'janaka'), ('_', '/usr/bin/colcon'), ('ROS_VERSION', '2'), ('XDG_SESSION_CLASS', 'user'), ('USERNAME', 'janaka'), ('TERM', 'xterm-256color'), ('GNOME_DESKTOP_SESSION_ID', 'this-is-deprecated'), ('ROS_LOCALHOST_ONLY', '0'), ('WINDOWPATH', '2'), ('PATH', '/home/janaka/.local/bin:/opt/ros/humble/bin:/usr/local/sbin:/usr/local/bin:/usr/sbin:/usr/bin:/sbin:/bin:/usr/games:/usr/local/games:/snap/bin:/snap/bin:/home/janaka/.platformio/penv/bin:/home/janaka/.platformio/penv/bin'), ('SESSION_MANAGER', 'local/janaka-ros2:@/tmp/.ICE-unix/2127,unix/janaka-ros2:/tmp/.ICE-unix/2127'), ('XDG_MENU_PREFIX', 'gnome-'), ('LC_ADDRESS', 'si_LK'), ('GNOME_TERMINAL_SCREEN', '/org/gnome/Terminal/screen/ed53b8ec_ff3b_4ad9_b6d6_4342b454db23'), ('XDG_RUNTIME_DIR', '/run/user/1000'), ('DISPLAY', ':1'), ('LANG', 'en_US.UTF-8'), ('XDG_CURRENT_DESKTOP', 'ubuntu:GNOME'), ('LC_TELEPHONE', 'si_LK'), ('RMW_IMPLEMENTATION', 'rmw_cyclonedds_cpp'), ('XMODIFIERS', '@im=ibus'), ('XDG_SESSION_DESKTOP', 'ubuntu'), ('XAUTHORITY', '/run/user/1000/gdm/Xauthority'), ('GNOME_TERMINAL_SERVICE', ':1.408'), ('SSH_AGENT_LAUNCHER', 'gnome-keyring'), ('SSH_AUTH_SOCK', '/run/user/1000/keyring/ssh'), ('AMENT_PREFIX_PATH', '/home/janaka/dev_ws/install/my_bot:/home/janaka/ros2_ws/install/mobile_project_pkg:/home/janaka/ros2_ws/install/rplidar_ros:/opt/ros/humble'), ('SHELL', '/bin/bash'), ('LC_NAME', 'si_LK'), ('QT_ACCESSIBILITY', '1'), ('GDMSESSION', 'ubuntu'), ('LC_MEASUREMENT', 'si_LK'), ('GPG_AGENT_INFO', '/run/user/1000/gnupg/S.gpg-agent:0:1'), ('LC_IDENTIFICATION', 'si_LK'), ('QT_IM_MODULE', 'ibus'), ('PWD', '/home/janaka/dev_ws/build/my_bot'), ('LC_ALL', 'en_US.UTF-8'), ('XDG_CONFIG_DIRS', '/etc/xdg/xdg-ubuntu:/etc/xdg'), ('XDG_DATA_DIRS', '/usr/share/ubuntu:/usr/share/gnome:/usr/local/share/:/usr/share/:/var/lib/snapd/desktop'), ('PYTHONPATH', '/opt/ros/humble/lib/python3.10/site-packages:/opt/ros/humble/local/lib/python3.10/dist-packages'), ('LC_NUMERIC', 'si_LK'), ('LC_PAPER', 'si_LK'), ('COLCON', '1'), ('VTE_VERSION', '6800'), ('CMAKE_PREFIX_PATH', '/home/janaka/dev_ws/install/my_bot:/home/janaka/ros2_ws/install/mobile_project_pkg:/home/janaka/ros2_ws/install/rplidar_ros:/opt/ros/humble')]), 'shell': False}
[0.491410] (my_bot) CommandEnded: {'returncode': 0}
[0.492376] (my_bot) JobProgress: {'identifier': 'my_bot', 'progress': 'install'}
[0.500102] (my_bot) Command: {'cmd': ['/usr/bin/cmake', '--install', '/home/janaka/dev_ws/build/my_bot'], 'cwd': '/home/janaka/dev_ws/build/my_bot', 'env': OrderedDict([('LINOROBOT2_BASE', 'mecanum'), ('USER', 'janaka'), ('LC_TIME', 'si_LK'), ('XDG_SESSION_TYPE', 'x11'), ('SHLVL', '1'), ('LD_LIBRARY_PATH', '/usr/lib/x86_64-linux-gnu/gazebo-11/plugins:/opt/ros/humble/opt/rviz_ogre_vendor/lib:/opt/ros/humble/lib/x86_64-linux-gnu:/opt/ros/humble/lib'), ('HOME', '/home/janaka'), ('OLDPWD', '/home/janaka/dev_ws'), ('DESKTOP_SESSION', 'ubuntu'), ('ROS_PYTHON_VERSION', '3'), ('GNOME_SHELL_SESSION_MODE', 'ubuntu'), ('GTK_MODULES', 'gail:atk-bridge'), ('LC_MONETARY', 'si_LK'), ('SYSTEMD_EXEC_PID', '2196'), ('DBUS_SESSION_BUS_ADDRESS', 'unix:path=/run/user/1000/bus'), ('COLORTERM', 'truecolor'), ('COLCON_PREFIX_PATH', '/home/janaka/dev_ws/install:/home/janaka/ros2_ws/install'), ('ROS_DISTRO', 'humble'), ('GTK_IM_MODULE', 'ibus'), ('LOGNAME', 'janaka'), ('_', '/usr/bin/colcon'), ('ROS_VERSION', '2'), ('XDG_SESSION_CLASS', 'user'), ('USERNAME', 'janaka'), ('TERM', 'xterm-256color'), ('GNOME_DESKTOP_SESSION_ID', 'this-is-deprecated'), ('ROS_LOCALHOST_ONLY', '0'), ('WINDOWPATH', '2'), ('PATH', '/home/janaka/.local/bin:/opt/ros/humble/bin:/usr/local/sbin:/usr/local/bin:/usr/sbin:/usr/bin:/sbin:/bin:/usr/games:/usr/local/games:/snap/bin:/snap/bin:/home/janaka/.platformio/penv/bin:/home/janaka/.platformio/penv/bin'), ('SESSION_MANAGER', 'local/janaka-ros2:@/tmp/.ICE-unix/2127,unix/janaka-ros2:/tmp/.ICE-unix/2127'), ('XDG_MENU_PREFIX', 'gnome-'), ('LC_ADDRESS', 'si_LK'), ('GNOME_TERMINAL_SCREEN', '/org/gnome/Terminal/screen/ed53b8ec_ff3b_4ad9_b6d6_4342b454db23'), ('XDG_RUNTIME_DIR', '/run/user/1000'), ('DISPLAY', ':1'), ('LANG', 'en_US.UTF-8'), ('XDG_CURRENT_DESKTOP', 'ubuntu:GNOME'), ('LC_TELEPHONE', 'si_LK'), ('RMW_IMPLEMENTATION', 'rmw_cyclonedds_cpp'), ('XMODIFIERS', '@im=ibus'), ('XDG_SESSION_DESKTOP', 'ubuntu'), ('XAUTHORITY', '/run/user/1000/gdm/Xauthority'), ('GNOME_TERMINAL_SERVICE', ':1.408'), ('SSH_AGENT_LAUNCHER', 'gnome-keyring'), ('SSH_AUTH_SOCK', '/run/user/1000/keyring/ssh'), ('AMENT_PREFIX_PATH', '/home/janaka/dev_ws/install/my_bot:/home/janaka/ros2_ws/install/mobile_project_pkg:/home/janaka/ros2_ws/install/rplidar_ros:/opt/ros/humble'), ('SHELL', '/bin/bash'), ('LC_NAME', 'si_LK'), ('QT_ACCESSIBILITY', '1'), ('GDMSESSION', 'ubuntu'), ('LC_MEASUREMENT', 'si_LK'), ('GPG_AGENT_INFO', '/run/user/1000/gnupg/S.gpg-agent:0:1'), ('LC_IDENTIFICATION', 'si_LK'), ('QT_IM_MODULE', 'ibus'), ('PWD', '/home/janaka/dev_ws/build/my_bot'), ('LC_ALL', 'en_US.UTF-8'), ('XDG_CONFIG_DIRS', '/etc/xdg/xdg-ubuntu:/etc/xdg'), ('XDG_DATA_DIRS', '/usr/share/ubuntu:/usr/share/gnome:/usr/local/share/:/usr/share/:/var/lib/snapd/desktop'), ('PYTHONPATH', '/opt/ros/humble/lib/python3.10/site-packages:/opt/ros/humble/local/lib/python3.10/dist-packages'), ('LC_NUMERIC', 'si_LK'), ('LC_PAPER', 'si_LK'), ('COLCON', '1'), ('VTE_VERSION', '6800'), ('CMAKE_PREFIX_PATH', '/home/janaka/dev_ws/install/my_bot:/home/janaka/ros2_ws/install/mobile_project_pkg:/home/janaka/ros2_ws/install/rplidar_ros:/opt/ros/humble')]), 'shell': False}
[0.500521] (-) TimerEvent: {}
[0.504354] (my_bot) StdoutLine: {'line': b'-- Install configuration: ""\n'}
[0.504518] (my_bot) StdoutLine: {'line': b'-- Installing: /home/janaka/dev_ws/install/my_bot/share/my_bot/config\n'}
[0.504605] (my_bot) StdoutLine: {'line': b'-- Installing: /home/janaka/dev_ws/install/my_bot/share/my_bot/config/my_controllers.yaml\n'}
[0.504719] (my_bot) StdoutLine: {'line': b'-- Installing: /home/janaka/dev_ws/install/my_bot/share/my_bot/config/empty.yaml\n'}
[0.504806] (my_bot) StdoutLine: {'line': b'-- Installing: /home/janaka/dev_ws/install/my_bot/share/my_bot/config/mapper_params_online_async.yaml\n'}
[0.504884] (my_bot) StdoutLine: {'line': b'-- Installing: /home/janaka/dev_ws/install/my_bot/share/my_bot/description\n'}
[0.504944] (my_bot) StdoutLine: {'line': b'-- Installing: /home/janaka/dev_ws/install/my_bot/share/my_bot/description/gazebo_control.xacro\n'}
[0.505004] (my_bot) StdoutLine: {'line': b'-- Installing: /home/janaka/dev_ws/install/my_bot/share/my_bot/description/robot_core.xacro\n'}
[0.505088] (my_bot) StdoutLine: {'line': b'-- Installing: /home/janaka/dev_ws/install/my_bot/share/my_bot/description/ros2_control.xacro\n'}
[0.505172] (my_bot) StdoutLine: {'line': b'-- Installing: /home/janaka/dev_ws/install/my_bot/share/my_bot/description/inertial_macros.xacro\n'}
[0.505231] (my_bot) StdoutLine: {'line': b'-- Installing: /home/janaka/dev_ws/install/my_bot/share/my_bot/description/robot.urdf.xacro\n'}
[0.505288] (my_bot) StdoutLine: {'line': b'-- Installing: /home/janaka/dev_ws/install/my_bot/share/my_bot/description/lidar.xacro\n'}
[0.505368] (my_bot) StdoutLine: {'line': b'-- Installing: /home/janaka/dev_ws/install/my_bot/share/my_bot/launch\n'}
[0.505424] (my_bot) StdoutLine: {'line': b'-- Installing: /home/janaka/dev_ws/install/my_bot/share/my_bot/launch/rsp.launch.py\n'}
[0.505520] (my_bot) StdoutLine: {'line': b'-- Installing: /home/janaka/dev_ws/install/my_bot/share/my_bot/launch/launch_sim.launch.py\n'}
[0.505574] (my_bot) StdoutLine: {'line': b'-- Installing: /home/janaka/dev_ws/install/my_bot/share/my_bot/worlds\n'}
[0.505631] (my_bot) StdoutLine: {'line': b'-- Installing: /home/janaka/dev_ws/install/my_bot/share/my_bot/worlds/empty.world\n'}
[0.505688] (my_bot) StdoutLine: {'line': b'-- Installing: /home/janaka/dev_ws/install/my_bot/share/ament_index/resource_index/package_run_dependencies/my_bot\n'}
[0.505756] (my_bot) StdoutLine: {'line': b'-- Installing: /home/janaka/dev_ws/install/my_bot/share/ament_index/resource_index/parent_prefix_path/my_bot\n'}
[0.505859] (my_bot) StdoutLine: {'line': b'-- Installing: /home/janaka/dev_ws/install/my_bot/share/my_bot/environment/ament_prefix_path.sh\n'}
[0.505929] (my_bot) StdoutLine: {'line': b'-- Installing: /home/janaka/dev_ws/install/my_bot/share/my_bot/environment/ament_prefix_path.dsv\n'}
[0.505983] (my_bot) StdoutLine: {'line': b'-- Installing: /home/janaka/dev_ws/install/my_bot/share/my_bot/environment/path.sh\n'}
[0.506017] (my_bot) StdoutLine: {'line': b'-- Installing: /home/janaka/dev_ws/install/my_bot/share/my_bot/environment/path.dsv\n'}
[0.506044] (my_bot) StdoutLine: {'line': b'-- Installing: /home/janaka/dev_ws/install/my_bot/share/my_bot/local_setup.bash\n'}
[0.506105] (my_bot) StdoutLine: {'line': b'-- Installing: /home/janaka/dev_ws/install/my_bot/share/my_bot/local_setup.sh\n'}
[0.506187] (my_bot) StdoutLine: {'line': b'-- Installing: /home/janaka/dev_ws/install/my_bot/share/my_bot/local_setup.zsh\n'}
[0.506267] (my_bot) StdoutLine: {'line': b'-- Installing: /home/janaka/dev_ws/install/my_bot/share/my_bot/local_setup.dsv\n'}
[0.506347] (my_bot) StdoutLine: {'line': b'-- Installing: /home/janaka/dev_ws/install/my_bot/share/my_bot/package.dsv\n'}
[0.506453] (my_bot) StdoutLine: {'line': b'-- Installing: /home/janaka/dev_ws/install/my_bot/share/ament_index/resource_index/packages/my_bot\n'}
[0.506580] (my_bot) StdoutLine: {'line': b'-- Installing: /home/janaka/dev_ws/install/my_bot/share/my_bot/cmake/my_botConfig.cmake\n'}
[0.506652] (my_bot) StdoutLine: {'line': b'-- Installing: /home/janaka/dev_ws/install/my_bot/share/my_bot/cmake/my_botConfig-version.cmake\n'}
[0.506705] (my_bot) StdoutLine: {'line': b'-- Installing: /home/janaka/dev_ws/install/my_bot/share/my_bot/package.xml\n'}
[0.508036] (my_bot) CommandEnded: {'returncode': 0}
[0.515870] (my_bot) JobEnded: {'identifier': 'my_bot', 'rc': 0}
[0.516414] (-) EventReactorShutdown: {}
