[0.000000] (-) TimerEvent: {}
[0.000327] (my_bot) JobQueued: {'identifier': 'my_bot', 'dependencies': OrderedDict()}
[0.000368] (my_bot) JobStarted: {'identifier': 'my_bot'}
[0.006413] (my_bot) JobProgress: {'identifier': 'my_bot', 'progress': 'cmake'}
[0.006969] (my_bot) Command: {'cmd': ['/usr/bin/cmake', '/home/janaka/dev_ws/src/my_bot', '-DAMENT_CMAKE_SYMLINK_INSTALL=1', '-DCMAKE_INSTALL_PREFIX=/home/janaka/dev_ws/install/my_bot'], 'cwd': '/home/janaka/dev_ws/build/my_bot', 'env': OrderedDict([('LINOROBOT2_BASE', 'mecanum'), ('USER', 'janaka'), ('LC_TIME', 'si_LK'), ('XDG_SESSION_TYPE', 'x11'), ('SHLVL', '1'), ('LD_LIBRARY_PATH', '/usr/lib/x86_64-linux-gnu/gazebo-11/plugins:/opt/ros/humble/opt/rviz_ogre_vendor/lib:/opt/ros/humble/lib/x86_64-linux-gnu:/opt/ros/humble/lib'), ('HOME', '/home/janaka'), ('OLDPWD', '/home/janaka'), ('DESKTOP_SESSION', 'ubuntu'), ('ROS_PYTHON_VERSION', '3'), ('GNOME_SHELL_SESSION_MODE', 'ubuntu'), ('GTK_MODULES', 'gail:atk-bridge'), ('LC_MONETARY', 'si_LK'), ('SYSTEMD_EXEC_PID', '2196'), ('DBUS_SESSION_BUS_ADDRESS', 'unix:path=/run/user/1000/bus'), ('COLORTERM', 'truecolor'), ('COLCON_PREFIX_PATH', '/home/janaka/ros2_ws/install'), ('ROS_DISTRO', 'humble'), ('GTK_IM_MODULE', 'ibus'), ('LOGNAME', 'janaka'), ('_', '/usr/bin/colcon'), ('ROS_VERSION', '2'), ('XDG_SESSION_CLASS', 'user'), ('USERNAME', 'janaka'), ('TERM', 'xterm-256color'), ('GNOME_DESKTOP_SESSION_ID', 'this-is-deprecated'), ('ROS_LOCALHOST_ONLY', '0'), ('WINDOWPATH', '2'), ('PATH', '/home/janaka/.local/bin:/opt/ros/humble/bin:/usr/local/sbin:/usr/local/bin:/usr/sbin:/usr/bin:/sbin:/bin:/usr/games:/usr/local/games:/snap/bin:/snap/bin:/home/janaka/.platformio/penv/bin:/home/janaka/.platformio/penv/bin'), ('SESSION_MANAGER', 'local/janaka-ros2:@/tmp/.ICE-unix/2127,unix/janaka-ros2:/tmp/.ICE-unix/2127'), ('XDG_MENU_PREFIX', 'gnome-'), ('LC_ADDRESS', 'si_LK'), ('GNOME_TERMINAL_SCREEN', '/org/gnome/Terminal/screen/b1334b36_5264_4dc0_958a_fb8c4519e1fb'), ('XDG_RUNTIME_DIR', '/run/user/1000'), ('DISPLAY', ':1'), ('LANG', 'en_US.UTF-8'), ('XDG_CURRENT_DESKTOP', 'ubuntu:GNOME'), ('LC_TELEPHONE', 'si_LK'), ('RMW_IMPLEMENTATION', 'rmw_cyclonedds_cpp'), ('XMODIFIERS', '@im=ibus'), ('XDG_SESSION_DESKTOP', 'ubuntu'), ('XAUTHORITY', '/run/user/1000/gdm/Xauthority'), ('GNOME_TERMINAL_SERVICE', ':1.548'), ('SSH_AGENT_LAUNCHER', 'gnome-keyring'), ('SSH_AUTH_SOCK', '/run/user/1000/keyring/ssh'), ('AMENT_PREFIX_PATH', '/home/janaka/ros2_ws/install/mobile_project_pkg:/home/janaka/ros2_ws/install/rplidar_ros:/opt/ros/humble'), ('SHELL', '/bin/bash'), ('LC_NAME', 'si_LK'), ('QT_ACCESSIBILITY', '1'), ('GDMSESSION', 'ubuntu'), ('LC_MEASUREMENT', 'si_LK'), ('GPG_AGENT_INFO', '/run/user/1000/gnupg/S.gpg-agent:0:1'), ('LC_IDENTIFICATION', 'si_LK'), ('QT_IM_MODULE', 'ibus'), ('PWD', '/home/janaka/dev_ws/build/my_bot'), ('LC_ALL', 'en_US.UTF-8'), ('XDG_CONFIG_DIRS', '/etc/xdg/xdg-ubuntu:/etc/xdg'), ('XDG_DATA_DIRS', '/usr/share/ubuntu:/usr/share/gnome:/usr/local/share/:/usr/share/:/var/lib/snapd/desktop'), ('PYTHONPATH', '/opt/ros/humble/lib/python3.10/site-packages:/opt/ros/humble/local/lib/python3.10/dist-packages'), ('LC_NUMERIC', 'si_LK'), ('LC_PAPER', 'si_LK'), ('COLCON', '1'), ('VTE_VERSION', '6800'), ('CMAKE_PREFIX_PATH', '/home/janaka/ros2_ws/install/mobile_project_pkg:/home/janaka/ros2_ws/install/rplidar_ros:/opt/ros/humble')]), 'shell': False}
[0.051662] (my_bot) StdoutLine: {'line': b'-- The C compiler identification is GNU 11.4.0\n'}
[0.090197] (my_bot) StdoutLine: {'line': b'-- The CXX compiler identification is GNU 11.4.0\n'}
[0.095093] (my_bot) StdoutLine: {'line': b'-- Detecting C compiler ABI info\n'}
[0.099413] (-) TimerEvent: {}
[0.153264] (my_bot) StdoutLine: {'line': b'-- Detecting C compiler ABI info - done\n'}
[0.157808] (my_bot) StdoutLine: {'line': b'-- Check for working C compiler: /usr/bin/cc - skipped\n'}
[0.158013] (my_bot) StdoutLine: {'line': b'-- Detecting C compile features\n'}
[0.158271] (my_bot) StdoutLine: {'line': b'-- Detecting C compile features - done\n'}
[0.160048] (my_bot) StdoutLine: {'line': b'-- Detecting CXX compiler ABI info\n'}
[0.199543] (-) TimerEvent: {}
[0.220203] (my_bot) StdoutLine: {'line': b'-- Detecting CXX compiler ABI info - done\n'}
[0.224104] (my_bot) StdoutLine: {'line': b'-- Check for working CXX compiler: /usr/bin/c++ - skipped\n'}
[0.224288] (my_bot) StdoutLine: {'line': b'-- Detecting CXX compile features\n'}
[0.224525] (my_bot) StdoutLine: {'line': b'-- Detecting CXX compile features - done\n'}
[0.228008] (my_bot) StdoutLine: {'line': b'-- Found ament_cmake: 1.3.12 (/opt/ros/humble/share/ament_cmake/cmake)\n'}
[0.299659] (-) TimerEvent: {}
[0.319334] (my_bot) StdoutLine: {'line': b'-- Found Python3: /usr/bin/python3 (found version "3.10.12") found components: Interpreter \n'}
[0.357866] (my_bot) StdoutLine: {'line': b'-- Override CMake install command with custom implementation using symlinks instead of copying resources\n'}
[0.380244] (my_bot) StdoutLine: {'line': b'-- Found ament_lint_auto: 0.12.14 (/opt/ros/humble/share/ament_lint_auto/cmake)\n'}
[0.399746] (-) TimerEvent: {}
[0.430403] (my_bot) StdoutLine: {'line': b"-- Added test 'copyright' to check source files copyright and LICENSE\n"}
[0.432442] (my_bot) StdoutLine: {'line': b"-- Added test 'flake8' to check Python code syntax and style conventions\n"}
[0.432903] (my_bot) StdoutLine: {'line': b"-- Added test 'lint_cmake' to check CMake code style\n"}
[0.433229] (my_bot) StdoutLine: {'line': b"-- Added test 'pep257' to check Python code against some of the docstring style conventions in PEP 257\n"}
[0.434320] (my_bot) StdoutLine: {'line': b"-- Added test 'xmllint' to check XML markup files\n"}
[0.435154] (my_bot) StdoutLine: {'line': b'-- Configuring done\n'}
[0.437138] (my_bot) StdoutLine: {'line': b'-- Generating done\n'}
[0.438089] (my_bot) StdoutLine: {'line': b'-- Build files have been written to: /home/janaka/dev_ws/build/my_bot\n'}
[0.441519] (my_bot) CommandEnded: {'returncode': 0}
[0.443024] (my_bot) JobProgress: {'identifier': 'my_bot', 'progress': 'build'}
[0.443042] (my_bot) Command: {'cmd': ['/usr/bin/cmake', '--build', '/home/janaka/dev_ws/build/my_bot', '--', '-j16', '-l16'], 'cwd': '/home/janaka/dev_ws/build/my_bot', 'env': OrderedDict([('LINOROBOT2_BASE', 'mecanum'), ('USER', 'janaka'), ('LC_TIME', 'si_LK'), ('XDG_SESSION_TYPE', 'x11'), ('SHLVL', '1'), ('LD_LIBRARY_PATH', '/usr/lib/x86_64-linux-gnu/gazebo-11/plugins:/opt/ros/humble/opt/rviz_ogre_vendor/lib:/opt/ros/humble/lib/x86_64-linux-gnu:/opt/ros/humble/lib'), ('HOME', '/home/janaka'), ('OLDPWD', '/home/janaka'), ('DESKTOP_SESSION', 'ubuntu'), ('ROS_PYTHON_VERSION', '3'), ('GNOME_SHELL_SESSION_MODE', 'ubuntu'), ('GTK_MODULES', 'gail:atk-bridge'), ('LC_MONETARY', 'si_LK'), ('SYSTEMD_EXEC_PID', '2196'), ('DBUS_SESSION_BUS_ADDRESS', 'unix:path=/run/user/1000/bus'), ('COLORTERM', 'truecolor'), ('COLCON_PREFIX_PATH', '/home/janaka/ros2_ws/install'), ('ROS_DISTRO', 'humble'), ('GTK_IM_MODULE', 'ibus'), ('LOGNAME', 'janaka'), ('_', '/usr/bin/colcon'), ('ROS_VERSION', '2'), ('XDG_SESSION_CLASS', 'user'), ('USERNAME', 'janaka'), ('TERM', 'xterm-256color'), ('GNOME_DESKTOP_SESSION_ID', 'this-is-deprecated'), ('ROS_LOCALHOST_ONLY', '0'), ('WINDOWPATH', '2'), ('PATH', '/home/janaka/.local/bin:/opt/ros/humble/bin:/usr/local/sbin:/usr/local/bin:/usr/sbin:/usr/bin:/sbin:/bin:/usr/games:/usr/local/games:/snap/bin:/snap/bin:/home/janaka/.platformio/penv/bin:/home/janaka/.platformio/penv/bin'), ('SESSION_MANAGER', 'local/janaka-ros2:@/tmp/.ICE-unix/2127,unix/janaka-ros2:/tmp/.ICE-unix/2127'), ('XDG_MENU_PREFIX', 'gnome-'), ('LC_ADDRESS', 'si_LK'), ('GNOME_TERMINAL_SCREEN', '/org/gnome/Terminal/screen/b1334b36_5264_4dc0_958a_fb8c4519e1fb'), ('XDG_RUNTIME_DIR', '/run/user/1000'), ('DISPLAY', ':1'), ('LANG', 'en_US.UTF-8'), ('XDG_CURRENT_DESKTOP', 'ubuntu:GNOME'), ('LC_TELEPHONE', 'si_LK'), ('RMW_IMPLEMENTATION', 'rmw_cyclonedds_cpp'), ('XMODIFIERS', '@im=ibus'), ('XDG_SESSION_DESKTOP', 'ubuntu'), ('XAUTHORITY', '/run/user/1000/gdm/Xauthority'), ('GNOME_TERMINAL_SERVICE', ':1.548'), ('SSH_AGENT_LAUNCHER', 'gnome-keyring'), ('SSH_AUTH_SOCK', '/run/user/1000/keyring/ssh'), ('AMENT_PREFIX_PATH', '/home/janaka/ros2_ws/install/mobile_project_pkg:/home/janaka/ros2_ws/install/rplidar_ros:/opt/ros/humble'), ('SHELL', '/bin/bash'), ('LC_NAME', 'si_LK'), ('QT_ACCESSIBILITY', '1'), ('GDMSESSION', 'ubuntu'), ('LC_MEASUREMENT', 'si_LK'), ('GPG_AGENT_INFO', '/run/user/1000/gnupg/S.gpg-agent:0:1'), ('LC_IDENTIFICATION', 'si_LK'), ('QT_IM_MODULE', 'ibus'), ('PWD', '/home/janaka/dev_ws/build/my_bot'), ('LC_ALL', 'en_US.UTF-8'), ('XDG_CONFIG_DIRS', '/etc/xdg/xdg-ubuntu:/etc/xdg'), ('XDG_DATA_DIRS', '/usr/share/ubuntu:/usr/share/gnome:/usr/local/share/:/usr/share/:/var/lib/snapd/desktop'), ('PYTHONPATH', '/opt/ros/humble/lib/python3.10/site-packages:/opt/ros/humble/local/lib/python3.10/dist-packages'), ('LC_NUMERIC', 'si_LK'), ('LC_PAPER', 'si_LK'), ('COLCON', '1'), ('VTE_VERSION', '6800'), ('CMAKE_PREFIX_PATH', '/home/janaka/ros2_ws/install/mobile_project_pkg:/home/janaka/ros2_ws/install/rplidar_ros:/opt/ros/humble')]), 'shell': False}
[0.475199] (my_bot) CommandEnded: {'returncode': 0}
[0.475581] (my_bot) JobProgress: {'identifier': 'my_bot', 'progress': 'install'}
[0.482328] (my_bot) Command: {'cmd': ['/usr/bin/cmake', '--install', '/home/janaka/dev_ws/build/my_bot'], 'cwd': '/home/janaka/dev_ws/build/my_bot', 'env': OrderedDict([('LINOROBOT2_BASE', 'mecanum'), ('USER', 'janaka'), ('LC_TIME', 'si_LK'), ('XDG_SESSION_TYPE', 'x11'), ('SHLVL', '1'), ('LD_LIBRARY_PATH', '/usr/lib/x86_64-linux-gnu/gazebo-11/plugins:/opt/ros/humble/opt/rviz_ogre_vendor/lib:/opt/ros/humble/lib/x86_64-linux-gnu:/opt/ros/humble/lib'), ('HOME', '/home/janaka'), ('OLDPWD', '/home/janaka'), ('DESKTOP_SESSION', 'ubuntu'), ('ROS_PYTHON_VERSION', '3'), ('GNOME_SHELL_SESSION_MODE', 'ubuntu'), ('GTK_MODULES', 'gail:atk-bridge'), ('LC_MONETARY', 'si_LK'), ('SYSTEMD_EXEC_PID', '2196'), ('DBUS_SESSION_BUS_ADDRESS', 'unix:path=/run/user/1000/bus'), ('COLORTERM', 'truecolor'), ('COLCON_PREFIX_PATH', '/home/janaka/ros2_ws/install'), ('ROS_DISTRO', 'humble'), ('GTK_IM_MODULE', 'ibus'), ('LOGNAME', 'janaka'), ('_', '/usr/bin/colcon'), ('ROS_VERSION', '2'), ('XDG_SESSION_CLASS', 'user'), ('USERNAME', 'janaka'), ('TERM', 'xterm-256color'), ('GNOME_DESKTOP_SESSION_ID', 'this-is-deprecated'), ('ROS_LOCALHOST_ONLY', '0'), ('WINDOWPATH', '2'), ('PATH', '/home/janaka/.local/bin:/opt/ros/humble/bin:/usr/local/sbin:/usr/local/bin:/usr/sbin:/usr/bin:/sbin:/bin:/usr/games:/usr/local/games:/snap/bin:/snap/bin:/home/janaka/.platformio/penv/bin:/home/janaka/.platformio/penv/bin'), ('SESSION_MANAGER', 'local/janaka-ros2:@/tmp/.ICE-unix/2127,unix/janaka-ros2:/tmp/.ICE-unix/2127'), ('XDG_MENU_PREFIX', 'gnome-'), ('LC_ADDRESS', 'si_LK'), ('GNOME_TERMINAL_SCREEN', '/org/gnome/Terminal/screen/b1334b36_5264_4dc0_958a_fb8c4519e1fb'), ('XDG_RUNTIME_DIR', '/run/user/1000'), ('DISPLAY', ':1'), ('LANG', 'en_US.UTF-8'), ('XDG_CURRENT_DESKTOP', 'ubuntu:GNOME'), ('LC_TELEPHONE', 'si_LK'), ('RMW_IMPLEMENTATION', 'rmw_cyclonedds_cpp'), ('XMODIFIERS', '@im=ibus'), ('XDG_SESSION_DESKTOP', 'ubuntu'), ('XAUTHORITY', '/run/user/1000/gdm/Xauthority'), ('GNOME_TERMINAL_SERVICE', ':1.548'), ('SSH_AGENT_LAUNCHER', 'gnome-keyring'), ('SSH_AUTH_SOCK', '/run/user/1000/keyring/ssh'), ('AMENT_PREFIX_PATH', '/home/janaka/ros2_ws/install/mobile_project_pkg:/home/janaka/ros2_ws/install/rplidar_ros:/opt/ros/humble'), ('SHELL', '/bin/bash'), ('LC_NAME', 'si_LK'), ('QT_ACCESSIBILITY', '1'), ('GDMSESSION', 'ubuntu'), ('LC_MEASUREMENT', 'si_LK'), ('GPG_AGENT_INFO', '/run/user/1000/gnupg/S.gpg-agent:0:1'), ('LC_IDENTIFICATION', 'si_LK'), ('QT_IM_MODULE', 'ibus'), ('PWD', '/home/janaka/dev_ws/build/my_bot'), ('LC_ALL', 'en_US.UTF-8'), ('XDG_CONFIG_DIRS', '/etc/xdg/xdg-ubuntu:/etc/xdg'), ('XDG_DATA_DIRS', '/usr/share/ubuntu:/usr/share/gnome:/usr/local/share/:/usr/share/:/var/lib/snapd/desktop'), ('PYTHONPATH', '/opt/ros/humble/lib/python3.10/site-packages:/opt/ros/humble/local/lib/python3.10/dist-packages'), ('LC_NUMERIC', 'si_LK'), ('LC_PAPER', 'si_LK'), ('COLCON', '1'), ('VTE_VERSION', '6800'), ('CMAKE_PREFIX_PATH', '/home/janaka/ros2_ws/install/mobile_project_pkg:/home/janaka/ros2_ws/install/rplidar_ros:/opt/ros/humble')]), 'shell': False}
[0.487083] (my_bot) StdoutLine: {'line': b'-- Install configuration: ""\n'}
[0.487355] (my_bot) StdoutLine: {'line': b'-- Execute custom install script\n'}
[0.487652] (my_bot) StdoutLine: {'line': b'-- Symlinking: /home/janaka/dev_ws/install/my_bot/share/my_bot/config/empty.yaml\n'}
[0.495609] (my_bot) StdoutLine: {'line': b'-- Symlinking: /home/janaka/dev_ws/install/my_bot/share/my_bot/config/mapper_params_online_async.yaml\n'}
[0.499811] (-) TimerEvent: {}
[0.501997] (my_bot) StdoutLine: {'line': b'-- Symlinking: /home/janaka/dev_ws/install/my_bot/share/my_bot/config/my_controllers.yaml\n'}
[0.507737] (my_bot) StdoutLine: {'line': b'-- Symlinking: /home/janaka/dev_ws/install/my_bot/share/my_bot/description/gazebo_control.xacro\n'}
[0.514373] (my_bot) StdoutLine: {'line': b'-- Symlinking: /home/janaka/dev_ws/install/my_bot/share/my_bot/description/inertial_macros.xacro\n'}
[0.520089] (my_bot) StdoutLine: {'line': b'-- Symlinking: /home/janaka/dev_ws/install/my_bot/share/my_bot/description/lidar.xacro\n'}
[0.526040] (my_bot) StdoutLine: {'line': b'-- Symlinking: /home/janaka/dev_ws/install/my_bot/share/my_bot/description/robot.urdf.xacro\n'}
[0.535002] (my_bot) StdoutLine: {'line': b'-- Symlinking: /home/janaka/dev_ws/install/my_bot/share/my_bot/description/robot_core.xacro\n'}
[0.541206] (my_bot) StdoutLine: {'line': b'-- Symlinking: /home/janaka/dev_ws/install/my_bot/share/my_bot/description/ros2_control.xacro\n'}
[0.548629] (my_bot) StdoutLine: {'line': b'-- Symlinking: /home/janaka/dev_ws/install/my_bot/share/my_bot/launch/launch_sim.launch.py\n'}
[0.554878] (my_bot) StdoutLine: {'line': b'-- Symlinking: /home/janaka/dev_ws/install/my_bot/share/my_bot/launch/rsp.launch.py\n'}
[0.562576] (my_bot) StdoutLine: {'line': b'-- Symlinking: /home/janaka/dev_ws/install/my_bot/share/my_bot/worlds/empty.world\n'}
[0.568949] (my_bot) StdoutLine: {'line': b'-- Symlinking: /home/janaka/dev_ws/install/my_bot/share/ament_index/resource_index/package_run_dependencies/my_bot\n'}
[0.576480] (my_bot) StdoutLine: {'line': b'-- Symlinking: /home/janaka/dev_ws/install/my_bot/share/ament_index/resource_index/parent_prefix_path/my_bot\n'}
[0.583327] (my_bot) StdoutLine: {'line': b'-- Symlinking: /home/janaka/dev_ws/install/my_bot/share/my_bot/environment/ament_prefix_path.sh\n'}
[0.590016] (my_bot) StdoutLine: {'line': b'-- Symlinking: /home/janaka/dev_ws/install/my_bot/share/my_bot/environment/ament_prefix_path.dsv\n'}
[0.596350] (my_bot) StdoutLine: {'line': b'-- Symlinking: /home/janaka/dev_ws/install/my_bot/share/my_bot/environment/path.sh\n'}
[0.599889] (-) TimerEvent: {}
[0.603747] (my_bot) StdoutLine: {'line': b'-- Symlinking: /home/janaka/dev_ws/install/my_bot/share/my_bot/environment/path.dsv\n'}
[0.610872] (my_bot) StdoutLine: {'line': b'-- Symlinking: /home/janaka/dev_ws/install/my_bot/share/my_bot/local_setup.bash\n'}
[0.617507] (my_bot) StdoutLine: {'line': b'-- Symlinking: /home/janaka/dev_ws/install/my_bot/share/my_bot/local_setup.sh\n'}
[0.624492] (my_bot) StdoutLine: {'line': b'-- Symlinking: /home/janaka/dev_ws/install/my_bot/share/my_bot/local_setup.zsh\n'}
[0.637295] (my_bot) StdoutLine: {'line': b'-- Symlinking: /home/janaka/dev_ws/install/my_bot/share/my_bot/local_setup.dsv\n'}
[0.645388] (my_bot) StdoutLine: {'line': b'-- Symlinking: /home/janaka/dev_ws/install/my_bot/share/my_bot/package.dsv\n'}
[0.653139] (my_bot) StdoutLine: {'line': b'-- Symlinking: /home/janaka/dev_ws/install/my_bot/share/ament_index/resource_index/packages/my_bot\n'}
[0.660590] (my_bot) StdoutLine: {'line': b'-- Symlinking: /home/janaka/dev_ws/install/my_bot/share/my_bot/cmake/my_botConfig.cmake\n'}
[0.667891] (my_bot) StdoutLine: {'line': b'-- Symlinking: /home/janaka/dev_ws/install/my_bot/share/my_bot/cmake/my_botConfig-version.cmake\n'}
[0.674972] (my_bot) StdoutLine: {'line': b'-- Symlinking: /home/janaka/dev_ws/install/my_bot/share/my_bot/package.xml\n'}
[0.684940] (my_bot) CommandEnded: {'returncode': 0}
[0.693072] (my_bot) JobEnded: {'identifier': 'my_bot', 'rc': 0}
[0.693582] (-) EventReactorShutdown: {}
