[0.041s] Invoking command in '/home/janaka/dev_ws/build/force_torque_sensor_broadcaster': CMAKE_PREFIX_PATH=${CMAKE_PREFIX_PATH}:/opt/ros/humble /usr/bin/cmake /home/janaka/dev_ws/src/ros2_controllers/force_torque_sensor_broadcaster -DAMENT_CMAKE_SYMLINK_INSTALL=1 -DCMAKE_INSTALL_PREFIX=/home/janaka/dev_ws/install/force_torque_sensor_broadcaster
[0.326s] -- The CXX compiler identification is GNU 11.4.0
[0.326s] -- Detecting CXX compiler ABI info
[0.326s] -- Detecting CXX compiler ABI info - done
[0.326s] -- Check for working CXX compiler: /usr/bin/c++ - skipped
[0.326s] -- Detecting CXX compile features
[0.327s] -- Detecting CXX compile features - done
[0.327s] -- Found ament_cmake: 1.3.12 (/opt/ros/humble/share/ament_cmake/cmake)
[0.358s] -- Found Python3: /usr/bin/python3 (found version "3.10.12") found components: Interpreter 
[0.430s] -- Override CMake install command with custom implementation using symlinks instead of copying resources
[0.464s] -- Found controller_interface: 2.52.0 (/opt/ros/humble/share/controller_interface/cmake)
[0.512s] -- Found rosidl_generator_c: 3.1.7 (/opt/ros/humble/share/rosidl_generator_c/cmake)
[0.513s] -- Found rosidl_adapter: 3.1.7 (/opt/ros/humble/share/rosidl_adapter/cmake)
[0.523s] -- Found rosidl_generator_cpp: 3.1.7 (/opt/ros/humble/share/rosidl_generator_cpp/cmake)
[0.539s] -- Using all available rosidl_typesupport_c: rosidl_typesupport_fastrtps_c;rosidl_typesupport_introspection_c
[0.559s] -- Using all available rosidl_typesupport_cpp: rosidl_typesupport_fastrtps_cpp;rosidl_typesupport_introspection_cpp
[0.772s] -- Found rmw_implementation_cmake: 6.1.2 (/opt/ros/humble/share/rmw_implementation_cmake/cmake)
[0.776s] -- Found rmw_fastrtps_cpp: 6.2.8 (/opt/ros/humble/share/rmw_fastrtps_cpp/cmake)
[0.798s] -- Found TinyXML2 via Config file: TinyXML2_DIR-NOTFOUND
[0.852s] -- Found OpenSSL: /usr/lib/x86_64-linux-gnu/libcrypto.so (found version "3.0.2")  
[0.854s] -- Found TinyXML2 via Config file: TinyXML2_DIR-NOTFOUND
[0.877s] -- Found FastRTPS: /opt/ros/humble/include  
[0.877s] -- Found TinyXML2 via Config file: TinyXML2_DIR-NOTFOUND
[0.887s] -- Found TinyXML2 via Config file: TinyXML2_DIR-NOTFOUND
[0.899s] -- Using RMW implementation 'rmw_fastrtps_cpp' as default
[0.907s] -- Looking for C++ include pthread.h
[1.051s] -- Looking for C++ include pthread.h - found
[1.051s] -- Performing Test CMAKE_HAVE_LIBC_PTHREAD
[1.204s] -- Performing Test CMAKE_HAVE_LIBC_PTHREAD - Success
[1.204s] -- Found Threads: TRUE  
[1.251s] -- Found generate_parameter_library: 0.5.0 (/opt/ros/humble/share/generate_parameter_library/cmake)
[1.253s] -- Found parameter_traits: 0.5.0 (/opt/ros/humble/share/parameter_traits/cmake)
[1.273s] -- Found realtime_tools: 2.14.0 (/opt/ros/humble/share/realtime_tools/cmake)
[1.287s] -- Found ament_cmake_gmock: 1.3.12 (/opt/ros/humble/share/ament_cmake_gmock/cmake)
[1.290s] -- Found controller_manager: 2.52.0 (/opt/ros/humble/share/controller_manager/cmake)
[1.312s] -- Found ros2_control_test_assets: 2.52.0 (/opt/ros/humble/share/ros2_control_test_assets/cmake)
[1.315s] -- Found gmock sources under '/opt/ros/humble/src/gmock_vendor': C++ tests using 'Google Mock' will be built
[1.356s] -- The C compiler identification is GNU 11.4.0
[1.366s] -- Detecting C compiler ABI info
[1.487s] -- Detecting C compiler ABI info - done
[1.490s] -- Check for working C compiler: /usr/bin/cc - skipped
[1.490s] -- Detecting C compile features
[1.491s] -- Detecting C compile features - done
[1.494s] -- Found ament_cmake_gtest: 1.3.12 (/opt/ros/humble/share/ament_cmake_gtest/cmake)
[1.499s] -- Found gtest sources under '/opt/ros/humble/src/gtest_vendor': C++ tests using 'Google Test' will be built
[1.503s] -- Found gmock sources under '/opt/ros/humble/src/gmock_vendor': C++ tests using 'Google Mock' will be built
[1.503s] -- Found ament_cmake_gtest: 1.3.12 (/opt/ros/humble/share/ament_cmake_gtest/cmake)
[1.503s] -- Found gtest sources under '/opt/ros/humble/src/gtest_vendor': C++ tests using 'Google Test' will be built
[1.579s] -- Configuring done
[1.610s] -- Generating done
[1.623s] -- Build files have been written to: /home/janaka/dev_ws/build/force_torque_sensor_broadcaster
