[0.008s] Invoking command in '/home/janaka/dev_ws/build/my_bot': CMAKE_PREFIX_PATH=${CMAKE_PREFIX_PATH}:/opt/ros/humble /usr/bin/cmake /home/janaka/dev_ws/src/my_bot -DCMAKE_INSTALL_PREFIX=/home/janaka/dev_ws/install/my_bot
[0.054s] -- The C compiler identification is GNU 11.4.0
[0.095s] -- The CXX compiler identification is GNU 11.4.0
[0.100s] -- Detecting C compiler ABI info
[0.162s] -- Detecting C compiler ABI info - done
[0.166s] -- Check for working C compiler: /usr/bin/cc - skipped
[0.166s] -- Detecting C compile features
[0.166s] -- Detecting C compile features - done
[0.168s] -- Detecting CXX compiler ABI info
[0.231s] -- Detecting CXX compiler ABI info - done
[0.235s] -- Check for working CXX compiler: /usr/bin/c++ - skipped
[0.235s] -- Detecting CXX compile features
[0.235s] -- Detecting CXX compile features - done
[0.237s] -- Found ament_cmake: 1.3.12 (/opt/ros/humble/share/ament_cmake/cmake)
[0.337s] -- Found Python3: /usr/bin/python3 (found version "3.10.12") found components: Interpreter 
[0.398s] -- Found ament_lint_auto: 0.12.14 (/opt/ros/humble/share/ament_lint_auto/cmake)
[0.449s] -- Added test 'copyright' to check source files copyright and LICENSE
[0.451s] -- Added test 'flake8' to check Python code syntax and style conventions
[0.451s] -- Added test 'lint_cmake' to check CMake code style
[0.452s] -- Added test 'pep257' to check Python code against some of the docstring style conventions in PEP 257
[0.453s] -- Added test 'xmllint' to check XML markup files
[0.454s] -- Configuring done
[0.456s] -- Generating done
[0.457s] -- Build files have been written to: /home/janaka/dev_ws/build/my_bot
[0.462s] Invoked command in '/home/janaka/dev_ws/build/my_bot' returned '0': CMAKE_PREFIX_PATH=${CMAKE_PREFIX_PATH}:/opt/ros/humble /usr/bin/cmake /home/janaka/dev_ws/src/my_bot -DCMAKE_INSTALL_PREFIX=/home/janaka/dev_ws/install/my_bot
[0.462s] Invoking command in '/home/janaka/dev_ws/build/my_bot': CMAKE_PREFIX_PATH=${CMAKE_PREFIX_PATH}:/opt/ros/humble /usr/bin/cmake --build /home/janaka/dev_ws/build/my_bot -- -j16 -l16
[0.491s] Invoked command in '/home/janaka/dev_ws/build/my_bot' returned '0': CMAKE_PREFIX_PATH=${CMAKE_PREFIX_PATH}:/opt/ros/humble /usr/bin/cmake --build /home/janaka/dev_ws/build/my_bot -- -j16 -l16
[0.500s] Invoking command in '/home/janaka/dev_ws/build/my_bot': CMAKE_PREFIX_PATH=${CMAKE_PREFIX_PATH}:/opt/ros/humble /usr/bin/cmake --install /home/janaka/dev_ws/build/my_bot
[0.504s] -- Install configuration: ""
[0.504s] -- Installing: /home/janaka/dev_ws/install/my_bot/share/my_bot/config
[0.504s] -- Installing: /home/janaka/dev_ws/install/my_bot/share/my_bot/config/my_controllers.yaml
[0.504s] -- Installing: /home/janaka/dev_ws/install/my_bot/share/my_bot/config/empty.yaml
[0.504s] -- Installing: /home/janaka/dev_ws/install/my_bot/share/my_bot/config/mapper_params_online_async.yaml
[0.504s] -- Installing: /home/janaka/dev_ws/install/my_bot/share/my_bot/description
[0.505s] -- Installing: /home/janaka/dev_ws/install/my_bot/share/my_bot/description/gazebo_control.xacro
[0.505s] -- Installing: /home/janaka/dev_ws/install/my_bot/share/my_bot/description/robot_core.xacro
[0.505s] -- Installing: /home/janaka/dev_ws/install/my_bot/share/my_bot/description/ros2_control.xacro
[0.505s] -- Installing: /home/janaka/dev_ws/install/my_bot/share/my_bot/description/inertial_macros.xacro
[0.505s] -- Installing: /home/janaka/dev_ws/install/my_bot/share/my_bot/description/robot.urdf.xacro
[0.505s] -- Installing: /home/janaka/dev_ws/install/my_bot/share/my_bot/description/lidar.xacro
[0.505s] -- Installing: /home/janaka/dev_ws/install/my_bot/share/my_bot/launch
[0.505s] -- Installing: /home/janaka/dev_ws/install/my_bot/share/my_bot/launch/rsp.launch.py
[0.505s] -- Installing: /home/janaka/dev_ws/install/my_bot/share/my_bot/launch/launch_sim.launch.py
[0.505s] -- Installing: /home/janaka/dev_ws/install/my_bot/share/my_bot/worlds
[0.505s] -- Installing: /home/janaka/dev_ws/install/my_bot/share/my_bot/worlds/empty.world
[0.505s] -- Installing: /home/janaka/dev_ws/install/my_bot/share/ament_index/resource_index/package_run_dependencies/my_bot
[0.505s] -- Installing: /home/janaka/dev_ws/install/my_bot/share/ament_index/resource_index/parent_prefix_path/my_bot
[0.505s] -- Installing: /home/janaka/dev_ws/install/my_bot/share/my_bot/environment/ament_prefix_path.sh
[0.505s] -- Installing: /home/janaka/dev_ws/install/my_bot/share/my_bot/environment/ament_prefix_path.dsv
[0.506s] -- Installing: /home/janaka/dev_ws/install/my_bot/share/my_bot/environment/path.sh
[0.506s] -- Installing: /home/janaka/dev_ws/install/my_bot/share/my_bot/environment/path.dsv
[0.506s] -- Installing: /home/janaka/dev_ws/install/my_bot/share/my_bot/local_setup.bash
[0.506s] -- Installing: /home/janaka/dev_ws/install/my_bot/share/my_bot/local_setup.sh
[0.506s] -- Installing: /home/janaka/dev_ws/install/my_bot/share/my_bot/local_setup.zsh
[0.506s] -- Installing: /home/janaka/dev_ws/install/my_bot/share/my_bot/local_setup.dsv
[0.506s] -- Installing: /home/janaka/dev_ws/install/my_bot/share/my_bot/package.dsv
[0.506s] -- Installing: /home/janaka/dev_ws/install/my_bot/share/ament_index/resource_index/packages/my_bot
[0.506s] -- Installing: /home/janaka/dev_ws/install/my_bot/share/my_bot/cmake/my_botConfig.cmake
[0.506s] -- Installing: /home/janaka/dev_ws/install/my_bot/share/my_bot/cmake/my_botConfig-version.cmake
[0.506s] -- Installing: /home/janaka/dev_ws/install/my_bot/share/my_bot/package.xml
[0.508s] Invoked command in '/home/janaka/dev_ws/build/my_bot' returned '0': CMAKE_PREFIX_PATH=${CMAKE_PREFIX_PATH}:/opt/ros/humble /usr/bin/cmake --install /home/janaka/dev_ws/build/my_bot
