[0.041s] Invoking command in '/home/janaka/dev_ws/build/admittance_controller': CMAKE_PREFIX_PATH=${CMAKE_PREFIX_PATH}:/opt/ros/humble /usr/bin/cmake /home/janaka/dev_ws/src/ros2_controllers/admittance_controller -DAMENT_CMAKE_SYMLINK_INSTALL=1 -DCMAKE_INSTALL_PREFIX=/home/janaka/dev_ws/install/admittance_controller
[0.328s] -- The CXX compiler identification is GNU 11.4.0
[0.328s] -- Detecting CXX compiler ABI info
[0.328s] -- Detecting CXX compiler ABI info - done
[0.328s] -- Check for working CXX compiler: /usr/bin/c++ - skipped
[0.328s] -- Detecting CXX compile features
[0.329s] -- Detecting CXX compile features - done
[0.329s] -- Found ament_cmake: 1.3.12 (/opt/ros/humble/share/ament_cmake/cmake)
[0.357s] -- Found Python3: /usr/bin/python3 (found version "3.10.12") found components: Interpreter 
[0.428s] -- Override CMake install command with custom implementation using symlinks instead of copying resources
[0.467s] -- Found angles: 1.15.0 (/opt/ros/humble/share/angles/cmake)
[0.470s] -- Found control_msgs: 4.8.0 (/opt/ros/humble/share/control_msgs/cmake)
[0.507s] -- Found rosidl_generator_c: 3.1.7 (/opt/ros/humble/share/rosidl_generator_c/cmake)
[0.515s] -- Found rosidl_adapter: 3.1.7 (/opt/ros/humble/share/rosidl_adapter/cmake)
[0.525s] -- Found rosidl_generator_cpp: 3.1.7 (/opt/ros/humble/share/rosidl_generator_cpp/cmake)
[0.541s] -- Using all available rosidl_typesupport_c: rosidl_typesupport_fastrtps_c;rosidl_typesupport_introspection_c
[0.561s] -- Using all available rosidl_typesupport_cpp: rosidl_typesupport_fastrtps_cpp;rosidl_typesupport_introspection_cpp
[0.691s] -- Found control_toolbox: 3.6.1 (/opt/ros/humble/share/control_toolbox/cmake)
[0.747s] -- Found rmw_implementation_cmake: 6.1.2 (/opt/ros/humble/share/rmw_implementation_cmake/cmake)
[0.750s] -- Found rmw_fastrtps_cpp: 6.2.8 (/opt/ros/humble/share/rmw_fastrtps_cpp/cmake)
[0.845s] -- Found OpenSSL: /usr/lib/x86_64-linux-gnu/libcrypto.so (found version "3.0.2")  
[0.879s] -- Found FastRTPS: /opt/ros/humble/include  
[0.926s] -- Using RMW implementation 'rmw_fastrtps_cpp' as default
[0.935s] -- Looking for C++ include pthread.h
[1.070s] -- Looking for C++ include pthread.h - found
[1.071s] -- Performing Test CMAKE_HAVE_LIBC_PTHREAD
[1.212s] -- Performing Test CMAKE_HAVE_LIBC_PTHREAD - Success
[1.215s] -- Found Threads: TRUE  
[1.368s] -- Found controller_interface: 2.52.0 (/opt/ros/humble/share/controller_interface/cmake)
[1.377s] -- Found kinematics_interface: 0.4.0 (/opt/ros/humble/share/kinematics_interface/cmake)
[1.386s] -- Found tf2: 0.25.16 (/opt/ros/humble/share/tf2/cmake)
[1.386s] -- Found tf2_eigen: 0.25.16 (/opt/ros/humble/share/tf2_eigen/cmake)
[1.441s] -- Found tf2_geometry_msgs: 0.25.16 (/opt/ros/humble/share/tf2_geometry_msgs/cmake)
[1.454s] -- Found eigen3_cmake_module: 0.1.1 (/opt/ros/humble/share/eigen3_cmake_module/cmake)
[1.454s] -- Found Eigen3: TRUE (found version "3.4.0") 
[1.454s] -- Ensuring Eigen3 include directory is part of orocos-kdl CMake target
[1.455s] -- Found tf2_kdl: 0.25.16 (/opt/ros/humble/share/tf2_kdl/cmake)
[1.468s] -- Found ament_cmake_gmock: 1.3.12 (/opt/ros/humble/share/ament_cmake_gmock/cmake)
[1.470s] -- Found controller_manager: 2.52.0 (/opt/ros/humble/share/controller_manager/cmake)
[1.489s] -- Found ros2_control_test_assets: 2.52.0 (/opt/ros/humble/share/ros2_control_test_assets/cmake)
[1.506s] -- Configuring incomplete, errors occurred!
[1.506s] See also "/home/janaka/dev_ws/build/admittance_controller/CMakeFiles/CMakeOutput.log".
[1.506s] [31mCMake Error at CMakeLists.txt:66 (find_package):
[1.506s]   By not providing "Findkinematics_interface_kdl.cmake" in CMAKE_MODULE_PATH
[1.506s]   this project has asked CMake to find a package configuration file provided
[1.506s]   by "kinematics_interface_kdl", but CMake did not find one.
[1.506s] 
[1.506s]   Could not find a package configuration file provided by
[1.506s]   "kinematics_interface_kdl" with any of the following names:
[1.506s] 
[1.506s]     kinematics_interface_kdlConfig.cmake
[1.507s]     kinematics_interface_kdl-config.cmake
[1.507s] 
[1.507s]   Add the installation prefix of "kinematics_interface_kdl" to
[1.507s]   CMAKE_PREFIX_PATH or set "kinematics_interface_kdl_DIR" to a directory
[1.507s]   containing one of the above files.  If "kinematics_interface_kdl" provides
[1.507s]   a separate development package or SDK, be sure it has been installed.
[1.507s] 
[1.507s] [0m
[1.522s] Invoked command in '/home/janaka/dev_ws/build/admittance_controller' returned '1': CMAKE_PREFIX_PATH=${CMAKE_PREFIX_PATH}:/opt/ros/humble /usr/bin/cmake /home/janaka/dev_ws/src/ros2_controllers/admittance_controller -DAMENT_CMAKE_SYMLINK_INSTALL=1 -DCMAKE_INSTALL_PREFIX=/home/janaka/dev_ws/install/admittance_controller
