[0.000000] (-) TimerEvent: {}
[0.000200] (my_bot) JobQueued: {'identifier': 'my_bot', 'dependencies': OrderedDict()}
[0.000239] (my_bot) JobStarted: {'identifier': 'my_bot'}
[0.006806] (my_bot) JobProgress: {'identifier': 'my_bot', 'progress': 'cmake'}
[0.007775] (my_bot) Command: {'cmd': ['/usr/bin/cmake', '/home/janaka/dev_ws/src/my_bot', '-DAMENT_CMAKE_SYMLINK_INSTALL=1', '-DCMAKE_INSTALL_PREFIX=/home/janaka/dev_ws/install/my_bot'], 'cwd': '/home/janaka/dev_ws/build/my_bot', 'env': OrderedDict([('LINOROBOT2_BASE', 'mecanum'), ('USER', 'janaka'), ('LC_TIME', 'si_LK'), ('XDG_SESSION_TYPE', 'x11'), ('SHLVL', '1'), ('LD_LIBRARY_PATH', '/usr/lib/x86_64-linux-gnu/gazebo-11/plugins:/opt/ros/humble/opt/rviz_ogre_vendor/lib:/opt/ros/humble/lib/x86_64-linux-gnu:/opt/ros/humble/lib'), ('HOME', '/home/janaka'), ('OLDPWD', '/home/janaka'), ('DESKTOP_SESSION', 'ubuntu'), ('ROS_PYTHON_VERSION', '3'), ('GNOME_SHELL_SESSION_MODE', 'ubuntu'), ('GTK_MODULES', 'gail:atk-bridge'), ('LC_MONETARY', 'si_LK'), ('SYSTEMD_EXEC_PID', '2196'), ('DBUS_SESSION_BUS_ADDRESS', 'unix:path=/run/user/1000/bus'), ('COLORTERM', 'truecolor'), ('COLCON_PREFIX_PATH', '/home/janaka/dev_ws/install:/home/janaka/ros2_ws/install'), ('ROS_DISTRO', 'humble'), ('GTK_IM_MODULE', 'ibus'), ('LOGNAME', 'janaka'), ('_', '/usr/bin/colcon'), ('ROS_VERSION', '2'), ('XDG_SESSION_CLASS', 'user'), ('USERNAME', 'janaka'), ('TERM', 'xterm-256color'), ('GNOME_DESKTOP_SESSION_ID', 'this-is-deprecated'), ('ROS_LOCALHOST_ONLY', '0'), ('WINDOWPATH', '2'), ('PATH', '/home/janaka/.local/bin:/opt/ros/humble/bin:/usr/local/sbin:/usr/local/bin:/usr/sbin:/usr/bin:/sbin:/bin:/usr/games:/usr/local/games:/snap/bin:/snap/bin:/home/janaka/.platformio/penv/bin:/home/janaka/.platformio/penv/bin'), ('SESSION_MANAGER', 'local/janaka-ros2:@/tmp/.ICE-unix/2127,unix/janaka-ros2:/tmp/.ICE-unix/2127'), ('XDG_MENU_PREFIX', 'gnome-'), ('LC_ADDRESS', 'si_LK'), ('GNOME_TERMINAL_SCREEN', '/org/gnome/Terminal/screen/ed53b8ec_ff3b_4ad9_b6d6_4342b454db23'), ('XDG_RUNTIME_DIR', '/run/user/1000'), ('DISPLAY', ':1'), ('LANG', 'en_US.UTF-8'), ('XDG_CURRENT_DESKTOP', 'ubuntu:GNOME'), ('LC_TELEPHONE', 'si_LK'), ('RMW_IMPLEMENTATION', 'rmw_cyclonedds_cpp'), ('XMODIFIERS', '@im=ibus'), ('XDG_SESSION_DESKTOP', 'ubuntu'), ('XAUTHORITY', '/run/user/1000/gdm/Xauthority'), ('GNOME_TERMINAL_SERVICE', ':1.408'), ('SSH_AGENT_LAUNCHER', 'gnome-keyring'), ('SSH_AUTH_SOCK', '/run/user/1000/keyring/ssh'), ('AMENT_PREFIX_PATH', '/home/janaka/dev_ws/install/my_bot:/home/janaka/ros2_ws/install/mobile_project_pkg:/home/janaka/ros2_ws/install/rplidar_ros:/opt/ros/humble'), ('SHELL', '/bin/bash'), ('LC_NAME', 'si_LK'), ('QT_ACCESSIBILITY', '1'), ('GDMSESSION', 'ubuntu'), ('LC_MEASUREMENT', 'si_LK'), ('GPG_AGENT_INFO', '/run/user/1000/gnupg/S.gpg-agent:0:1'), ('LC_IDENTIFICATION', 'si_LK'), ('QT_IM_MODULE', 'ibus'), ('PWD', '/home/janaka/dev_ws/build/my_bot'), ('LC_ALL', 'en_US.UTF-8'), ('XDG_CONFIG_DIRS', '/etc/xdg/xdg-ubuntu:/etc/xdg'), ('XDG_DATA_DIRS', '/usr/share/ubuntu:/usr/share/gnome:/usr/local/share/:/usr/share/:/var/lib/snapd/desktop'), ('PYTHONPATH', '/opt/ros/humble/lib/python3.10/site-packages:/opt/ros/humble/local/lib/python3.10/dist-packages'), ('LC_NUMERIC', 'si_LK'), ('LC_PAPER', 'si_LK'), ('COLCON', '1'), ('VTE_VERSION', '6800'), ('CMAKE_PREFIX_PATH', '/home/janaka/dev_ws/install/my_bot:/home/janaka/ros2_ws/install/mobile_project_pkg:/home/janaka/ros2_ws/install/rplidar_ros:/opt/ros/humble')]), 'shell': False}
[0.099318] (-) TimerEvent: {}
[0.121533] (my_bot) StdoutLine: {'line': b'-- The C compiler identification is GNU 11.4.0\n'}
[0.197227] (my_bot) StdoutLine: {'line': b'-- The CXX compiler identification is GNU 11.4.0\n'}
[0.199386] (-) TimerEvent: {}
[0.206602] (my_bot) StdoutLine: {'line': b'-- Detecting C compiler ABI info\n'}
[0.277397] (my_bot) StdoutLine: {'line': b'-- Detecting C compiler ABI info - done\n'}
[0.281227] (my_bot) StdoutLine: {'line': b'-- Check for working C compiler: /usr/bin/cc - skipped\n'}
[0.281936] (my_bot) StdoutLine: {'line': b'-- Detecting C compile features\n'}
[0.282348] (my_bot) StdoutLine: {'line': b'-- Detecting C compile features - done\n'}
[0.284699] (my_bot) StdoutLine: {'line': b'-- Detecting CXX compiler ABI info\n'}
[0.299556] (-) TimerEvent: {}
[0.357819] (my_bot) StdoutLine: {'line': b'-- Detecting CXX compiler ABI info - done\n'}
[0.362089] (my_bot) StdoutLine: {'line': b'-- Check for working CXX compiler: /usr/bin/c++ - skipped\n'}
[0.362323] (my_bot) StdoutLine: {'line': b'-- Detecting CXX compile features\n'}
[0.362620] (my_bot) StdoutLine: {'line': b'-- Detecting CXX compile features - done\n'}
[0.368725] (my_bot) StdoutLine: {'line': b'-- Found ament_cmake: 1.3.12 (/opt/ros/humble/share/ament_cmake/cmake)\n'}
[0.399689] (-) TimerEvent: {}
[0.477325] (my_bot) StdoutLine: {'line': b'-- Found Python3: /usr/bin/python3 (found version "3.10.12") found components: Interpreter \n'}
[0.499830] (-) TimerEvent: {}
[0.519756] (my_bot) StdoutLine: {'line': b'-- Override CMake install command with custom implementation using symlinks instead of copying resources\n'}
[0.553475] (my_bot) StdoutLine: {'line': b'-- Found ament_lint_auto: 0.12.14 (/opt/ros/humble/share/ament_lint_auto/cmake)\n'}
[0.599990] (-) TimerEvent: {}
[0.609911] (my_bot) StdoutLine: {'line': b"-- Added test 'copyright' to check source files copyright and LICENSE\n"}
[0.612319] (my_bot) StdoutLine: {'line': b"-- Added test 'flake8' to check Python code syntax and style conventions\n"}
[0.612608] (my_bot) StdoutLine: {'line': b"-- Added test 'lint_cmake' to check CMake code style\n"}
[0.613122] (my_bot) StdoutLine: {'line': b"-- Added test 'pep257' to check Python code against some of the docstring style conventions in PEP 257\n"}
[0.614395] (my_bot) StdoutLine: {'line': b"-- Added test 'xmllint' to check XML markup files\n"}
[0.615489] (my_bot) StdoutLine: {'line': b'-- Configuring done\n'}
[0.617640] (my_bot) StdoutLine: {'line': b'-- Generating done\n'}
[0.618469] (my_bot) StdoutLine: {'line': b'-- Build files have been written to: /home/janaka/dev_ws/build/my_bot\n'}
[0.623062] (my_bot) CommandEnded: {'returncode': 0}
[0.623745] (my_bot) JobProgress: {'identifier': 'my_bot', 'progress': 'build'}
[0.624908] (my_bot) Command: {'cmd': ['/usr/bin/cmake', '--build', '/home/janaka/dev_ws/build/my_bot', '--', '-j16', '-l16'], 'cwd': '/home/janaka/dev_ws/build/my_bot', 'env': OrderedDict([('LINOROBOT2_BASE', 'mecanum'), ('USER', 'janaka'), ('LC_TIME', 'si_LK'), ('XDG_SESSION_TYPE', 'x11'), ('SHLVL', '1'), ('LD_LIBRARY_PATH', '/usr/lib/x86_64-linux-gnu/gazebo-11/plugins:/opt/ros/humble/opt/rviz_ogre_vendor/lib:/opt/ros/humble/lib/x86_64-linux-gnu:/opt/ros/humble/lib'), ('HOME', '/home/janaka'), ('OLDPWD', '/home/janaka'), ('DESKTOP_SESSION', 'ubuntu'), ('ROS_PYTHON_VERSION', '3'), ('GNOME_SHELL_SESSION_MODE', 'ubuntu'), ('GTK_MODULES', 'gail:atk-bridge'), ('LC_MONETARY', 'si_LK'), ('SYSTEMD_EXEC_PID', '2196'), ('DBUS_SESSION_BUS_ADDRESS', 'unix:path=/run/user/1000/bus'), ('COLORTERM', 'truecolor'), ('COLCON_PREFIX_PATH', '/home/janaka/dev_ws/install:/home/janaka/ros2_ws/install'), ('ROS_DISTRO', 'humble'), ('GTK_IM_MODULE', 'ibus'), ('LOGNAME', 'janaka'), ('_', '/usr/bin/colcon'), ('ROS_VERSION', '2'), ('XDG_SESSION_CLASS', 'user'), ('USERNAME', 'janaka'), ('TERM', 'xterm-256color'), ('GNOME_DESKTOP_SESSION_ID', 'this-is-deprecated'), ('ROS_LOCALHOST_ONLY', '0'), ('WINDOWPATH', '2'), ('PATH', '/home/janaka/.local/bin:/opt/ros/humble/bin:/usr/local/sbin:/usr/local/bin:/usr/sbin:/usr/bin:/sbin:/bin:/usr/games:/usr/local/games:/snap/bin:/snap/bin:/home/janaka/.platformio/penv/bin:/home/janaka/.platformio/penv/bin'), ('SESSION_MANAGER', 'local/janaka-ros2:@/tmp/.ICE-unix/2127,unix/janaka-ros2:/tmp/.ICE-unix/2127'), ('XDG_MENU_PREFIX', 'gnome-'), ('LC_ADDRESS', 'si_LK'), ('GNOME_TERMINAL_SCREEN', '/org/gnome/Terminal/screen/ed53b8ec_ff3b_4ad9_b6d6_4342b454db23'), ('XDG_RUNTIME_DIR', '/run/user/1000'), ('DISPLAY', ':1'), ('LANG', 'en_US.UTF-8'), ('XDG_CURRENT_DESKTOP', 'ubuntu:GNOME'), ('LC_TELEPHONE', 'si_LK'), ('RMW_IMPLEMENTATION', 'rmw_cyclonedds_cpp'), ('XMODIFIERS', '@im=ibus'), ('XDG_SESSION_DESKTOP', 'ubuntu'), ('XAUTHORITY', '/run/user/1000/gdm/Xauthority'), ('GNOME_TERMINAL_SERVICE', ':1.408'), ('SSH_AGENT_LAUNCHER', 'gnome-keyring'), ('SSH_AUTH_SOCK', '/run/user/1000/keyring/ssh'), ('AMENT_PREFIX_PATH', '/home/janaka/dev_ws/install/my_bot:/home/janaka/ros2_ws/install/mobile_project_pkg:/home/janaka/ros2_ws/install/rplidar_ros:/opt/ros/humble'), ('SHELL', '/bin/bash'), ('LC_NAME', 'si_LK'), ('QT_ACCESSIBILITY', '1'), ('GDMSESSION', 'ubuntu'), ('LC_MEASUREMENT', 'si_LK'), ('GPG_AGENT_INFO', '/run/user/1000/gnupg/S.gpg-agent:0:1'), ('LC_IDENTIFICATION', 'si_LK'), ('QT_IM_MODULE', 'ibus'), ('PWD', '/home/janaka/dev_ws/build/my_bot'), ('LC_ALL', 'en_US.UTF-8'), ('XDG_CONFIG_DIRS', '/etc/xdg/xdg-ubuntu:/etc/xdg'), ('XDG_DATA_DIRS', '/usr/share/ubuntu:/usr/share/gnome:/usr/local/share/:/usr/share/:/var/lib/snapd/desktop'), ('PYTHONPATH', '/opt/ros/humble/lib/python3.10/site-packages:/opt/ros/humble/local/lib/python3.10/dist-packages'), ('LC_NUMERIC', 'si_LK'), ('LC_PAPER', 'si_LK'), ('COLCON', '1'), ('VTE_VERSION', '6800'), ('CMAKE_PREFIX_PATH', '/home/janaka/dev_ws/install/my_bot:/home/janaka/ros2_ws/install/mobile_project_pkg:/home/janaka/ros2_ws/install/rplidar_ros:/opt/ros/humble')]), 'shell': False}
[0.664347] (my_bot) CommandEnded: {'returncode': 0}
[0.665635] (my_bot) JobProgress: {'identifier': 'my_bot', 'progress': 'install'}
[0.673413] (my_bot) Command: {'cmd': ['/usr/bin/cmake', '--install', '/home/janaka/dev_ws/build/my_bot'], 'cwd': '/home/janaka/dev_ws/build/my_bot', 'env': OrderedDict([('LINOROBOT2_BASE', 'mecanum'), ('USER', 'janaka'), ('LC_TIME', 'si_LK'), ('XDG_SESSION_TYPE', 'x11'), ('SHLVL', '1'), ('LD_LIBRARY_PATH', '/usr/lib/x86_64-linux-gnu/gazebo-11/plugins:/opt/ros/humble/opt/rviz_ogre_vendor/lib:/opt/ros/humble/lib/x86_64-linux-gnu:/opt/ros/humble/lib'), ('HOME', '/home/janaka'), ('OLDPWD', '/home/janaka'), ('DESKTOP_SESSION', 'ubuntu'), ('ROS_PYTHON_VERSION', '3'), ('GNOME_SHELL_SESSION_MODE', 'ubuntu'), ('GTK_MODULES', 'gail:atk-bridge'), ('LC_MONETARY', 'si_LK'), ('SYSTEMD_EXEC_PID', '2196'), ('DBUS_SESSION_BUS_ADDRESS', 'unix:path=/run/user/1000/bus'), ('COLORTERM', 'truecolor'), ('COLCON_PREFIX_PATH', '/home/janaka/dev_ws/install:/home/janaka/ros2_ws/install'), ('ROS_DISTRO', 'humble'), ('GTK_IM_MODULE', 'ibus'), ('LOGNAME', 'janaka'), ('_', '/usr/bin/colcon'), ('ROS_VERSION', '2'), ('XDG_SESSION_CLASS', 'user'), ('USERNAME', 'janaka'), ('TERM', 'xterm-256color'), ('GNOME_DESKTOP_SESSION_ID', 'this-is-deprecated'), ('ROS_LOCALHOST_ONLY', '0'), ('WINDOWPATH', '2'), ('PATH', '/home/janaka/.local/bin:/opt/ros/humble/bin:/usr/local/sbin:/usr/local/bin:/usr/sbin:/usr/bin:/sbin:/bin:/usr/games:/usr/local/games:/snap/bin:/snap/bin:/home/janaka/.platformio/penv/bin:/home/janaka/.platformio/penv/bin'), ('SESSION_MANAGER', 'local/janaka-ros2:@/tmp/.ICE-unix/2127,unix/janaka-ros2:/tmp/.ICE-unix/2127'), ('XDG_MENU_PREFIX', 'gnome-'), ('LC_ADDRESS', 'si_LK'), ('GNOME_TERMINAL_SCREEN', '/org/gnome/Terminal/screen/ed53b8ec_ff3b_4ad9_b6d6_4342b454db23'), ('XDG_RUNTIME_DIR', '/run/user/1000'), ('DISPLAY', ':1'), ('LANG', 'en_US.UTF-8'), ('XDG_CURRENT_DESKTOP', 'ubuntu:GNOME'), ('LC_TELEPHONE', 'si_LK'), ('RMW_IMPLEMENTATION', 'rmw_cyclonedds_cpp'), ('XMODIFIERS', '@im=ibus'), ('XDG_SESSION_DESKTOP', 'ubuntu'), ('XAUTHORITY', '/run/user/1000/gdm/Xauthority'), ('GNOME_TERMINAL_SERVICE', ':1.408'), ('SSH_AGENT_LAUNCHER', 'gnome-keyring'), ('SSH_AUTH_SOCK', '/run/user/1000/keyring/ssh'), ('AMENT_PREFIX_PATH', '/home/janaka/dev_ws/install/my_bot:/home/janaka/ros2_ws/install/mobile_project_pkg:/home/janaka/ros2_ws/install/rplidar_ros:/opt/ros/humble'), ('SHELL', '/bin/bash'), ('LC_NAME', 'si_LK'), ('QT_ACCESSIBILITY', '1'), ('GDMSESSION', 'ubuntu'), ('LC_MEASUREMENT', 'si_LK'), ('GPG_AGENT_INFO', '/run/user/1000/gnupg/S.gpg-agent:0:1'), ('LC_IDENTIFICATION', 'si_LK'), ('QT_IM_MODULE', 'ibus'), ('PWD', '/home/janaka/dev_ws/build/my_bot'), ('LC_ALL', 'en_US.UTF-8'), ('XDG_CONFIG_DIRS', '/etc/xdg/xdg-ubuntu:/etc/xdg'), ('XDG_DATA_DIRS', '/usr/share/ubuntu:/usr/share/gnome:/usr/local/share/:/usr/share/:/var/lib/snapd/desktop'), ('PYTHONPATH', '/opt/ros/humble/lib/python3.10/site-packages:/opt/ros/humble/local/lib/python3.10/dist-packages'), ('LC_NUMERIC', 'si_LK'), ('LC_PAPER', 'si_LK'), ('COLCON', '1'), ('VTE_VERSION', '6800'), ('CMAKE_PREFIX_PATH', '/home/janaka/dev_ws/install/my_bot:/home/janaka/ros2_ws/install/mobile_project_pkg:/home/janaka/ros2_ws/install/rplidar_ros:/opt/ros/humble')]), 'shell': False}
[0.680014] (my_bot) StdoutLine: {'line': b'-- Install configuration: ""\n'}
[0.680333] (my_bot) StdoutLine: {'line': b'-- Execute custom install script\n'}
[0.680587] (my_bot) StdoutLine: {'line': b'-- Up-to-date symlink: /home/janaka/dev_ws/install/my_bot/share/my_bot/config/empty.yaml\n'}
[0.680740] (my_bot) StdoutLine: {'line': b'-- Up-to-date symlink: /home/janaka/dev_ws/install/my_bot/share/my_bot/config/mapper_params_online_async.yaml\n'}
[0.680891] (my_bot) StdoutLine: {'line': b'-- Up-to-date symlink: /home/janaka/dev_ws/install/my_bot/share/my_bot/config/my_controllers.yaml\n'}
[0.681025] (my_bot) StdoutLine: {'line': b'-- Up-to-date symlink: /home/janaka/dev_ws/install/my_bot/share/my_bot/description/gazebo_control.xacro\n'}
[0.681095] (my_bot) StdoutLine: {'line': b'-- Up-to-date symlink: /home/janaka/dev_ws/install/my_bot/share/my_bot/description/inertial_macros.xacro\n'}
[0.681158] (my_bot) StdoutLine: {'line': b'-- Up-to-date symlink: /home/janaka/dev_ws/install/my_bot/share/my_bot/description/lidar.xacro\n'}
[0.681216] (my_bot) StdoutLine: {'line': b'-- Up-to-date symlink: /home/janaka/dev_ws/install/my_bot/share/my_bot/description/robot.urdf.xacro\n'}
[0.681272] (my_bot) StdoutLine: {'line': b'-- Up-to-date symlink: /home/janaka/dev_ws/install/my_bot/share/my_bot/description/robot_core.xacro\n'}
[0.681316] (my_bot) StdoutLine: {'line': b'-- Up-to-date symlink: /home/janaka/dev_ws/install/my_bot/share/my_bot/description/ros2_control.xacro\n'}
[0.681340] (my_bot) StdoutLine: {'line': b'-- Up-to-date symlink: /home/janaka/dev_ws/install/my_bot/share/my_bot/launch/launch_sim.launch.py\n'}
[0.681361] (my_bot) StdoutLine: {'line': b'-- Up-to-date symlink: /home/janaka/dev_ws/install/my_bot/share/my_bot/launch/rsp.launch.py\n'}
[0.681383] (my_bot) StdoutLine: {'line': b'-- Up-to-date symlink: /home/janaka/dev_ws/install/my_bot/share/my_bot/worlds/empty.world\n'}
[0.681419] (my_bot) StdoutLine: {'line': b'-- Up-to-date symlink: /home/janaka/dev_ws/install/my_bot/share/ament_index/resource_index/package_run_dependencies/my_bot\n'}
[0.681496] (my_bot) StdoutLine: {'line': b'-- Up-to-date symlink: /home/janaka/dev_ws/install/my_bot/share/ament_index/resource_index/parent_prefix_path/my_bot\n'}
[0.681581] (my_bot) StdoutLine: {'line': b'-- Up-to-date symlink: /home/janaka/dev_ws/install/my_bot/share/my_bot/environment/ament_prefix_path.sh\n'}
[0.681664] (my_bot) StdoutLine: {'line': b'-- Up-to-date symlink: /home/janaka/dev_ws/install/my_bot/share/my_bot/environment/ament_prefix_path.dsv\n'}
[0.681754] (my_bot) StdoutLine: {'line': b'-- Up-to-date symlink: /home/janaka/dev_ws/install/my_bot/share/my_bot/environment/path.sh\n'}
[0.681858] (my_bot) StdoutLine: {'line': b'-- Up-to-date symlink: /home/janaka/dev_ws/install/my_bot/share/my_bot/environment/path.dsv\n'}
[0.681939] (my_bot) StdoutLine: {'line': b'-- Up-to-date symlink: /home/janaka/dev_ws/install/my_bot/share/my_bot/local_setup.bash\n'}
[0.681987] (my_bot) StdoutLine: {'line': b'-- Up-to-date symlink: /home/janaka/dev_ws/install/my_bot/share/my_bot/local_setup.sh\n'}
[0.682048] (my_bot) StdoutLine: {'line': b'-- Up-to-date symlink: /home/janaka/dev_ws/install/my_bot/share/my_bot/local_setup.zsh\n'}
[0.682117] (my_bot) StdoutLine: {'line': b'-- Up-to-date symlink: /home/janaka/dev_ws/install/my_bot/share/my_bot/local_setup.dsv\n'}
[0.682152] (my_bot) StdoutLine: {'line': b'-- Symlinking: /home/janaka/dev_ws/install/my_bot/share/my_bot/package.dsv\n'}
[0.689507] (my_bot) StdoutLine: {'line': b'-- Up-to-date symlink: /home/janaka/dev_ws/install/my_bot/share/ament_index/resource_index/packages/my_bot\n'}
[0.689708] (my_bot) StdoutLine: {'line': b'-- Up-to-date symlink: /home/janaka/dev_ws/install/my_bot/share/my_bot/cmake/my_botConfig.cmake\n'}
[0.689867] (my_bot) StdoutLine: {'line': b'-- Up-to-date symlink: /home/janaka/dev_ws/install/my_bot/share/my_bot/cmake/my_botConfig-version.cmake\n'}
[0.689938] (my_bot) StdoutLine: {'line': b'-- Up-to-date symlink: /home/janaka/dev_ws/install/my_bot/share/my_bot/package.xml\n'}
[0.691706] (my_bot) CommandEnded: {'returncode': 0}
[0.700131] (-) TimerEvent: {}
[0.702067] (my_bot) JobEnded: {'identifier': 'my_bot', 'rc': 0}
[0.702443] (-) EventReactorShutdown: {}
