[0.008s] Invoking command in '/home/janaka/dev_ws/build/my_bot': CMAKE_PREFIX_PATH=${CMAKE_PREFIX_PATH}:/opt/ros/humble /usr/bin/cmake /home/janaka/dev_ws/src/my_bot -DAMENT_CMAKE_SYMLINK_INSTALL=1 -DCMAKE_INSTALL_PREFIX=/home/janaka/dev_ws/install/my_bot
[0.022s] -- Found ament_cmake: 1.3.12 (/opt/ros/humble/share/ament_cmake/cmake)
[0.104s] -- Override CMake install command with custom implementation using symlinks instead of copying resources
[0.118s] -- Found ament_lint_auto: 0.12.14 (/opt/ros/humble/share/ament_lint_auto/cmake)
[0.168s] -- Added test 'copyright' to check source files copyright and LICENSE
[0.171s] -- Added test 'flake8' to check Python code syntax and style conventions
[0.171s] -- Added test 'lint_cmake' to check CMake code style
[0.171s] -- Added test 'pep257' to check Python code against some of the docstring style conventions in PEP 257
[0.172s] -- Added test 'xmllint' to check XML markup files
[0.173s] -- Configuring done
[0.177s] -- Generating done
[0.178s] -- Build files have been written to: /home/janaka/dev_ws/build/my_bot
[0.180s] Invoked command in '/home/janaka/dev_ws/build/my_bot' returned '0': CMAKE_PREFIX_PATH=${CMAKE_PREFIX_PATH}:/opt/ros/humble /usr/bin/cmake /home/janaka/dev_ws/src/my_bot -DAMENT_CMAKE_SYMLINK_INSTALL=1 -DCMAKE_INSTALL_PREFIX=/home/janaka/dev_ws/install/my_bot
[0.182s] Invoking command in '/home/janaka/dev_ws/build/my_bot': CMAKE_PREFIX_PATH=${CMAKE_PREFIX_PATH}:/opt/ros/humble /usr/bin/cmake --build /home/janaka/dev_ws/build/my_bot -- -j16 -l16
[0.214s] Invoked command in '/home/janaka/dev_ws/build/my_bot' returned '0': CMAKE_PREFIX_PATH=${CMAKE_PREFIX_PATH}:/opt/ros/humble /usr/bin/cmake --build /home/janaka/dev_ws/build/my_bot -- -j16 -l16
[0.220s] Invoking command in '/home/janaka/dev_ws/build/my_bot': CMAKE_PREFIX_PATH=${CMAKE_PREFIX_PATH}:/opt/ros/humble /usr/bin/cmake --install /home/janaka/dev_ws/build/my_bot
[0.224s] -- Install configuration: ""
[0.225s] -- Execute custom install script
[0.225s] -- Symlinking: /home/janaka/dev_ws/install/my_bot/share/my_bot/config/empty.yaml
[0.235s] -- Symlinking: /home/janaka/dev_ws/install/my_bot/share/my_bot/config/my_controllers.yaml
[0.242s] -- Symlinking: /home/janaka/dev_ws/install/my_bot/share/my_bot/description/gazebo_control.xacro
[0.250s] -- Symlinking: /home/janaka/dev_ws/install/my_bot/share/my_bot/description/inertial_macros.xacro
[0.258s] -- Symlinking: /home/janaka/dev_ws/install/my_bot/share/my_bot/description/lidar.xacro
[0.265s] -- Symlinking: /home/janaka/dev_ws/install/my_bot/share/my_bot/description/robot.urdf.xacro
[0.270s] -- Symlinking: /home/janaka/dev_ws/install/my_bot/share/my_bot/description/robot_core.xacro
[0.276s] -- Symlinking: /home/janaka/dev_ws/install/my_bot/share/my_bot/description/ros2_control.xacro
[0.282s] -- Symlinking: /home/janaka/dev_ws/install/my_bot/share/my_bot/launch/launch_sim.launch.py
[0.290s] -- Symlinking: /home/janaka/dev_ws/install/my_bot/share/my_bot/launch/robot_launch_with_control.py
[0.298s] -- Symlinking: /home/janaka/dev_ws/install/my_bot/share/my_bot/launch/rsp.launch.py
[0.305s] -- Symlinking: /home/janaka/dev_ws/install/my_bot/share/my_bot/worlds/empty.world
[0.312s] -- Symlinking: /home/janaka/dev_ws/install/my_bot/lib/my_bot/mecanum_kinematics.py
[0.319s] -- Symlinking: /home/janaka/dev_ws/install/my_bot/share/ament_index/resource_index/package_run_dependencies/my_bot
[0.325s] -- Symlinking: /home/janaka/dev_ws/install/my_bot/share/ament_index/resource_index/parent_prefix_path/my_bot
[0.335s] -- Symlinking: /home/janaka/dev_ws/install/my_bot/share/my_bot/environment/ament_prefix_path.sh
[0.341s] -- Symlinking: /home/janaka/dev_ws/install/my_bot/share/my_bot/environment/ament_prefix_path.dsv
[0.348s] -- Symlinking: /home/janaka/dev_ws/install/my_bot/share/my_bot/environment/path.sh
[0.354s] -- Symlinking: /home/janaka/dev_ws/install/my_bot/share/my_bot/environment/path.dsv
[0.361s] -- Symlinking: /home/janaka/dev_ws/install/my_bot/share/my_bot/local_setup.bash
[0.368s] -- Symlinking: /home/janaka/dev_ws/install/my_bot/share/my_bot/local_setup.sh
[0.375s] -- Symlinking: /home/janaka/dev_ws/install/my_bot/share/my_bot/local_setup.zsh
[0.383s] -- Symlinking: /home/janaka/dev_ws/install/my_bot/share/my_bot/local_setup.dsv
[0.389s] -- Symlinking: /home/janaka/dev_ws/install/my_bot/share/my_bot/package.dsv
[0.396s] -- Symlinking: /home/janaka/dev_ws/install/my_bot/share/ament_index/resource_index/packages/my_bot
[0.403s] -- Symlinking: /home/janaka/dev_ws/install/my_bot/share/my_bot/cmake/my_botConfig.cmake
[0.410s] -- Symlinking: /home/janaka/dev_ws/install/my_bot/share/my_bot/cmake/my_botConfig-version.cmake
[0.417s] -- Symlinking: /home/janaka/dev_ws/install/my_bot/share/my_bot/package.xml
[0.425s] Invoked command in '/home/janaka/dev_ws/build/my_bot' returned '0': CMAKE_PREFIX_PATH=${CMAKE_PREFIX_PATH}:/opt/ros/humble /usr/bin/cmake --install /home/janaka/dev_ws/build/my_bot
