[0.000000] (-) TimerEvent: {}
[0.000230] (my_bot) JobQueued: {'identifier': 'my_bot', 'dependencies': OrderedDict()}
[0.000246] (my_bot) JobStarted: {'identifier': 'my_bot'}
[0.005168] (my_bot) JobProgress: {'identifier': 'my_bot', 'progress': 'cmake'}
[0.005457] (my_bot) JobProgress: {'identifier': 'my_bot', 'progress': 'build'}
[0.005803] (my_bot) Command: {'cmd': ['/usr/bin/cmake', '--build', '/home/janaka/dev_ws/build/my_bot', '--', '-j16', '-l16'], 'cwd': '/home/janaka/dev_ws/build/my_bot', 'env': OrderedDict([('USER', 'janaka'), ('LC_TIME', 'si_LK'), ('XDG_SESSION_TYPE', 'x11'), ('SHLVL', '1'), ('LD_LIBRARY_PATH', '/usr/lib/x86_64-linux-gnu/gazebo-11/plugins:/opt/ros/humble/opt/rviz_ogre_vendor/lib:/opt/ros/humble/lib/x86_64-linux-gnu:/opt/ros/humble/lib'), ('HOME', '/home/janaka'), ('OLDPWD', '/home/janaka'), ('DESKTOP_SESSION', 'ubuntu'), ('ROS_PYTHON_VERSION', '3'), ('GNOME_SHELL_SESSION_MODE', 'ubuntu'), ('GTK_MODULES', 'gail:atk-bridge'), ('LC_MONETARY', 'si_LK'), ('SYSTEMD_EXEC_PID', '2267'), ('DBUS_SESSION_BUS_ADDRESS', 'unix:path=/run/user/1000/bus'), ('COLORTERM', 'truecolor'), ('COLCON_PREFIX_PATH', '/home/janaka/dev_ws/install:/home/janaka/ros2_ws/install'), ('ROS_DISTRO', 'humble'), ('GTK_IM_MODULE', 'ibus'), ('LOGNAME', 'janaka'), ('_', '/usr/bin/colcon'), ('ROS_VERSION', '2'), ('XDG_SESSION_CLASS', 'user'), ('USERNAME', 'janaka'), ('TERM', 'xterm-256color'), ('GNOME_DESKTOP_SESSION_ID', 'this-is-deprecated'), ('ROS_LOCALHOST_ONLY', '0'), ('WINDOWPATH', '2'), ('PATH', '/home/janaka/.local/bin:/opt/ros/humble/bin:/usr/local/sbin:/usr/local/bin:/usr/sbin:/usr/bin:/sbin:/bin:/usr/games:/usr/local/games:/snap/bin:/snap/bin:/home/janaka/.platformio/penv/bin:/home/janaka/.platformio/penv/bin'), ('SESSION_MANAGER', 'local/janaka-ros2:@/tmp/.ICE-unix/2242,unix/janaka-ros2:/tmp/.ICE-unix/2242'), ('XDG_MENU_PREFIX', 'gnome-'), ('LC_ADDRESS', 'si_LK'), ('GNOME_TERMINAL_SCREEN', '/org/gnome/Terminal/screen/f99926ef_e9fc_4a1f_9adf_180e7f2d150e'), ('XDG_RUNTIME_DIR', '/run/user/1000'), ('DISPLAY', ':1'), ('LANG', 'en_US.UTF-8'), ('XDG_CURRENT_DESKTOP', 'ubuntu:GNOME'), ('LC_TELEPHONE', 'si_LK'), ('XMODIFIERS', '@im=ibus'), ('XDG_SESSION_DESKTOP', 'ubuntu'), ('XAUTHORITY', '/run/user/1000/gdm/Xauthority'), ('GNOME_TERMINAL_SERVICE', ':1.105'), ('SSH_AGENT_LAUNCHER', 'gnome-keyring'), ('SSH_AUTH_SOCK', '/run/user/1000/keyring/ssh'), ('AMENT_PREFIX_PATH', '/home/janaka/dev_ws/install/my_bot:/home/janaka/ros2_ws/install/mobile_project_pkg:/opt/ros/humble'), ('SHELL', '/bin/bash'), ('LC_NAME', 'si_LK'), ('QT_ACCESSIBILITY', '1'), ('GDMSESSION', 'ubuntu'), ('LC_MEASUREMENT', 'si_LK'), ('GPG_AGENT_INFO', '/run/user/1000/gnupg/S.gpg-agent:0:1'), ('LC_IDENTIFICATION', 'si_LK'), ('QT_IM_MODULE', 'ibus'), ('PWD', '/home/janaka/dev_ws/build/my_bot'), ('LC_ALL', 'en_US.UTF-8'), ('XDG_CONFIG_DIRS', '/etc/xdg/xdg-ubuntu:/etc/xdg'), ('XDG_DATA_DIRS', '/usr/share/ubuntu:/usr/share/gnome:/usr/local/share/:/usr/share/:/var/lib/snapd/desktop'), ('PYTHONPATH', '/opt/ros/humble/lib/python3.10/site-packages:/opt/ros/humble/local/lib/python3.10/dist-packages'), ('LC_NUMERIC', 'si_LK'), ('LC_PAPER', 'si_LK'), ('COLCON', '1'), ('VTE_VERSION', '6800'), ('CMAKE_PREFIX_PATH', '/home/janaka/dev_ws/install/my_bot:/home/janaka/ros2_ws/install/mobile_project_pkg:/opt/ros/humble')]), 'shell': False}
[0.041287] (my_bot) CommandEnded: {'returncode': 0}
[0.041955] (my_bot) JobProgress: {'identifier': 'my_bot', 'progress': 'install'}
[0.049275] (my_bot) Command: {'cmd': ['/usr/bin/cmake', '--install', '/home/janaka/dev_ws/build/my_bot'], 'cwd': '/home/janaka/dev_ws/build/my_bot', 'env': OrderedDict([('USER', 'janaka'), ('LC_TIME', 'si_LK'), ('XDG_SESSION_TYPE', 'x11'), ('SHLVL', '1'), ('LD_LIBRARY_PATH', '/usr/lib/x86_64-linux-gnu/gazebo-11/plugins:/opt/ros/humble/opt/rviz_ogre_vendor/lib:/opt/ros/humble/lib/x86_64-linux-gnu:/opt/ros/humble/lib'), ('HOME', '/home/janaka'), ('OLDPWD', '/home/janaka'), ('DESKTOP_SESSION', 'ubuntu'), ('ROS_PYTHON_VERSION', '3'), ('GNOME_SHELL_SESSION_MODE', 'ubuntu'), ('GTK_MODULES', 'gail:atk-bridge'), ('LC_MONETARY', 'si_LK'), ('SYSTEMD_EXEC_PID', '2267'), ('DBUS_SESSION_BUS_ADDRESS', 'unix:path=/run/user/1000/bus'), ('COLORTERM', 'truecolor'), ('COLCON_PREFIX_PATH', '/home/janaka/dev_ws/install:/home/janaka/ros2_ws/install'), ('ROS_DISTRO', 'humble'), ('GTK_IM_MODULE', 'ibus'), ('LOGNAME', 'janaka'), ('_', '/usr/bin/colcon'), ('ROS_VERSION', '2'), ('XDG_SESSION_CLASS', 'user'), ('USERNAME', 'janaka'), ('TERM', 'xterm-256color'), ('GNOME_DESKTOP_SESSION_ID', 'this-is-deprecated'), ('ROS_LOCALHOST_ONLY', '0'), ('WINDOWPATH', '2'), ('PATH', '/home/janaka/.local/bin:/opt/ros/humble/bin:/usr/local/sbin:/usr/local/bin:/usr/sbin:/usr/bin:/sbin:/bin:/usr/games:/usr/local/games:/snap/bin:/snap/bin:/home/janaka/.platformio/penv/bin:/home/janaka/.platformio/penv/bin'), ('SESSION_MANAGER', 'local/janaka-ros2:@/tmp/.ICE-unix/2242,unix/janaka-ros2:/tmp/.ICE-unix/2242'), ('XDG_MENU_PREFIX', 'gnome-'), ('LC_ADDRESS', 'si_LK'), ('GNOME_TERMINAL_SCREEN', '/org/gnome/Terminal/screen/f99926ef_e9fc_4a1f_9adf_180e7f2d150e'), ('XDG_RUNTIME_DIR', '/run/user/1000'), ('DISPLAY', ':1'), ('LANG', 'en_US.UTF-8'), ('XDG_CURRENT_DESKTOP', 'ubuntu:GNOME'), ('LC_TELEPHONE', 'si_LK'), ('XMODIFIERS', '@im=ibus'), ('XDG_SESSION_DESKTOP', 'ubuntu'), ('XAUTHORITY', '/run/user/1000/gdm/Xauthority'), ('GNOME_TERMINAL_SERVICE', ':1.105'), ('SSH_AGENT_LAUNCHER', 'gnome-keyring'), ('SSH_AUTH_SOCK', '/run/user/1000/keyring/ssh'), ('AMENT_PREFIX_PATH', '/home/janaka/dev_ws/install/my_bot:/home/janaka/ros2_ws/install/mobile_project_pkg:/opt/ros/humble'), ('SHELL', '/bin/bash'), ('LC_NAME', 'si_LK'), ('QT_ACCESSIBILITY', '1'), ('GDMSESSION', 'ubuntu'), ('LC_MEASUREMENT', 'si_LK'), ('GPG_AGENT_INFO', '/run/user/1000/gnupg/S.gpg-agent:0:1'), ('LC_IDENTIFICATION', 'si_LK'), ('QT_IM_MODULE', 'ibus'), ('PWD', '/home/janaka/dev_ws/build/my_bot'), ('LC_ALL', 'en_US.UTF-8'), ('XDG_CONFIG_DIRS', '/etc/xdg/xdg-ubuntu:/etc/xdg'), ('XDG_DATA_DIRS', '/usr/share/ubuntu:/usr/share/gnome:/usr/local/share/:/usr/share/:/var/lib/snapd/desktop'), ('PYTHONPATH', '/opt/ros/humble/lib/python3.10/site-packages:/opt/ros/humble/local/lib/python3.10/dist-packages'), ('LC_NUMERIC', 'si_LK'), ('LC_PAPER', 'si_LK'), ('COLCON', '1'), ('VTE_VERSION', '6800'), ('CMAKE_PREFIX_PATH', '/home/janaka/dev_ws/install/my_bot:/home/janaka/ros2_ws/install/mobile_project_pkg:/opt/ros/humble')]), 'shell': False}
[0.055488] (my_bot) StdoutLine: {'line': b'-- Install configuration: ""\n'}
[0.055764] (my_bot) StdoutLine: {'line': b'-- Execute custom install script\n'}
[0.055990] (my_bot) StdoutLine: {'line': b'-- Up-to-date symlink: /home/janaka/dev_ws/install/my_bot/share/my_bot/config/empty.yaml\n'}
[0.056086] (my_bot) StdoutLine: {'line': b'-- Up-to-date symlink: /home/janaka/dev_ws/install/my_bot/share/my_bot/config/mapper_params_online_async.yaml\n'}
[0.056159] (my_bot) StdoutLine: {'line': b'-- Up-to-date symlink: /home/janaka/dev_ws/install/my_bot/share/my_bot/config/my_controllers.yaml\n'}
[0.056234] (my_bot) StdoutLine: {'line': b'-- Up-to-date symlink: /home/janaka/dev_ws/install/my_bot/share/my_bot/description/gazebo_control.xacro\n'}
[0.056332] (my_bot) StdoutLine: {'line': b'-- Up-to-date symlink: /home/janaka/dev_ws/install/my_bot/share/my_bot/description/inertial_macros.xacro\n'}
[0.056384] (my_bot) StdoutLine: {'line': b'-- Up-to-date symlink: /home/janaka/dev_ws/install/my_bot/share/my_bot/description/lidar.xacro\n'}
[0.056471] (my_bot) StdoutLine: {'line': b'-- Up-to-date symlink: /home/janaka/dev_ws/install/my_bot/share/my_bot/description/robot.urdf.xacro\n'}
[0.056527] (my_bot) StdoutLine: {'line': b'-- Up-to-date symlink: /home/janaka/dev_ws/install/my_bot/share/my_bot/description/robot_core.xacro\n'}
[0.056626] (my_bot) StdoutLine: {'line': b'-- Up-to-date symlink: /home/janaka/dev_ws/install/my_bot/share/my_bot/description/ros2_control.xacro\n'}
[0.056687] (my_bot) StdoutLine: {'line': b'-- Up-to-date symlink: /home/janaka/dev_ws/install/my_bot/share/my_bot/launch/launch_sim.launch.py\n'}
[0.056748] (my_bot) StdoutLine: {'line': b'-- Up-to-date symlink: /home/janaka/dev_ws/install/my_bot/share/my_bot/launch/rsp.launch.py\n'}
[0.056783] (my_bot) StdoutLine: {'line': b'-- Up-to-date symlink: /home/janaka/dev_ws/install/my_bot/share/my_bot/worlds/empty.world\n'}
[0.056878] (my_bot) StdoutLine: {'line': b'-- Up-to-date symlink: /home/janaka/dev_ws/install/my_bot/share/ament_index/resource_index/package_run_dependencies/my_bot\n'}
[0.056978] (my_bot) StdoutLine: {'line': b'-- Up-to-date symlink: /home/janaka/dev_ws/install/my_bot/share/ament_index/resource_index/parent_prefix_path/my_bot\n'}
[0.057064] (my_bot) StdoutLine: {'line': b'-- Up-to-date symlink: /home/janaka/dev_ws/install/my_bot/share/my_bot/environment/ament_prefix_path.sh\n'}
[0.057144] (my_bot) StdoutLine: {'line': b'-- Up-to-date symlink: /home/janaka/dev_ws/install/my_bot/share/my_bot/environment/ament_prefix_path.dsv\n'}
[0.057228] (my_bot) StdoutLine: {'line': b'-- Up-to-date symlink: /home/janaka/dev_ws/install/my_bot/share/my_bot/environment/path.sh\n'}
[0.057309] (my_bot) StdoutLine: {'line': b'-- Up-to-date symlink: /home/janaka/dev_ws/install/my_bot/share/my_bot/environment/path.dsv\n'}
[0.057384] (my_bot) StdoutLine: {'line': b'-- Up-to-date symlink: /home/janaka/dev_ws/install/my_bot/share/my_bot/local_setup.bash\n'}
[0.057458] (my_bot) StdoutLine: {'line': b'-- Up-to-date symlink: /home/janaka/dev_ws/install/my_bot/share/my_bot/local_setup.sh\n'}
[0.057528] (my_bot) StdoutLine: {'line': b'-- Up-to-date symlink: /home/janaka/dev_ws/install/my_bot/share/my_bot/local_setup.zsh\n'}
[0.057601] (my_bot) StdoutLine: {'line': b'-- Up-to-date symlink: /home/janaka/dev_ws/install/my_bot/share/my_bot/local_setup.dsv\n'}
[0.057654] (my_bot) StdoutLine: {'line': b'-- Symlinking: /home/janaka/dev_ws/install/my_bot/share/my_bot/package.dsv\n'}
[0.063994] (my_bot) StdoutLine: {'line': b'-- Up-to-date symlink: /home/janaka/dev_ws/install/my_bot/share/ament_index/resource_index/packages/my_bot\n'}
[0.064158] (my_bot) StdoutLine: {'line': b'-- Up-to-date symlink: /home/janaka/dev_ws/install/my_bot/share/my_bot/cmake/my_botConfig.cmake\n'}
[0.064278] (my_bot) StdoutLine: {'line': b'-- Up-to-date symlink: /home/janaka/dev_ws/install/my_bot/share/my_bot/cmake/my_botConfig-version.cmake\n'}
[0.064427] (my_bot) StdoutLine: {'line': b'-- Up-to-date symlink: /home/janaka/dev_ws/install/my_bot/share/my_bot/package.xml\n'}
[0.065940] (my_bot) CommandEnded: {'returncode': 0}
[0.074733] (my_bot) JobEnded: {'identifier': 'my_bot', 'rc': 0}
[0.075367] (-) EventReactorShutdown: {}
