[0.000000] (-) TimerEvent: {}
[0.000255] (my_bot) JobQueued: {'identifier': 'my_bot', 'dependencies': OrderedDict()}
[0.000315] (my_bot) JobStarted: {'identifier': 'my_bot'}
[0.007271] (my_bot) JobProgress: {'identifier': 'my_bot', 'progress': 'cmake'}
[0.007939] (my_bot) JobProgress: {'identifier': 'my_bot', 'progress': 'build'}
[0.008335] (my_bot) Command: {'cmd': ['/usr/bin/cmake', '--build', '/home/janaka/dev_ws/build/my_bot', '--', '-j16', '-l16'], 'cwd': '/home/janaka/dev_ws/build/my_bot', 'env': OrderedDict([('USER', 'janaka'), ('LC_TIME', 'si_LK'), ('XDG_SESSION_TYPE', 'x11'), ('SHLVL', '1'), ('LD_LIBRARY_PATH', '/usr/lib/x86_64-linux-gnu/gazebo-11/plugins:/opt/ros/humble/opt/rviz_ogre_vendor/lib:/opt/ros/humble/lib/x86_64-linux-gnu:/opt/ros/humble/lib'), ('HOME', '/home/janaka'), ('OLDPWD', '/home/janaka'), ('DESKTOP_SESSION', 'ubuntu'), ('ROS_PYTHON_VERSION', '3'), ('GNOME_SHELL_SESSION_MODE', 'ubuntu'), ('GTK_MODULES', 'gail:atk-bridge'), ('LC_MONETARY', 'si_LK'), ('SYSTEMD_EXEC_PID', '2149'), ('DBUS_SESSION_BUS_ADDRESS', 'unix:path=/run/user/1000/bus'), ('COLORTERM', 'truecolor'), ('COLCON_PREFIX_PATH', '/home/janaka/dev_ws/install'), ('ROS_DISTRO', 'humble'), ('GTK_IM_MODULE', 'ibus'), ('LOGNAME', 'janaka'), ('_', '/usr/bin/colcon'), ('ROS_VERSION', '2'), ('XDG_SESSION_CLASS', 'user'), ('USERNAME', 'janaka'), ('TERM', 'xterm-256color'), ('GNOME_DESKTOP_SESSION_ID', 'this-is-deprecated'), ('ROS_LOCALHOST_ONLY', '0'), ('WINDOWPATH', '2'), ('PATH', '/opt/ros/humble/bin:/usr/local/sbin:/usr/local/bin:/usr/sbin:/usr/bin:/sbin:/bin:/usr/games:/usr/local/games:/snap/bin:/snap/bin'), ('SESSION_MANAGER', 'local/janaka-ros2:@/tmp/.ICE-unix/2121,unix/janaka-ros2:/tmp/.ICE-unix/2121'), ('XDG_MENU_PREFIX', 'gnome-'), ('LC_ADDRESS', 'si_LK'), ('GNOME_TERMINAL_SCREEN', '/org/gnome/Terminal/screen/5aca1d65_b03d_4864_be44_10a1f9a730ab'), ('XDG_RUNTIME_DIR', '/run/user/1000'), ('DISPLAY', ':1'), ('LANG', 'en_US.UTF-8'), ('XDG_CURRENT_DESKTOP', 'ubuntu:GNOME'), ('LC_TELEPHONE', 'si_LK'), ('XMODIFIERS', '@im=ibus'), ('XDG_SESSION_DESKTOP', 'ubuntu'), ('XAUTHORITY', '/run/user/1000/gdm/Xauthority'), ('GNOME_TERMINAL_SERVICE', ':1.121'), ('SSH_AGENT_LAUNCHER', 'gnome-keyring'), ('SSH_AUTH_SOCK', '/run/user/1000/keyring/ssh'), ('AMENT_PREFIX_PATH', '/home/janaka/dev_ws/install/my_bot:/opt/ros/humble'), ('SHELL', '/bin/bash'), ('LC_NAME', 'si_LK'), ('QT_ACCESSIBILITY', '1'), ('GDMSESSION', 'ubuntu'), ('LC_MEASUREMENT', 'si_LK'), ('GPG_AGENT_INFO', '/run/user/1000/gnupg/S.gpg-agent:0:1'), ('LC_IDENTIFICATION', 'si_LK'), ('QT_IM_MODULE', 'ibus'), ('PWD', '/home/janaka/dev_ws/build/my_bot'), ('LC_ALL', 'en_US.UTF-8'), ('XDG_CONFIG_DIRS', '/etc/xdg/xdg-ubuntu:/etc/xdg'), ('XDG_DATA_DIRS', '/usr/share/ubuntu:/usr/share/gnome:/usr/local/share/:/usr/share/:/var/lib/snapd/desktop'), ('PYTHONPATH', '/opt/ros/humble/lib/python3.10/site-packages:/opt/ros/humble/local/lib/python3.10/dist-packages'), ('LC_NUMERIC', 'si_LK'), ('LC_PAPER', 'si_LK'), ('COLCON', '1'), ('VTE_VERSION', '6800'), ('CMAKE_PREFIX_PATH', '/home/janaka/dev_ws/install/my_bot:/opt/ros/humble')]), 'shell': False}
[0.047059] (my_bot) CommandEnded: {'returncode': 0}
[0.047942] (my_bot) JobProgress: {'identifier': 'my_bot', 'progress': 'install'}
[0.054281] (my_bot) Command: {'cmd': ['/usr/bin/cmake', '--install', '/home/janaka/dev_ws/build/my_bot'], 'cwd': '/home/janaka/dev_ws/build/my_bot', 'env': OrderedDict([('USER', 'janaka'), ('LC_TIME', 'si_LK'), ('XDG_SESSION_TYPE', 'x11'), ('SHLVL', '1'), ('LD_LIBRARY_PATH', '/usr/lib/x86_64-linux-gnu/gazebo-11/plugins:/opt/ros/humble/opt/rviz_ogre_vendor/lib:/opt/ros/humble/lib/x86_64-linux-gnu:/opt/ros/humble/lib'), ('HOME', '/home/janaka'), ('OLDPWD', '/home/janaka'), ('DESKTOP_SESSION', 'ubuntu'), ('ROS_PYTHON_VERSION', '3'), ('GNOME_SHELL_SESSION_MODE', 'ubuntu'), ('GTK_MODULES', 'gail:atk-bridge'), ('LC_MONETARY', 'si_LK'), ('SYSTEMD_EXEC_PID', '2149'), ('DBUS_SESSION_BUS_ADDRESS', 'unix:path=/run/user/1000/bus'), ('COLORTERM', 'truecolor'), ('COLCON_PREFIX_PATH', '/home/janaka/dev_ws/install'), ('ROS_DISTRO', 'humble'), ('GTK_IM_MODULE', 'ibus'), ('LOGNAME', 'janaka'), ('_', '/usr/bin/colcon'), ('ROS_VERSION', '2'), ('XDG_SESSION_CLASS', 'user'), ('USERNAME', 'janaka'), ('TERM', 'xterm-256color'), ('GNOME_DESKTOP_SESSION_ID', 'this-is-deprecated'), ('ROS_LOCALHOST_ONLY', '0'), ('WINDOWPATH', '2'), ('PATH', '/opt/ros/humble/bin:/usr/local/sbin:/usr/local/bin:/usr/sbin:/usr/bin:/sbin:/bin:/usr/games:/usr/local/games:/snap/bin:/snap/bin'), ('SESSION_MANAGER', 'local/janaka-ros2:@/tmp/.ICE-unix/2121,unix/janaka-ros2:/tmp/.ICE-unix/2121'), ('XDG_MENU_PREFIX', 'gnome-'), ('LC_ADDRESS', 'si_LK'), ('GNOME_TERMINAL_SCREEN', '/org/gnome/Terminal/screen/5aca1d65_b03d_4864_be44_10a1f9a730ab'), ('XDG_RUNTIME_DIR', '/run/user/1000'), ('DISPLAY', ':1'), ('LANG', 'en_US.UTF-8'), ('XDG_CURRENT_DESKTOP', 'ubuntu:GNOME'), ('LC_TELEPHONE', 'si_LK'), ('XMODIFIERS', '@im=ibus'), ('XDG_SESSION_DESKTOP', 'ubuntu'), ('XAUTHORITY', '/run/user/1000/gdm/Xauthority'), ('GNOME_TERMINAL_SERVICE', ':1.121'), ('SSH_AGENT_LAUNCHER', 'gnome-keyring'), ('SSH_AUTH_SOCK', '/run/user/1000/keyring/ssh'), ('AMENT_PREFIX_PATH', '/home/janaka/dev_ws/install/my_bot:/opt/ros/humble'), ('SHELL', '/bin/bash'), ('LC_NAME', 'si_LK'), ('QT_ACCESSIBILITY', '1'), ('GDMSESSION', 'ubuntu'), ('LC_MEASUREMENT', 'si_LK'), ('GPG_AGENT_INFO', '/run/user/1000/gnupg/S.gpg-agent:0:1'), ('LC_IDENTIFICATION', 'si_LK'), ('QT_IM_MODULE', 'ibus'), ('PWD', '/home/janaka/dev_ws/build/my_bot'), ('LC_ALL', 'en_US.UTF-8'), ('XDG_CONFIG_DIRS', '/etc/xdg/xdg-ubuntu:/etc/xdg'), ('XDG_DATA_DIRS', '/usr/share/ubuntu:/usr/share/gnome:/usr/local/share/:/usr/share/:/var/lib/snapd/desktop'), ('PYTHONPATH', '/opt/ros/humble/lib/python3.10/site-packages:/opt/ros/humble/local/lib/python3.10/dist-packages'), ('LC_NUMERIC', 'si_LK'), ('LC_PAPER', 'si_LK'), ('COLCON', '1'), ('VTE_VERSION', '6800'), ('CMAKE_PREFIX_PATH', '/home/janaka/dev_ws/install/my_bot:/opt/ros/humble')]), 'shell': False}
[0.060127] (my_bot) StdoutLine: {'line': b'-- Install configuration: ""\n'}
[0.060324] (my_bot) StdoutLine: {'line': b'-- Up-to-date: /home/janaka/dev_ws/install/my_bot/share/my_bot/config\n'}
[0.060449] (my_bot) StdoutLine: {'line': b'-- Up-to-date: /home/janaka/dev_ws/install/my_bot/share/my_bot/config/my_controllers.yaml\n'}
[0.060510] (my_bot) StdoutLine: {'line': b'-- Up-to-date: /home/janaka/dev_ws/install/my_bot/share/my_bot/config/empty.yaml\n'}
[0.060562] (my_bot) StdoutLine: {'line': b'-- Up-to-date: /home/janaka/dev_ws/install/my_bot/share/my_bot/description\n'}
[0.060645] (my_bot) StdoutLine: {'line': b'-- Up-to-date: /home/janaka/dev_ws/install/my_bot/share/my_bot/description/gazebo_control.xacro\n'}
[0.060721] (my_bot) StdoutLine: {'line': b'-- Installing: /home/janaka/dev_ws/install/my_bot/share/my_bot/description/robot_core.xacro\n'}
[0.060818] (my_bot) StdoutLine: {'line': b'-- Up-to-date: /home/janaka/dev_ws/install/my_bot/share/my_bot/description/ros2_control.xacro\n'}
[0.061004] (my_bot) StdoutLine: {'line': b'-- Up-to-date: /home/janaka/dev_ws/install/my_bot/share/my_bot/description/inertial_macros.xacro\n'}
[0.061082] (my_bot) StdoutLine: {'line': b'-- Up-to-date: /home/janaka/dev_ws/install/my_bot/share/my_bot/description/robot.urdf.xacro\n'}
[0.061149] (my_bot) StdoutLine: {'line': b'-- Up-to-date: /home/janaka/dev_ws/install/my_bot/share/my_bot/description/lidar.xacro\n'}
[0.061211] (my_bot) StdoutLine: {'line': b'-- Up-to-date: /home/janaka/dev_ws/install/my_bot/share/my_bot/launch\n'}
[0.061267] (my_bot) StdoutLine: {'line': b'-- Up-to-date: /home/janaka/dev_ws/install/my_bot/share/my_bot/launch/robot_launch_with_control.py\n'}
[0.061324] (my_bot) StdoutLine: {'line': b'-- Up-to-date: /home/janaka/dev_ws/install/my_bot/share/my_bot/launch/rsp.launch.py\n'}
[0.061382] (my_bot) StdoutLine: {'line': b'-- Up-to-date: /home/janaka/dev_ws/install/my_bot/share/my_bot/launch/launch_sim.launch.py\n'}
[0.061439] (my_bot) StdoutLine: {'line': b'-- Up-to-date: /home/janaka/dev_ws/install/my_bot/share/my_bot/worlds\n'}
[0.061495] (my_bot) StdoutLine: {'line': b'-- Up-to-date: /home/janaka/dev_ws/install/my_bot/share/my_bot/worlds/empty.world\n'}
[0.061563] (my_bot) StdoutLine: {'line': b'-- Up-to-date: /home/janaka/dev_ws/install/my_bot/share/ament_index/resource_index/package_run_dependencies/my_bot\n'}
[0.061617] (my_bot) StdoutLine: {'line': b'-- Up-to-date: /home/janaka/dev_ws/install/my_bot/share/ament_index/resource_index/parent_prefix_path/my_bot\n'}
[0.061701] (my_bot) StdoutLine: {'line': b'-- Up-to-date: /home/janaka/dev_ws/install/my_bot/share/my_bot/environment/ament_prefix_path.sh\n'}
[0.061726] (my_bot) StdoutLine: {'line': b'-- Up-to-date: /home/janaka/dev_ws/install/my_bot/share/my_bot/environment/ament_prefix_path.dsv\n'}
[0.061751] (my_bot) StdoutLine: {'line': b'-- Up-to-date: /home/janaka/dev_ws/install/my_bot/share/my_bot/environment/path.sh\n'}
[0.061788] (my_bot) StdoutLine: {'line': b'-- Up-to-date: /home/janaka/dev_ws/install/my_bot/share/my_bot/environment/path.dsv\n'}
[0.061815] (my_bot) StdoutLine: {'line': b'-- Up-to-date: /home/janaka/dev_ws/install/my_bot/share/my_bot/local_setup.bash\n'}
[0.061839] (my_bot) StdoutLine: {'line': b'-- Up-to-date: /home/janaka/dev_ws/install/my_bot/share/my_bot/local_setup.sh\n'}
[0.061864] (my_bot) StdoutLine: {'line': b'-- Up-to-date: /home/janaka/dev_ws/install/my_bot/share/my_bot/local_setup.zsh\n'}
[0.061889] (my_bot) StdoutLine: {'line': b'-- Up-to-date: /home/janaka/dev_ws/install/my_bot/share/my_bot/local_setup.dsv\n'}
[0.061913] (my_bot) StdoutLine: {'line': b'-- Installing: /home/janaka/dev_ws/install/my_bot/share/my_bot/package.dsv\n'}
[0.061938] (my_bot) StdoutLine: {'line': b'-- Up-to-date: /home/janaka/dev_ws/install/my_bot/share/ament_index/resource_index/packages/my_bot\n'}
[0.061963] (my_bot) StdoutLine: {'line': b'-- Up-to-date: /home/janaka/dev_ws/install/my_bot/share/my_bot/cmake/my_botConfig.cmake\n'}
[0.061987] (my_bot) StdoutLine: {'line': b'-- Up-to-date: /home/janaka/dev_ws/install/my_bot/share/my_bot/cmake/my_botConfig-version.cmake\n'}
[0.062012] (my_bot) StdoutLine: {'line': b'-- Up-to-date: /home/janaka/dev_ws/install/my_bot/share/my_bot/package.xml\n'}
[0.062629] (my_bot) CommandEnded: {'returncode': 0}
[0.074147] (my_bot) JobEnded: {'identifier': 'my_bot', 'rc': 0}
[0.074456] (-) EventReactorShutdown: {}
