[0.000000] (-) TimerEvent: {}
[0.000122] (my_bot) JobQueued: {'identifier': 'my_bot', 'dependencies': OrderedDict()}
[0.000624] (my_bot) JobStarted: {'identifier': 'my_bot'}
[0.006812] (my_bot) JobProgress: {'identifier': 'my_bot', 'progress': 'cmake'}
[0.007459] (my_bot) Command: {'cmd': ['/usr/bin/cmake', '/home/janaka/dev_ws/src/my_bot', '-DCMAKE_INSTALL_PREFIX=/home/janaka/dev_ws/install/my_bot'], 'cwd': '/home/janaka/dev_ws/build/my_bot', 'env': OrderedDict([('USER', 'janaka'), ('LC_TIME', 'si_LK'), ('XDG_SESSION_TYPE', 'x11'), ('SHLVL', '1'), ('LD_LIBRARY_PATH', '/usr/lib/x86_64-linux-gnu/gazebo-11/plugins:/opt/ros/humble/opt/rviz_ogre_vendor/lib:/opt/ros/humble/lib/x86_64-linux-gnu:/opt/ros/humble/lib'), ('HOME', '/home/janaka'), ('OLDPWD', '/home/janaka/dev_ws/src/my_bot/config'), ('DESKTOP_SESSION', 'ubuntu'), ('ROS_PYTHON_VERSION', '3'), ('GNOME_SHELL_SESSION_MODE', 'ubuntu'), ('GTK_MODULES', 'gail:atk-bridge'), ('LC_MONETARY', 'si_LK'), ('SYSTEMD_EXEC_PID', '8974'), ('DBUS_SESSION_BUS_ADDRESS', 'unix:path=/run/user/1000/bus'), ('COLORTERM', 'truecolor'), ('COLCON_PREFIX_PATH', '/home/janaka/dev_ws/install'), ('ROS_DISTRO', 'humble'), ('GTK_IM_MODULE', 'ibus'), ('LOGNAME', 'janaka'), ('_', '/usr/bin/colcon'), ('ROS_VERSION', '2'), ('XDG_SESSION_CLASS', 'user'), ('USERNAME', 'janaka'), ('TERM', 'xterm-256color'), ('GNOME_DESKTOP_SESSION_ID', 'this-is-deprecated'), ('ROS_LOCALHOST_ONLY', '0'), ('WINDOWPATH', '2'), ('PATH', '/opt/ros/humble/bin:/usr/local/sbin:/usr/local/bin:/usr/sbin:/usr/bin:/sbin:/bin:/usr/games:/usr/local/games:/snap/bin:/snap/bin'), ('SESSION_MANAGER', 'local/janaka-ros2:@/tmp/.ICE-unix/3011,unix/janaka-ros2:/tmp/.ICE-unix/3011'), ('XDG_MENU_PREFIX', 'gnome-'), ('LC_ADDRESS', 'si_LK'), ('GNOME_TERMINAL_SCREEN', '/org/gnome/Terminal/screen/92679b7b_a0b3_4702_ae70_ac74c3ea813f'), ('XDG_RUNTIME_DIR', '/run/user/1000'), ('DISPLAY', ':1'), ('LANG', 'en_US.UTF-8'), ('XDG_CURRENT_DESKTOP', 'ubuntu:GNOME'), ('LC_TELEPHONE', 'si_LK'), ('XMODIFIERS', '@im=ibus'), ('XDG_SESSION_DESKTOP', 'ubuntu'), ('XAUTHORITY', '/run/user/1000/gdm/Xauthority'), ('GNOME_TERMINAL_SERVICE', ':1.112'), ('SSH_AGENT_LAUNCHER', 'gnome-keyring'), ('SSH_AUTH_SOCK', '/run/user/1000/keyring/ssh'), ('AMENT_PREFIX_PATH', '/home/janaka/dev_ws/install/my_bot:/opt/ros/humble'), ('SHELL', '/bin/bash'), ('LC_NAME', 'si_LK'), ('QT_ACCESSIBILITY', '1'), ('GDMSESSION', 'ubuntu'), ('LC_MEASUREMENT', 'si_LK'), ('GPG_AGENT_INFO', '/run/user/1000/gnupg/S.gpg-agent:0:1'), ('LC_IDENTIFICATION', 'si_LK'), ('QT_IM_MODULE', 'ibus'), ('PWD', '/home/janaka/dev_ws/build/my_bot'), ('LC_ALL', 'en_US.UTF-8'), ('XDG_CONFIG_DIRS', '/etc/xdg/xdg-ubuntu:/etc/xdg'), ('XDG_DATA_DIRS', '/usr/share/ubuntu:/usr/share/gnome:/usr/local/share/:/usr/share/:/var/lib/snapd/desktop'), ('PYTHONPATH', '/opt/ros/humble/lib/python3.10/site-packages:/opt/ros/humble/local/lib/python3.10/dist-packages'), ('LC_NUMERIC', 'si_LK'), ('LC_PAPER', 'si_LK'), ('COLCON', '1'), ('VTE_VERSION', '6800'), ('CMAKE_PREFIX_PATH', '/home/janaka/dev_ws/install/my_bot:/opt/ros/humble')]), 'shell': False}
[0.051726] (my_bot) StdoutLine: {'line': b'-- The C compiler identification is GNU 11.4.0\n'}
[0.094305] (my_bot) StdoutLine: {'line': b'-- The CXX compiler identification is GNU 11.4.0\n'}
[0.099782] (-) TimerEvent: {}
[0.100013] (my_bot) StdoutLine: {'line': b'-- Detecting C compiler ABI info\n'}
[0.155637] (my_bot) StdoutLine: {'line': b'-- Detecting C compiler ABI info - done\n'}
[0.159582] (my_bot) StdoutLine: {'line': b'-- Check for working C compiler: /usr/bin/cc - skipped\n'}
[0.159765] (my_bot) StdoutLine: {'line': b'-- Detecting C compile features\n'}
[0.160271] (my_bot) StdoutLine: {'line': b'-- Detecting C compile features - done\n'}
[0.162520] (my_bot) StdoutLine: {'line': b'-- Detecting CXX compiler ABI info\n'}
[0.199907] (-) TimerEvent: {}
[0.223011] (my_bot) StdoutLine: {'line': b'-- Detecting CXX compiler ABI info - done\n'}
[0.228512] (my_bot) StdoutLine: {'line': b'-- Check for working CXX compiler: /usr/bin/c++ - skipped\n'}
[0.228711] (my_bot) StdoutLine: {'line': b'-- Detecting CXX compile features\n'}
[0.228941] (my_bot) StdoutLine: {'line': b'-- Detecting CXX compile features - done\n'}
[0.230488] (my_bot) StdoutLine: {'line': b'-- Found ament_cmake: 1.3.12 (/opt/ros/humble/share/ament_cmake/cmake)\n'}
[0.300024] (-) TimerEvent: {}
[0.328852] (my_bot) StdoutLine: {'line': b'-- Found Python3: /usr/bin/python3 (found version "3.10.12") found components: Interpreter \n'}
[0.384599] (my_bot) StdoutLine: {'line': b'-- Found ament_lint_auto: 0.12.14 (/opt/ros/humble/share/ament_lint_auto/cmake)\n'}
[0.400134] (-) TimerEvent: {}
[0.434698] (my_bot) StdoutLine: {'line': b"-- Added test 'copyright' to check source files copyright and LICENSE\n"}
[0.436487] (my_bot) StdoutLine: {'line': b"-- Added test 'flake8' to check Python code syntax and style conventions\n"}
[0.436838] (my_bot) StdoutLine: {'line': b"-- Added test 'lint_cmake' to check CMake code style\n"}
[0.437150] (my_bot) StdoutLine: {'line': b"-- Added test 'pep257' to check Python code against some of the docstring style conventions in PEP 257\n"}
[0.438163] (my_bot) StdoutLine: {'line': b"-- Added test 'xmllint' to check XML markup files\n"}
[0.438915] (my_bot) StdoutLine: {'line': b'-- Configuring done\n'}
[0.441055] (my_bot) StdoutLine: {'line': b'-- Generating done\n'}
[0.442068] (my_bot) StdoutLine: {'line': b'-- Build files have been written to: /home/janaka/dev_ws/build/my_bot\n'}
[0.445842] (my_bot) CommandEnded: {'returncode': 0}
[0.446530] (my_bot) JobProgress: {'identifier': 'my_bot', 'progress': 'build'}
[0.447661] (my_bot) Command: {'cmd': ['/usr/bin/cmake', '--build', '/home/janaka/dev_ws/build/my_bot', '--', '-j16', '-l16'], 'cwd': '/home/janaka/dev_ws/build/my_bot', 'env': OrderedDict([('USER', 'janaka'), ('LC_TIME', 'si_LK'), ('XDG_SESSION_TYPE', 'x11'), ('SHLVL', '1'), ('LD_LIBRARY_PATH', '/usr/lib/x86_64-linux-gnu/gazebo-11/plugins:/opt/ros/humble/opt/rviz_ogre_vendor/lib:/opt/ros/humble/lib/x86_64-linux-gnu:/opt/ros/humble/lib'), ('HOME', '/home/janaka'), ('OLDPWD', '/home/janaka/dev_ws/src/my_bot/config'), ('DESKTOP_SESSION', 'ubuntu'), ('ROS_PYTHON_VERSION', '3'), ('GNOME_SHELL_SESSION_MODE', 'ubuntu'), ('GTK_MODULES', 'gail:atk-bridge'), ('LC_MONETARY', 'si_LK'), ('SYSTEMD_EXEC_PID', '8974'), ('DBUS_SESSION_BUS_ADDRESS', 'unix:path=/run/user/1000/bus'), ('COLORTERM', 'truecolor'), ('COLCON_PREFIX_PATH', '/home/janaka/dev_ws/install'), ('ROS_DISTRO', 'humble'), ('GTK_IM_MODULE', 'ibus'), ('LOGNAME', 'janaka'), ('_', '/usr/bin/colcon'), ('ROS_VERSION', '2'), ('XDG_SESSION_CLASS', 'user'), ('USERNAME', 'janaka'), ('TERM', 'xterm-256color'), ('GNOME_DESKTOP_SESSION_ID', 'this-is-deprecated'), ('ROS_LOCALHOST_ONLY', '0'), ('WINDOWPATH', '2'), ('PATH', '/opt/ros/humble/bin:/usr/local/sbin:/usr/local/bin:/usr/sbin:/usr/bin:/sbin:/bin:/usr/games:/usr/local/games:/snap/bin:/snap/bin'), ('SESSION_MANAGER', 'local/janaka-ros2:@/tmp/.ICE-unix/3011,unix/janaka-ros2:/tmp/.ICE-unix/3011'), ('XDG_MENU_PREFIX', 'gnome-'), ('LC_ADDRESS', 'si_LK'), ('GNOME_TERMINAL_SCREEN', '/org/gnome/Terminal/screen/92679b7b_a0b3_4702_ae70_ac74c3ea813f'), ('XDG_RUNTIME_DIR', '/run/user/1000'), ('DISPLAY', ':1'), ('LANG', 'en_US.UTF-8'), ('XDG_CURRENT_DESKTOP', 'ubuntu:GNOME'), ('LC_TELEPHONE', 'si_LK'), ('XMODIFIERS', '@im=ibus'), ('XDG_SESSION_DESKTOP', 'ubuntu'), ('XAUTHORITY', '/run/user/1000/gdm/Xauthority'), ('GNOME_TERMINAL_SERVICE', ':1.112'), ('SSH_AGENT_LAUNCHER', 'gnome-keyring'), ('SSH_AUTH_SOCK', '/run/user/1000/keyring/ssh'), ('AMENT_PREFIX_PATH', '/home/janaka/dev_ws/install/my_bot:/opt/ros/humble'), ('SHELL', '/bin/bash'), ('LC_NAME', 'si_LK'), ('QT_ACCESSIBILITY', '1'), ('GDMSESSION', 'ubuntu'), ('LC_MEASUREMENT', 'si_LK'), ('GPG_AGENT_INFO', '/run/user/1000/gnupg/S.gpg-agent:0:1'), ('LC_IDENTIFICATION', 'si_LK'), ('QT_IM_MODULE', 'ibus'), ('PWD', '/home/janaka/dev_ws/build/my_bot'), ('LC_ALL', 'en_US.UTF-8'), ('XDG_CONFIG_DIRS', '/etc/xdg/xdg-ubuntu:/etc/xdg'), ('XDG_DATA_DIRS', '/usr/share/ubuntu:/usr/share/gnome:/usr/local/share/:/usr/share/:/var/lib/snapd/desktop'), ('PYTHONPATH', '/opt/ros/humble/lib/python3.10/site-packages:/opt/ros/humble/local/lib/python3.10/dist-packages'), ('LC_NUMERIC', 'si_LK'), ('LC_PAPER', 'si_LK'), ('COLCON', '1'), ('VTE_VERSION', '6800'), ('CMAKE_PREFIX_PATH', '/home/janaka/dev_ws/install/my_bot:/opt/ros/humble')]), 'shell': False}
[0.477229] (my_bot) CommandEnded: {'returncode': 0}
[0.478024] (my_bot) JobProgress: {'identifier': 'my_bot', 'progress': 'install'}
[0.483856] (my_bot) Command: {'cmd': ['/usr/bin/cmake', '--install', '/home/janaka/dev_ws/build/my_bot'], 'cwd': '/home/janaka/dev_ws/build/my_bot', 'env': OrderedDict([('USER', 'janaka'), ('LC_TIME', 'si_LK'), ('XDG_SESSION_TYPE', 'x11'), ('SHLVL', '1'), ('LD_LIBRARY_PATH', '/usr/lib/x86_64-linux-gnu/gazebo-11/plugins:/opt/ros/humble/opt/rviz_ogre_vendor/lib:/opt/ros/humble/lib/x86_64-linux-gnu:/opt/ros/humble/lib'), ('HOME', '/home/janaka'), ('OLDPWD', '/home/janaka/dev_ws/src/my_bot/config'), ('DESKTOP_SESSION', 'ubuntu'), ('ROS_PYTHON_VERSION', '3'), ('GNOME_SHELL_SESSION_MODE', 'ubuntu'), ('GTK_MODULES', 'gail:atk-bridge'), ('LC_MONETARY', 'si_LK'), ('SYSTEMD_EXEC_PID', '8974'), ('DBUS_SESSION_BUS_ADDRESS', 'unix:path=/run/user/1000/bus'), ('COLORTERM', 'truecolor'), ('COLCON_PREFIX_PATH', '/home/janaka/dev_ws/install'), ('ROS_DISTRO', 'humble'), ('GTK_IM_MODULE', 'ibus'), ('LOGNAME', 'janaka'), ('_', '/usr/bin/colcon'), ('ROS_VERSION', '2'), ('XDG_SESSION_CLASS', 'user'), ('USERNAME', 'janaka'), ('TERM', 'xterm-256color'), ('GNOME_DESKTOP_SESSION_ID', 'this-is-deprecated'), ('ROS_LOCALHOST_ONLY', '0'), ('WINDOWPATH', '2'), ('PATH', '/opt/ros/humble/bin:/usr/local/sbin:/usr/local/bin:/usr/sbin:/usr/bin:/sbin:/bin:/usr/games:/usr/local/games:/snap/bin:/snap/bin'), ('SESSION_MANAGER', 'local/janaka-ros2:@/tmp/.ICE-unix/3011,unix/janaka-ros2:/tmp/.ICE-unix/3011'), ('XDG_MENU_PREFIX', 'gnome-'), ('LC_ADDRESS', 'si_LK'), ('GNOME_TERMINAL_SCREEN', '/org/gnome/Terminal/screen/92679b7b_a0b3_4702_ae70_ac74c3ea813f'), ('XDG_RUNTIME_DIR', '/run/user/1000'), ('DISPLAY', ':1'), ('LANG', 'en_US.UTF-8'), ('XDG_CURRENT_DESKTOP', 'ubuntu:GNOME'), ('LC_TELEPHONE', 'si_LK'), ('XMODIFIERS', '@im=ibus'), ('XDG_SESSION_DESKTOP', 'ubuntu'), ('XAUTHORITY', '/run/user/1000/gdm/Xauthority'), ('GNOME_TERMINAL_SERVICE', ':1.112'), ('SSH_AGENT_LAUNCHER', 'gnome-keyring'), ('SSH_AUTH_SOCK', '/run/user/1000/keyring/ssh'), ('AMENT_PREFIX_PATH', '/home/janaka/dev_ws/install/my_bot:/opt/ros/humble'), ('SHELL', '/bin/bash'), ('LC_NAME', 'si_LK'), ('QT_ACCESSIBILITY', '1'), ('GDMSESSION', 'ubuntu'), ('LC_MEASUREMENT', 'si_LK'), ('GPG_AGENT_INFO', '/run/user/1000/gnupg/S.gpg-agent:0:1'), ('LC_IDENTIFICATION', 'si_LK'), ('QT_IM_MODULE', 'ibus'), ('PWD', '/home/janaka/dev_ws/build/my_bot'), ('LC_ALL', 'en_US.UTF-8'), ('XDG_CONFIG_DIRS', '/etc/xdg/xdg-ubuntu:/etc/xdg'), ('XDG_DATA_DIRS', '/usr/share/ubuntu:/usr/share/gnome:/usr/local/share/:/usr/share/:/var/lib/snapd/desktop'), ('PYTHONPATH', '/opt/ros/humble/lib/python3.10/site-packages:/opt/ros/humble/local/lib/python3.10/dist-packages'), ('LC_NUMERIC', 'si_LK'), ('LC_PAPER', 'si_LK'), ('COLCON', '1'), ('VTE_VERSION', '6800'), ('CMAKE_PREFIX_PATH', '/home/janaka/dev_ws/install/my_bot:/opt/ros/humble')]), 'shell': False}
[0.489308] (my_bot) StdoutLine: {'line': b'-- Install configuration: ""\n'}
[0.489464] (my_bot) StdoutLine: {'line': b'-- Installing: /home/janaka/dev_ws/install/my_bot/share/my_bot/config\n'}
[0.489593] (my_bot) StdoutLine: {'line': b'-- Installing: /home/janaka/dev_ws/install/my_bot/share/my_bot/config/my_controllers.yaml\n'}
[0.489703] (my_bot) StdoutLine: {'line': b'-- Installing: /home/janaka/dev_ws/install/my_bot/share/my_bot/config/empty.yaml\n'}
[0.490146] (my_bot) StdoutLine: {'line': b'-- Installing: /home/janaka/dev_ws/install/my_bot/share/my_bot/description\n'}
[0.490198] (my_bot) StdoutLine: {'line': b'-- Installing: /home/janaka/dev_ws/install/my_bot/share/my_bot/description/gazebo_control.xacro\n'}
[0.490262] (my_bot) StdoutLine: {'line': b'-- Installing: /home/janaka/dev_ws/install/my_bot/share/my_bot/description/robot_core.xacro\n'}
[0.490343] (my_bot) StdoutLine: {'line': b'-- Installing: /home/janaka/dev_ws/install/my_bot/share/my_bot/description/ros2_control.xacro\n'}
[0.490404] (my_bot) StdoutLine: {'line': b'-- Installing: /home/janaka/dev_ws/install/my_bot/share/my_bot/description/inertial_macros.xacro\n'}
[0.490470] (my_bot) StdoutLine: {'line': b'-- Installing: /home/janaka/dev_ws/install/my_bot/share/my_bot/description/robot.urdf.xacro\n'}
[0.490535] (my_bot) StdoutLine: {'line': b'-- Installing: /home/janaka/dev_ws/install/my_bot/share/my_bot/description/lidar.xacro\n'}
[0.490613] (my_bot) StdoutLine: {'line': b'-- Installing: /home/janaka/dev_ws/install/my_bot/share/my_bot/launch\n'}
[0.490664] (my_bot) StdoutLine: {'line': b'-- Installing: /home/janaka/dev_ws/install/my_bot/share/my_bot/launch/robot_launch_with_control.py\n'}
[0.490736] (my_bot) StdoutLine: {'line': b'-- Installing: /home/janaka/dev_ws/install/my_bot/share/my_bot/launch/rsp.launch.py\n'}
[0.490803] (my_bot) StdoutLine: {'line': b'-- Installing: /home/janaka/dev_ws/install/my_bot/share/my_bot/launch/launch_sim.launch.py\n'}
[0.490868] (my_bot) StdoutLine: {'line': b'-- Installing: /home/janaka/dev_ws/install/my_bot/share/my_bot/worlds\n'}
[0.490911] (my_bot) StdoutLine: {'line': b'-- Installing: /home/janaka/dev_ws/install/my_bot/share/my_bot/worlds/empty.world\n'}
[0.491153] (my_bot) StdoutLine: {'line': b'-- Installing: /home/janaka/dev_ws/install/my_bot/share/ament_index/resource_index/package_run_dependencies/my_bot\n'}
[0.491259] (my_bot) StdoutLine: {'line': b'-- Installing: /home/janaka/dev_ws/install/my_bot/share/ament_index/resource_index/parent_prefix_path/my_bot\n'}
[0.491369] (my_bot) StdoutLine: {'line': b'-- Installing: /home/janaka/dev_ws/install/my_bot/share/my_bot/environment/ament_prefix_path.sh\n'}
[0.491456] (my_bot) StdoutLine: {'line': b'-- Installing: /home/janaka/dev_ws/install/my_bot/share/my_bot/environment/ament_prefix_path.dsv\n'}
[0.491542] (my_bot) StdoutLine: {'line': b'-- Installing: /home/janaka/dev_ws/install/my_bot/share/my_bot/environment/path.sh\n'}
[0.491630] (my_bot) StdoutLine: {'line': b'-- Installing: /home/janaka/dev_ws/install/my_bot/share/my_bot/environment/path.dsv\n'}
[0.491711] (my_bot) StdoutLine: {'line': b'-- Installing: /home/janaka/dev_ws/install/my_bot/share/my_bot/local_setup.bash\n'}
[0.491790] (my_bot) StdoutLine: {'line': b'-- Installing: /home/janaka/dev_ws/install/my_bot/share/my_bot/local_setup.sh\n'}
[0.491875] (my_bot) StdoutLine: {'line': b'-- Installing: /home/janaka/dev_ws/install/my_bot/share/my_bot/local_setup.zsh\n'}
[0.491953] (my_bot) StdoutLine: {'line': b'-- Installing: /home/janaka/dev_ws/install/my_bot/share/my_bot/local_setup.dsv\n'}
[0.492032] (my_bot) StdoutLine: {'line': b'-- Installing: /home/janaka/dev_ws/install/my_bot/share/my_bot/package.dsv\n'}
[0.492138] (my_bot) StdoutLine: {'line': b'-- Installing: /home/janaka/dev_ws/install/my_bot/share/ament_index/resource_index/packages/my_bot\n'}
[0.492242] (my_bot) StdoutLine: {'line': b'-- Installing: /home/janaka/dev_ws/install/my_bot/share/my_bot/cmake/my_botConfig.cmake\n'}
[0.492312] (my_bot) StdoutLine: {'line': b'-- Installing: /home/janaka/dev_ws/install/my_bot/share/my_bot/cmake/my_botConfig-version.cmake\n'}
[0.492400] (my_bot) StdoutLine: {'line': b'-- Installing: /home/janaka/dev_ws/install/my_bot/share/my_bot/package.xml\n'}
[0.493717] (my_bot) CommandEnded: {'returncode': 0}
[0.500630] (-) TimerEvent: {}
[0.502684] (my_bot) JobEnded: {'identifier': 'my_bot', 'rc': 0}
[0.502959] (-) EventReactorShutdown: {}
