[0.000000] (-) TimerEvent: {}
[0.000342] (mecanumdrive_arduino) JobQueued: {'identifier': 'mecanumdrive_arduino', 'dependencies': OrderedDict()}
[0.000381] (my_bot) JobQueued: {'identifier': 'my_bot', 'dependencies': OrderedDict()}
[0.000406] (mecanumdrive_arduino) JobStarted: {'identifier': 'mecanumdrive_arduino'}
[0.006419] (my_bot) JobStarted: {'identifier': 'my_bot'}
[0.009772] (mecanumdrive_arduino) JobProgress: {'identifier': 'mecanumdrive_arduino', 'progress': 'cmake'}
[0.010557] (mecanumdrive_arduino) JobProgress: {'identifier': 'mecanumdrive_arduino', 'progress': 'build'}
[0.010622] (mecanumdrive_arduino) Command: {'cmd': ['/usr/bin/cmake', '--build', '/home/janaka/dev_ws/build/mecanumdrive_arduino', '--', '-j16', '-l16'], 'cwd': '/home/janaka/dev_ws/build/mecanumdrive_arduino', 'env': OrderedDict([('USER', 'janaka'), ('LC_TIME', 'si_LK'), ('XDG_SESSION_TYPE', 'x11'), ('SHLVL', '1'), ('LD_LIBRARY_PATH', '/home/janaka/dev_ws/install/mecanumdrive_arduino/lib:/home/janaka/dev_ws/install/mecanum_drive_controller/lib:/usr/lib/x86_64-linux-gnu/gazebo-11/plugins:/opt/ros/humble/opt/rviz_ogre_vendor/lib:/opt/ros/humble/lib/x86_64-linux-gnu:/opt/ros/humble/lib'), ('HOME', '/home/janaka'), ('OLDPWD', '/home/janaka'), ('DESKTOP_SESSION', 'ubuntu'), ('ROS_PYTHON_VERSION', '3'), ('GNOME_SHELL_SESSION_MODE', 'ubuntu'), ('GTK_MODULES', 'gail:atk-bridge'), ('LC_MONETARY', 'si_LK'), ('SYSTEMD_EXEC_PID', '2219'), ('DBUS_SESSION_BUS_ADDRESS', 'unix:path=/run/user/1000/bus'), ('COLORTERM', 'truecolor'), ('COLCON_PREFIX_PATH', '/home/janaka/dev_ws/install:/home/janaka/ros2_ws/install'), ('ROS_DISTRO', 'humble'), ('GTK_IM_MODULE', 'ibus'), ('LOGNAME', 'janaka'), ('_', '/usr/bin/colcon'), ('ROS_VERSION', '2'), ('XDG_SESSION_CLASS', 'user'), ('USERNAME', 'janaka'), ('TERM', 'xterm-256color'), ('GNOME_DESKTOP_SESSION_ID', 'this-is-deprecated'), ('ROS_LOCALHOST_ONLY', '0'), ('WINDOWPATH', '2'), ('PATH', '/home/janaka/.local/bin:/opt/ros/humble/bin:/usr/local/sbin:/usr/local/bin:/usr/sbin:/usr/bin:/sbin:/bin:/usr/games:/usr/local/games:/snap/bin:/snap/bin:/home/janaka/.platformio/penv/bin:/home/janaka/.platformio/penv/bin'), ('SESSION_MANAGER', 'local/janaka-ros2:@/tmp/.ICE-unix/2192,unix/janaka-ros2:/tmp/.ICE-unix/2192'), ('XDG_MENU_PREFIX', 'gnome-'), ('LC_ADDRESS', 'si_LK'), ('GNOME_TERMINAL_SCREEN', '/org/gnome/Terminal/screen/96aac191_bf2e_4e27_a43c_04b07f481d71'), ('XDG_RUNTIME_DIR', '/run/user/1000'), ('DISPLAY', ':1'), ('LANG', 'en_US.UTF-8'), ('XDG_CURRENT_DESKTOP', 'ubuntu:GNOME'), ('LC_TELEPHONE', 'si_LK'), ('XMODIFIERS', '@im=ibus'), ('XDG_SESSION_DESKTOP', 'ubuntu'), ('XAUTHORITY', '/run/user/1000/gdm/Xauthority'), ('GNOME_TERMINAL_SERVICE', ':1.195'), ('SSH_AGENT_LAUNCHER', 'gnome-keyring'), ('SSH_AUTH_SOCK', '/run/user/1000/keyring/ssh'), ('AMENT_PREFIX_PATH', '/home/janaka/dev_ws/install/my_bot:/home/janaka/dev_ws/install/mecanumdrive_arduino:/home/janaka/dev_ws/install/mecanum_drive_controller:/home/janaka/ros2_ws/install/mobile_project_pkg:/opt/ros/humble'), ('SHELL', '/bin/bash'), ('LC_NAME', 'si_LK'), ('QT_ACCESSIBILITY', '1'), ('GDMSESSION', 'ubuntu'), ('LC_MEASUREMENT', 'si_LK'), ('GPG_AGENT_INFO', '/run/user/1000/gnupg/S.gpg-agent:0:1'), ('LC_IDENTIFICATION', 'si_LK'), ('QT_IM_MODULE', 'ibus'), ('PWD', '/home/janaka/dev_ws/build/mecanumdrive_arduino'), ('LC_ALL', 'en_US.UTF-8'), ('XDG_CONFIG_DIRS', '/etc/xdg/xdg-ubuntu:/etc/xdg'), ('XDG_DATA_DIRS', '/usr/share/ubuntu:/usr/share/gnome:/usr/local/share/:/usr/share/:/var/lib/snapd/desktop'), ('PYTHONPATH', '/opt/ros/humble/lib/python3.10/site-packages:/opt/ros/humble/local/lib/python3.10/dist-packages'), ('LC_NUMERIC', 'si_LK'), ('LC_PAPER', 'si_LK'), ('COLCON', '1'), ('VTE_VERSION', '6800'), ('CMAKE_PREFIX_PATH', '/home/janaka/dev_ws/install/my_bot:/home/janaka/dev_ws/install/mecanumdrive_arduino:/home/janaka/dev_ws/install/mecanum_drive_controller:/home/janaka/ros2_ws/install/mobile_project_pkg:/opt/ros/humble')]), 'shell': False}
[0.012866] (my_bot) JobProgress: {'identifier': 'my_bot', 'progress': 'cmake'}
[0.013136] (my_bot) JobProgress: {'identifier': 'my_bot', 'progress': 'build'}
[0.013234] (my_bot) Command: {'cmd': ['/usr/bin/cmake', '--build', '/home/janaka/dev_ws/build/my_bot', '--', '-j16', '-l16'], 'cwd': '/home/janaka/dev_ws/build/my_bot', 'env': OrderedDict([('USER', 'janaka'), ('LC_TIME', 'si_LK'), ('XDG_SESSION_TYPE', 'x11'), ('SHLVL', '1'), ('LD_LIBRARY_PATH', '/home/janaka/dev_ws/install/mecanumdrive_arduino/lib:/home/janaka/dev_ws/install/mecanum_drive_controller/lib:/usr/lib/x86_64-linux-gnu/gazebo-11/plugins:/opt/ros/humble/opt/rviz_ogre_vendor/lib:/opt/ros/humble/lib/x86_64-linux-gnu:/opt/ros/humble/lib'), ('HOME', '/home/janaka'), ('OLDPWD', '/home/janaka'), ('DESKTOP_SESSION', 'ubuntu'), ('ROS_PYTHON_VERSION', '3'), ('GNOME_SHELL_SESSION_MODE', 'ubuntu'), ('GTK_MODULES', 'gail:atk-bridge'), ('LC_MONETARY', 'si_LK'), ('SYSTEMD_EXEC_PID', '2219'), ('DBUS_SESSION_BUS_ADDRESS', 'unix:path=/run/user/1000/bus'), ('COLORTERM', 'truecolor'), ('COLCON_PREFIX_PATH', '/home/janaka/dev_ws/install:/home/janaka/ros2_ws/install'), ('ROS_DISTRO', 'humble'), ('GTK_IM_MODULE', 'ibus'), ('LOGNAME', 'janaka'), ('_', '/usr/bin/colcon'), ('ROS_VERSION', '2'), ('XDG_SESSION_CLASS', 'user'), ('USERNAME', 'janaka'), ('TERM', 'xterm-256color'), ('GNOME_DESKTOP_SESSION_ID', 'this-is-deprecated'), ('ROS_LOCALHOST_ONLY', '0'), ('WINDOWPATH', '2'), ('PATH', '/home/janaka/.local/bin:/opt/ros/humble/bin:/usr/local/sbin:/usr/local/bin:/usr/sbin:/usr/bin:/sbin:/bin:/usr/games:/usr/local/games:/snap/bin:/snap/bin:/home/janaka/.platformio/penv/bin:/home/janaka/.platformio/penv/bin'), ('SESSION_MANAGER', 'local/janaka-ros2:@/tmp/.ICE-unix/2192,unix/janaka-ros2:/tmp/.ICE-unix/2192'), ('XDG_MENU_PREFIX', 'gnome-'), ('LC_ADDRESS', 'si_LK'), ('GNOME_TERMINAL_SCREEN', '/org/gnome/Terminal/screen/96aac191_bf2e_4e27_a43c_04b07f481d71'), ('XDG_RUNTIME_DIR', '/run/user/1000'), ('DISPLAY', ':1'), ('LANG', 'en_US.UTF-8'), ('XDG_CURRENT_DESKTOP', 'ubuntu:GNOME'), ('LC_TELEPHONE', 'si_LK'), ('XMODIFIERS', '@im=ibus'), ('XDG_SESSION_DESKTOP', 'ubuntu'), ('XAUTHORITY', '/run/user/1000/gdm/Xauthority'), ('GNOME_TERMINAL_SERVICE', ':1.195'), ('SSH_AGENT_LAUNCHER', 'gnome-keyring'), ('SSH_AUTH_SOCK', '/run/user/1000/keyring/ssh'), ('AMENT_PREFIX_PATH', '/home/janaka/dev_ws/install/my_bot:/home/janaka/dev_ws/install/mecanumdrive_arduino:/home/janaka/dev_ws/install/mecanum_drive_controller:/home/janaka/ros2_ws/install/mobile_project_pkg:/opt/ros/humble'), ('SHELL', '/bin/bash'), ('LC_NAME', 'si_LK'), ('QT_ACCESSIBILITY', '1'), ('GDMSESSION', 'ubuntu'), ('LC_MEASUREMENT', 'si_LK'), ('GPG_AGENT_INFO', '/run/user/1000/gnupg/S.gpg-agent:0:1'), ('LC_IDENTIFICATION', 'si_LK'), ('QT_IM_MODULE', 'ibus'), ('PWD', '/home/janaka/dev_ws/build/my_bot'), ('LC_ALL', 'en_US.UTF-8'), ('XDG_CONFIG_DIRS', '/etc/xdg/xdg-ubuntu:/etc/xdg'), ('XDG_DATA_DIRS', '/usr/share/ubuntu:/usr/share/gnome:/usr/local/share/:/usr/share/:/var/lib/snapd/desktop'), ('PYTHONPATH', '/opt/ros/humble/lib/python3.10/site-packages:/opt/ros/humble/local/lib/python3.10/dist-packages'), ('LC_NUMERIC', 'si_LK'), ('LC_PAPER', 'si_LK'), ('COLCON', '1'), ('VTE_VERSION', '6800'), ('CMAKE_PREFIX_PATH', '/home/janaka/dev_ws/install/my_bot:/home/janaka/dev_ws/install/mecanumdrive_arduino:/home/janaka/dev_ws/install/mecanum_drive_controller:/home/janaka/ros2_ws/install/mobile_project_pkg:/opt/ros/humble')]), 'shell': False}
[0.043621] (my_bot) CommandEnded: {'returncode': 0}
[0.044178] (my_bot) JobProgress: {'identifier': 'my_bot', 'progress': 'install'}
[0.044645] (mecanumdrive_arduino) StdoutLine: {'line': b'\x1b[35m\x1b[1mConsolidate compiler generated dependencies of target mecanumdrive_arduino\x1b[0m\n'}
[0.050532] (my_bot) Command: {'cmd': ['/usr/bin/cmake', '--install', '/home/janaka/dev_ws/build/my_bot'], 'cwd': '/home/janaka/dev_ws/build/my_bot', 'env': OrderedDict([('USER', 'janaka'), ('LC_TIME', 'si_LK'), ('XDG_SESSION_TYPE', 'x11'), ('SHLVL', '1'), ('LD_LIBRARY_PATH', '/home/janaka/dev_ws/install/mecanumdrive_arduino/lib:/home/janaka/dev_ws/install/mecanum_drive_controller/lib:/usr/lib/x86_64-linux-gnu/gazebo-11/plugins:/opt/ros/humble/opt/rviz_ogre_vendor/lib:/opt/ros/humble/lib/x86_64-linux-gnu:/opt/ros/humble/lib'), ('HOME', '/home/janaka'), ('OLDPWD', '/home/janaka'), ('DESKTOP_SESSION', 'ubuntu'), ('ROS_PYTHON_VERSION', '3'), ('GNOME_SHELL_SESSION_MODE', 'ubuntu'), ('GTK_MODULES', 'gail:atk-bridge'), ('LC_MONETARY', 'si_LK'), ('SYSTEMD_EXEC_PID', '2219'), ('DBUS_SESSION_BUS_ADDRESS', 'unix:path=/run/user/1000/bus'), ('COLORTERM', 'truecolor'), ('COLCON_PREFIX_PATH', '/home/janaka/dev_ws/install:/home/janaka/ros2_ws/install'), ('ROS_DISTRO', 'humble'), ('GTK_IM_MODULE', 'ibus'), ('LOGNAME', 'janaka'), ('_', '/usr/bin/colcon'), ('ROS_VERSION', '2'), ('XDG_SESSION_CLASS', 'user'), ('USERNAME', 'janaka'), ('TERM', 'xterm-256color'), ('GNOME_DESKTOP_SESSION_ID', 'this-is-deprecated'), ('ROS_LOCALHOST_ONLY', '0'), ('WINDOWPATH', '2'), ('PATH', '/home/janaka/.local/bin:/opt/ros/humble/bin:/usr/local/sbin:/usr/local/bin:/usr/sbin:/usr/bin:/sbin:/bin:/usr/games:/usr/local/games:/snap/bin:/snap/bin:/home/janaka/.platformio/penv/bin:/home/janaka/.platformio/penv/bin'), ('SESSION_MANAGER', 'local/janaka-ros2:@/tmp/.ICE-unix/2192,unix/janaka-ros2:/tmp/.ICE-unix/2192'), ('XDG_MENU_PREFIX', 'gnome-'), ('LC_ADDRESS', 'si_LK'), ('GNOME_TERMINAL_SCREEN', '/org/gnome/Terminal/screen/96aac191_bf2e_4e27_a43c_04b07f481d71'), ('XDG_RUNTIME_DIR', '/run/user/1000'), ('DISPLAY', ':1'), ('LANG', 'en_US.UTF-8'), ('XDG_CURRENT_DESKTOP', 'ubuntu:GNOME'), ('LC_TELEPHONE', 'si_LK'), ('XMODIFIERS', '@im=ibus'), ('XDG_SESSION_DESKTOP', 'ubuntu'), ('XAUTHORITY', '/run/user/1000/gdm/Xauthority'), ('GNOME_TERMINAL_SERVICE', ':1.195'), ('SSH_AGENT_LAUNCHER', 'gnome-keyring'), ('SSH_AUTH_SOCK', '/run/user/1000/keyring/ssh'), ('AMENT_PREFIX_PATH', '/home/janaka/dev_ws/install/my_bot:/home/janaka/dev_ws/install/mecanumdrive_arduino:/home/janaka/dev_ws/install/mecanum_drive_controller:/home/janaka/ros2_ws/install/mobile_project_pkg:/opt/ros/humble'), ('SHELL', '/bin/bash'), ('LC_NAME', 'si_LK'), ('QT_ACCESSIBILITY', '1'), ('GDMSESSION', 'ubuntu'), ('LC_MEASUREMENT', 'si_LK'), ('GPG_AGENT_INFO', '/run/user/1000/gnupg/S.gpg-agent:0:1'), ('LC_IDENTIFICATION', 'si_LK'), ('QT_IM_MODULE', 'ibus'), ('PWD', '/home/janaka/dev_ws/build/my_bot'), ('LC_ALL', 'en_US.UTF-8'), ('XDG_CONFIG_DIRS', '/etc/xdg/xdg-ubuntu:/etc/xdg'), ('XDG_DATA_DIRS', '/usr/share/ubuntu:/usr/share/gnome:/usr/local/share/:/usr/share/:/var/lib/snapd/desktop'), ('PYTHONPATH', '/opt/ros/humble/lib/python3.10/site-packages:/opt/ros/humble/local/lib/python3.10/dist-packages'), ('LC_NUMERIC', 'si_LK'), ('LC_PAPER', 'si_LK'), ('COLCON', '1'), ('VTE_VERSION', '6800'), ('CMAKE_PREFIX_PATH', '/home/janaka/dev_ws/install/my_bot:/home/janaka/dev_ws/install/mecanumdrive_arduino:/home/janaka/dev_ws/install/mecanum_drive_controller:/home/janaka/ros2_ws/install/mobile_project_pkg:/opt/ros/humble')]), 'shell': False}
[0.055724] (my_bot) StdoutLine: {'line': b'-- Install configuration: ""\n'}
[0.056014] (my_bot) StdoutLine: {'line': b'-- Execute custom install script\n'}
[0.056232] (my_bot) StdoutLine: {'line': b'-- Up-to-date symlink: /home/janaka/dev_ws/install/my_bot/share/my_bot/config/empty.yaml\n'}
[0.056316] (my_bot) StdoutLine: {'line': b'-- Up-to-date symlink: /home/janaka/dev_ws/install/my_bot/share/my_bot/config/mapper_params_online_async.yaml\n'}
[0.056384] (my_bot) StdoutLine: {'line': b'-- Up-to-date symlink: /home/janaka/dev_ws/install/my_bot/share/my_bot/config/my_controllers.yaml\n'}
[0.056510] (my_bot) StdoutLine: {'line': b'-- Up-to-date symlink: /home/janaka/dev_ws/install/my_bot/share/my_bot/description/gazebo_control.xacro\n'}
[0.056739] (my_bot) StdoutLine: {'line': b'-- Up-to-date symlink: /home/janaka/dev_ws/install/my_bot/share/my_bot/description/inertial_macros.xacro\n'}
[0.056856] (my_bot) StdoutLine: {'line': b'-- Up-to-date symlink: /home/janaka/dev_ws/install/my_bot/share/my_bot/description/lidar.xacro\n'}
[0.056954] (my_bot) StdoutLine: {'line': b'-- Up-to-date symlink: /home/janaka/dev_ws/install/my_bot/share/my_bot/description/robot.urdf.xacro\n'}
[0.057053] (my_bot) StdoutLine: {'line': b'-- Up-to-date symlink: /home/janaka/dev_ws/install/my_bot/share/my_bot/description/robot_core.xacro\n'}
[0.057136] (my_bot) StdoutLine: {'line': b'-- Up-to-date symlink: /home/janaka/dev_ws/install/my_bot/share/my_bot/description/ros2_control.xacro\n'}
[0.057278] (my_bot) StdoutLine: {'line': b'-- Up-to-date symlink: /home/janaka/dev_ws/install/my_bot/share/my_bot/launch/launch_robot.launch.py\n'}
[0.057357] (my_bot) StdoutLine: {'line': b'-- Up-to-date symlink: /home/janaka/dev_ws/install/my_bot/share/my_bot/launch/launch_sim.launch.py\n'}
[0.057434] (my_bot) StdoutLine: {'line': b'-- Up-to-date symlink: /home/janaka/dev_ws/install/my_bot/share/my_bot/launch/rsp.launch.py\n'}
[0.057504] (my_bot) StdoutLine: {'line': b'-- Up-to-date symlink: /home/janaka/dev_ws/install/my_bot/share/my_bot/worlds/empty.world\n'}
[0.057629] (my_bot) StdoutLine: {'line': b'-- Up-to-date symlink: /home/janaka/dev_ws/install/my_bot/share/ament_index/resource_index/package_run_dependencies/my_bot\n'}
[0.057764] (my_bot) StdoutLine: {'line': b'-- Up-to-date symlink: /home/janaka/dev_ws/install/my_bot/share/ament_index/resource_index/parent_prefix_path/my_bot\n'}
[0.057998] (my_bot) StdoutLine: {'line': b'-- Up-to-date symlink: /home/janaka/dev_ws/install/my_bot/share/my_bot/environment/ament_prefix_path.sh\n'}
[0.058119] (mecanumdrive_arduino) StdoutLine: {'line': b'[ 50%] \x1b[32mBuilding CXX object CMakeFiles/mecanumdrive_arduino.dir/hardware/diffbot_system.cpp.o\x1b[0m\n'}
[0.058212] (my_bot) StdoutLine: {'line': b'-- Up-to-date symlink: /home/janaka/dev_ws/install/my_bot/share/my_bot/environment/ament_prefix_path.dsv\n'}
[0.058341] (my_bot) StdoutLine: {'line': b'-- Up-to-date symlink: /home/janaka/dev_ws/install/my_bot/share/my_bot/environment/path.sh\n'}
[0.058426] (my_bot) StdoutLine: {'line': b'-- Up-to-date symlink: /home/janaka/dev_ws/install/my_bot/share/my_bot/environment/path.dsv\n'}
[0.058516] (my_bot) StdoutLine: {'line': b'-- Up-to-date symlink: /home/janaka/dev_ws/install/my_bot/share/my_bot/local_setup.bash\n'}
[0.058584] (my_bot) StdoutLine: {'line': b'-- Up-to-date symlink: /home/janaka/dev_ws/install/my_bot/share/my_bot/local_setup.sh\n'}
[0.058679] (my_bot) StdoutLine: {'line': b'-- Up-to-date symlink: /home/janaka/dev_ws/install/my_bot/share/my_bot/local_setup.zsh\n'}
[0.058750] (my_bot) StdoutLine: {'line': b'-- Up-to-date symlink: /home/janaka/dev_ws/install/my_bot/share/my_bot/local_setup.dsv\n'}
[0.058808] (my_bot) StdoutLine: {'line': b'-- Symlinking: /home/janaka/dev_ws/install/my_bot/share/my_bot/package.dsv\n'}
[0.066040] (my_bot) StdoutLine: {'line': b'-- Up-to-date symlink: /home/janaka/dev_ws/install/my_bot/share/ament_index/resource_index/packages/my_bot\n'}
[0.066185] (my_bot) StdoutLine: {'line': b'-- Up-to-date symlink: /home/janaka/dev_ws/install/my_bot/share/my_bot/cmake/my_botConfig.cmake\n'}
[0.066300] (my_bot) StdoutLine: {'line': b'-- Up-to-date symlink: /home/janaka/dev_ws/install/my_bot/share/my_bot/cmake/my_botConfig-version.cmake\n'}
[0.066448] (my_bot) StdoutLine: {'line': b'-- Up-to-date symlink: /home/janaka/dev_ws/install/my_bot/share/my_bot/package.xml\n'}
[0.068106] (my_bot) CommandEnded: {'returncode': 0}
[0.076921] (my_bot) JobEnded: {'identifier': 'my_bot', 'rc': 0}
[0.099160] (-) TimerEvent: {}
[0.199382] (-) TimerEvent: {}
[0.299864] (-) TimerEvent: {}
[0.400218] (-) TimerEvent: {}
[0.500490] (-) TimerEvent: {}
[0.600908] (-) TimerEvent: {}
[0.701279] (-) TimerEvent: {}
[0.801729] (-) TimerEvent: {}
[0.902604] (-) TimerEvent: {}
[1.002997] (-) TimerEvent: {}
[1.103794] (-) TimerEvent: {}
[1.204160] (-) TimerEvent: {}
[1.304488] (-) TimerEvent: {}
[1.404810] (-) TimerEvent: {}
[1.505198] (-) TimerEvent: {}
[1.605551] (-) TimerEvent: {}
[1.705996] (-) TimerEvent: {}
[1.806301] (-) TimerEvent: {}
[1.906705] (-) TimerEvent: {}
[2.007480] (-) TimerEvent: {}
[2.107925] (-) TimerEvent: {}
[2.208257] (-) TimerEvent: {}
[2.308617] (-) TimerEvent: {}
[2.409011] (-) TimerEvent: {}
[2.509445] (-) TimerEvent: {}
[2.584150] (mecanumdrive_arduino) StdoutLine: {'line': b'[100%] \x1b[32m\x1b[1mLinking CXX shared library libmecanumdrive_arduino.so\x1b[0m\n'}
[2.609601] (-) TimerEvent: {}
[2.693557] (mecanumdrive_arduino) StdoutLine: {'line': b'[100%] Built target mecanumdrive_arduino\n'}
[2.704415] (mecanumdrive_arduino) CommandEnded: {'returncode': 0}
[2.705362] (mecanumdrive_arduino) JobProgress: {'identifier': 'mecanumdrive_arduino', 'progress': 'install'}
[2.705838] (mecanumdrive_arduino) Command: {'cmd': ['/usr/bin/cmake', '--install', '/home/janaka/dev_ws/build/mecanumdrive_arduino'], 'cwd': '/home/janaka/dev_ws/build/mecanumdrive_arduino', 'env': OrderedDict([('USER', 'janaka'), ('LC_TIME', 'si_LK'), ('XDG_SESSION_TYPE', 'x11'), ('SHLVL', '1'), ('LD_LIBRARY_PATH', '/home/janaka/dev_ws/install/mecanumdrive_arduino/lib:/home/janaka/dev_ws/install/mecanum_drive_controller/lib:/usr/lib/x86_64-linux-gnu/gazebo-11/plugins:/opt/ros/humble/opt/rviz_ogre_vendor/lib:/opt/ros/humble/lib/x86_64-linux-gnu:/opt/ros/humble/lib'), ('HOME', '/home/janaka'), ('OLDPWD', '/home/janaka'), ('DESKTOP_SESSION', 'ubuntu'), ('ROS_PYTHON_VERSION', '3'), ('GNOME_SHELL_SESSION_MODE', 'ubuntu'), ('GTK_MODULES', 'gail:atk-bridge'), ('LC_MONETARY', 'si_LK'), ('SYSTEMD_EXEC_PID', '2219'), ('DBUS_SESSION_BUS_ADDRESS', 'unix:path=/run/user/1000/bus'), ('COLORTERM', 'truecolor'), ('COLCON_PREFIX_PATH', '/home/janaka/dev_ws/install:/home/janaka/ros2_ws/install'), ('ROS_DISTRO', 'humble'), ('GTK_IM_MODULE', 'ibus'), ('LOGNAME', 'janaka'), ('_', '/usr/bin/colcon'), ('ROS_VERSION', '2'), ('XDG_SESSION_CLASS', 'user'), ('USERNAME', 'janaka'), ('TERM', 'xterm-256color'), ('GNOME_DESKTOP_SESSION_ID', 'this-is-deprecated'), ('ROS_LOCALHOST_ONLY', '0'), ('WINDOWPATH', '2'), ('PATH', '/home/janaka/.local/bin:/opt/ros/humble/bin:/usr/local/sbin:/usr/local/bin:/usr/sbin:/usr/bin:/sbin:/bin:/usr/games:/usr/local/games:/snap/bin:/snap/bin:/home/janaka/.platformio/penv/bin:/home/janaka/.platformio/penv/bin'), ('SESSION_MANAGER', 'local/janaka-ros2:@/tmp/.ICE-unix/2192,unix/janaka-ros2:/tmp/.ICE-unix/2192'), ('XDG_MENU_PREFIX', 'gnome-'), ('LC_ADDRESS', 'si_LK'), ('GNOME_TERMINAL_SCREEN', '/org/gnome/Terminal/screen/96aac191_bf2e_4e27_a43c_04b07f481d71'), ('XDG_RUNTIME_DIR', '/run/user/1000'), ('DISPLAY', ':1'), ('LANG', 'en_US.UTF-8'), ('XDG_CURRENT_DESKTOP', 'ubuntu:GNOME'), ('LC_TELEPHONE', 'si_LK'), ('XMODIFIERS', '@im=ibus'), ('XDG_SESSION_DESKTOP', 'ubuntu'), ('XAUTHORITY', '/run/user/1000/gdm/Xauthority'), ('GNOME_TERMINAL_SERVICE', ':1.195'), ('SSH_AGENT_LAUNCHER', 'gnome-keyring'), ('SSH_AUTH_SOCK', '/run/user/1000/keyring/ssh'), ('AMENT_PREFIX_PATH', '/home/janaka/dev_ws/install/my_bot:/home/janaka/dev_ws/install/mecanumdrive_arduino:/home/janaka/dev_ws/install/mecanum_drive_controller:/home/janaka/ros2_ws/install/mobile_project_pkg:/opt/ros/humble'), ('SHELL', '/bin/bash'), ('LC_NAME', 'si_LK'), ('QT_ACCESSIBILITY', '1'), ('GDMSESSION', 'ubuntu'), ('LC_MEASUREMENT', 'si_LK'), ('GPG_AGENT_INFO', '/run/user/1000/gnupg/S.gpg-agent:0:1'), ('LC_IDENTIFICATION', 'si_LK'), ('QT_IM_MODULE', 'ibus'), ('PWD', '/home/janaka/dev_ws/build/mecanumdrive_arduino'), ('LC_ALL', 'en_US.UTF-8'), ('XDG_CONFIG_DIRS', '/etc/xdg/xdg-ubuntu:/etc/xdg'), ('XDG_DATA_DIRS', '/usr/share/ubuntu:/usr/share/gnome:/usr/local/share/:/usr/share/:/var/lib/snapd/desktop'), ('PYTHONPATH', '/opt/ros/humble/lib/python3.10/site-packages:/opt/ros/humble/local/lib/python3.10/dist-packages'), ('LC_NUMERIC', 'si_LK'), ('LC_PAPER', 'si_LK'), ('COLCON', '1'), ('VTE_VERSION', '6800'), ('CMAKE_PREFIX_PATH', '/home/janaka/dev_ws/install/my_bot:/home/janaka/dev_ws/install/mecanumdrive_arduino:/home/janaka/dev_ws/install/mecanum_drive_controller:/home/janaka/ros2_ws/install/mobile_project_pkg:/opt/ros/humble')]), 'shell': False}
[2.709585] (-) TimerEvent: {}
[2.714047] (mecanumdrive_arduino) StdoutLine: {'line': b'-- Install configuration: ""\n'}
[2.714447] (mecanumdrive_arduino) StdoutLine: {'line': b'-- Execute custom install script\n'}
[2.714617] (mecanumdrive_arduino) StdoutLine: {'line': b'-- Up-to-date symlink: /home/janaka/dev_ws/install/mecanumdrive_arduino/share/mecanumdrive_arduino//mecanumdrive_arduino.xml\n'}
[2.714860] (mecanumdrive_arduino) StdoutLine: {'line': b'-- Up-to-date symlink: /home/janaka/dev_ws/install/mecanumdrive_arduino/include/mecanumdrive_arduino/mecanumdrive_arduino/arduino_comms.hpp\n'}
[2.714989] (mecanumdrive_arduino) StdoutLine: {'line': b'-- Up-to-date symlink: /home/janaka/dev_ws/install/mecanumdrive_arduino/include/mecanumdrive_arduino/mecanumdrive_arduino/diffbot_system.hpp\n'}
[2.715069] (mecanumdrive_arduino) StdoutLine: {'line': b'-- Up-to-date symlink: /home/janaka/dev_ws/install/mecanumdrive_arduino/include/mecanumdrive_arduino/mecanumdrive_arduino/visibility_control.h\n'}
[2.715118] (mecanumdrive_arduino) StdoutLine: {'line': b'-- Up-to-date symlink: /home/janaka/dev_ws/install/mecanumdrive_arduino/include/mecanumdrive_arduino/mecanumdrive_arduino/wheel.hpp\n'}
[2.715190] (mecanumdrive_arduino) StdoutLine: {'line': b'-- Up-to-date symlink: /home/janaka/dev_ws/install/mecanumdrive_arduino/share/mecanumdrive_arduino/launch/view_robot.launch.py\n'}
[2.715315] (mecanumdrive_arduino) StdoutLine: {'line': b'-- Up-to-date symlink: /home/janaka/dev_ws/install/mecanumdrive_arduino/share/mecanumdrive_arduino/ros2_control/diffbot.ros2_control.xacro\n'}
[2.715464] (mecanumdrive_arduino) StdoutLine: {'line': b'-- Up-to-date symlink: /home/janaka/dev_ws/install/mecanumdrive_arduino/share/mecanumdrive_arduino/urdf/diffbot.materials.xacro\n'}
[2.715530] (mecanumdrive_arduino) StdoutLine: {'line': b'-- Up-to-date symlink: /home/janaka/dev_ws/install/mecanumdrive_arduino/share/mecanumdrive_arduino/urdf/diffbot.urdf.xacro\n'}
[2.715604] (mecanumdrive_arduino) StdoutLine: {'line': b'-- Up-to-date symlink: /home/janaka/dev_ws/install/mecanumdrive_arduino/share/mecanumdrive_arduino/urdf/diffbot_description.urdf.xacro\n'}
[2.715734] (mecanumdrive_arduino) StdoutLine: {'line': b'-- Up-to-date symlink: /home/janaka/dev_ws/install/mecanumdrive_arduino/share/mecanumdrive_arduino/rviz/diffbot.rviz\n'}
[2.715814] (mecanumdrive_arduino) StdoutLine: {'line': b'-- Up-to-date symlink: /home/janaka/dev_ws/install/mecanumdrive_arduino/share/mecanumdrive_arduino/rviz/diffbot_view.rviz\n'}
[2.715952] (mecanumdrive_arduino) StdoutLine: {'line': b'-- Up-to-date symlink: /home/janaka/dev_ws/install/mecanumdrive_arduino/share/mecanumdrive_arduino/launch/diffbot.launch.py\n'}
[2.716073] (mecanumdrive_arduino) StdoutLine: {'line': b'-- Up-to-date symlink: /home/janaka/dev_ws/install/mecanumdrive_arduino/share/mecanumdrive_arduino/config/diffbot_controllers.yaml\n'}
[2.716174] (mecanumdrive_arduino) StdoutLine: {'line': b'-- Up-to-date symlink: /home/janaka/dev_ws/install/mecanumdrive_arduino/share/mecanumdrive_arduino/environment/library_path.sh\n'}
[2.716259] (mecanumdrive_arduino) StdoutLine: {'line': b'-- Up-to-date symlink: /home/janaka/dev_ws/install/mecanumdrive_arduino/share/mecanumdrive_arduino/environment/library_path.dsv\n'}
[2.716358] (mecanumdrive_arduino) StdoutLine: {'line': b'-- Up-to-date symlink: /home/janaka/dev_ws/install/mecanumdrive_arduino/share/ament_index/resource_index/package_run_dependencies/mecanumdrive_arduino\n'}
[2.716446] (mecanumdrive_arduino) StdoutLine: {'line': b'-- Up-to-date symlink: /home/janaka/dev_ws/install/mecanumdrive_arduino/share/ament_index/resource_index/parent_prefix_path/mecanumdrive_arduino\n'}
[2.716534] (mecanumdrive_arduino) StdoutLine: {'line': b'-- Up-to-date symlink: /home/janaka/dev_ws/install/mecanumdrive_arduino/share/mecanumdrive_arduino/environment/ament_prefix_path.sh\n'}
[2.716630] (mecanumdrive_arduino) StdoutLine: {'line': b'-- Up-to-date symlink: /home/janaka/dev_ws/install/mecanumdrive_arduino/share/mecanumdrive_arduino/environment/ament_prefix_path.dsv\n'}
[2.716716] (mecanumdrive_arduino) StdoutLine: {'line': b'-- Up-to-date symlink: /home/janaka/dev_ws/install/mecanumdrive_arduino/share/mecanumdrive_arduino/environment/path.sh\n'}
[2.716803] (mecanumdrive_arduino) StdoutLine: {'line': b'-- Up-to-date symlink: /home/janaka/dev_ws/install/mecanumdrive_arduino/share/mecanumdrive_arduino/environment/path.dsv\n'}
[2.716883] (mecanumdrive_arduino) StdoutLine: {'line': b'-- Up-to-date symlink: /home/janaka/dev_ws/install/mecanumdrive_arduino/share/mecanumdrive_arduino/local_setup.bash\n'}
[2.716962] (mecanumdrive_arduino) StdoutLine: {'line': b'-- Up-to-date symlink: /home/janaka/dev_ws/install/mecanumdrive_arduino/share/mecanumdrive_arduino/local_setup.sh\n'}
[2.717038] (mecanumdrive_arduino) StdoutLine: {'line': b'-- Up-to-date symlink: /home/janaka/dev_ws/install/mecanumdrive_arduino/share/mecanumdrive_arduino/local_setup.zsh\n'}
[2.717115] (mecanumdrive_arduino) StdoutLine: {'line': b'-- Up-to-date symlink: /home/janaka/dev_ws/install/mecanumdrive_arduino/share/mecanumdrive_arduino/local_setup.dsv\n'}
[2.717168] (mecanumdrive_arduino) StdoutLine: {'line': b'-- Symlinking: /home/janaka/dev_ws/install/mecanumdrive_arduino/share/mecanumdrive_arduino/package.dsv\n'}
[2.725823] (mecanumdrive_arduino) StdoutLine: {'line': b'-- Up-to-date symlink: /home/janaka/dev_ws/install/mecanumdrive_arduino/share/ament_index/resource_index/packages/mecanumdrive_arduino\n'}
[2.726004] (mecanumdrive_arduino) StdoutLine: {'line': b'-- Up-to-date symlink: /home/janaka/dev_ws/install/mecanumdrive_arduino/share/ament_index/resource_index/hardware_interface__pluginlib__plugin/mecanumdrive_arduino\n'}
[2.726108] (mecanumdrive_arduino) StdoutLine: {'line': b'-- Up-to-date symlink: /home/janaka/dev_ws/install/mecanumdrive_arduino/share/mecanumdrive_arduino/cmake/ament_cmake_export_targets-extras.cmake\n'}
[2.726191] (mecanumdrive_arduino) StdoutLine: {'line': b'-- Up-to-date symlink: /home/janaka/dev_ws/install/mecanumdrive_arduino/share/mecanumdrive_arduino/cmake/ament_cmake_export_dependencies-extras.cmake\n'}
[2.726278] (mecanumdrive_arduino) StdoutLine: {'line': b'-- Up-to-date symlink: /home/janaka/dev_ws/install/mecanumdrive_arduino/share/mecanumdrive_arduino/cmake/mecanumdrive_arduinoConfig.cmake\n'}
[2.726338] (mecanumdrive_arduino) StdoutLine: {'line': b'-- Up-to-date symlink: /home/janaka/dev_ws/install/mecanumdrive_arduino/share/mecanumdrive_arduino/cmake/mecanumdrive_arduinoConfig-version.cmake\n'}
[2.726419] (mecanumdrive_arduino) StdoutLine: {'line': b'-- Up-to-date symlink: /home/janaka/dev_ws/install/mecanumdrive_arduino/share/mecanumdrive_arduino/package.xml\n'}
[2.726568] (mecanumdrive_arduino) StdoutLine: {'line': b'-- Installing: /home/janaka/dev_ws/install/mecanumdrive_arduino/lib/libmecanumdrive_arduino.so\n'}
[2.727372] (mecanumdrive_arduino) StdoutLine: {'line': b'-- Set runtime path of "/home/janaka/dev_ws/install/mecanumdrive_arduino/lib/libmecanumdrive_arduino.so" to ""\n'}
[2.727435] (mecanumdrive_arduino) StdoutLine: {'line': b'-- Up-to-date: /home/janaka/dev_ws/install/mecanumdrive_arduino/share/mecanumdrive_arduino/cmake/export_mecanumdrive_arduinoExport.cmake\n'}
[2.727476] (mecanumdrive_arduino) StdoutLine: {'line': b'-- Up-to-date: /home/janaka/dev_ws/install/mecanumdrive_arduino/share/mecanumdrive_arduino/cmake/export_mecanumdrive_arduinoExport-noconfig.cmake\n'}
[2.729090] (mecanumdrive_arduino) CommandEnded: {'returncode': 0}
[2.737818] (mecanumdrive_arduino) JobEnded: {'identifier': 'mecanumdrive_arduino', 'rc': 0}
[2.738493] (-) EventReactorShutdown: {}
