[0.039s] Invoking command in '/home/janaka/dev_ws/build/gpio_controllers': CMAKE_PREFIX_PATH=${CMAKE_PREFIX_PATH}:/opt/ros/humble /usr/bin/cmake /home/janaka/dev_ws/src/ros2_controllers/gpio_controllers -DAMENT_CMAKE_SYMLINK_INSTALL=1 -DCMAKE_INSTALL_PREFIX=/home/janaka/dev_ws/install/gpio_controllers
[0.324s] -- The C compiler identification is GNU 11.4.0
[0.324s] -- The CXX compiler identification is GNU 11.4.0
[0.324s] -- Detecting C compiler ABI info
[0.324s] -- Detecting C compiler ABI info - done
[0.324s] -- Check for working C compiler: /usr/bin/cc - skipped
[0.324s] -- Detecting C compile features
[0.324s] -- Detecting C compile features - done
[0.324s] -- Detecting CXX compiler ABI info
[0.352s] -- Detecting CXX compiler ABI info - done
[0.355s] -- Check for working CXX compiler: /usr/bin/c++ - skipped
[0.355s] -- Detecting CXX compile features
[0.355s] -- Detecting CXX compile features - done
[0.360s] -- Found ament_cmake: 1.3.12 (/opt/ros/humble/share/ament_cmake/cmake)
[0.510s] -- Found Python3: /usr/bin/python3 (found version "3.10.12") found components: Interpreter 
[0.559s] -- Override CMake install command with custom implementation using symlinks instead of copying resources
[0.588s] -- Found controller_interface: 2.52.0 (/opt/ros/humble/share/controller_interface/cmake)
[0.634s] -- Found rosidl_generator_c: 3.1.7 (/opt/ros/humble/share/rosidl_generator_c/cmake)
[0.636s] -- Found rosidl_adapter: 3.1.7 (/opt/ros/humble/share/rosidl_adapter/cmake)
[0.645s] -- Found rosidl_generator_cpp: 3.1.7 (/opt/ros/humble/share/rosidl_generator_cpp/cmake)
[0.659s] -- Using all available rosidl_typesupport_c: rosidl_typesupport_fastrtps_c;rosidl_typesupport_introspection_c
[0.673s] -- Using all available rosidl_typesupport_cpp: rosidl_typesupport_fastrtps_cpp;rosidl_typesupport_introspection_cpp
[0.874s] -- Found rmw_implementation_cmake: 6.1.2 (/opt/ros/humble/share/rmw_implementation_cmake/cmake)
[0.874s] -- Found rmw_fastrtps_cpp: 6.2.8 (/opt/ros/humble/share/rmw_fastrtps_cpp/cmake)
[0.898s] -- Found TinyXML2 via Config file: TinyXML2_DIR-NOTFOUND
[0.963s] -- Found OpenSSL: /usr/lib/x86_64-linux-gnu/libcrypto.so (found version "3.0.2")  
[0.965s] -- Found TinyXML2 via Config file: TinyXML2_DIR-NOTFOUND
[0.988s] -- Found FastRTPS: /opt/ros/humble/include  
[0.991s] -- Found TinyXML2 via Config file: TinyXML2_DIR-NOTFOUND
[1.001s] -- Found TinyXML2 via Config file: TinyXML2_DIR-NOTFOUND
[1.017s] -- Using RMW implementation 'rmw_fastrtps_cpp' as default
[1.027s] -- Looking for pthread.h
[1.105s] -- Looking for pthread.h - found
[1.105s] -- Performing Test CMAKE_HAVE_LIBC_PTHREAD
[1.199s] -- Performing Test CMAKE_HAVE_LIBC_PTHREAD - Success
[1.199s] -- Found Threads: TRUE  
[1.249s] -- Found realtime_tools: 2.14.0 (/opt/ros/humble/share/realtime_tools/cmake)
[1.267s] -- Found generate_parameter_library: 0.5.0 (/opt/ros/humble/share/generate_parameter_library/cmake)
[1.268s] -- Found parameter_traits: 0.5.0 (/opt/ros/humble/share/parameter_traits/cmake)
[1.292s] -- Found ament_cmake_gmock: 1.3.12 (/opt/ros/humble/share/ament_cmake_gmock/cmake)
[1.293s] -- Found controller_manager: 2.52.0 (/opt/ros/humble/share/controller_manager/cmake)
[1.313s] -- Found ros2_control_test_assets: 2.52.0 (/opt/ros/humble/share/ros2_control_test_assets/cmake)
[1.316s] -- Found gmock sources under '/opt/ros/humble/src/gmock_vendor': C++ tests using 'Google Mock' will be built
[1.324s] -- Found ament_cmake_gtest: 1.3.12 (/opt/ros/humble/share/ament_cmake_gtest/cmake)
[1.328s] -- Found gtest sources under '/opt/ros/humble/src/gtest_vendor': C++ tests using 'Google Test' will be built
[1.402s] -- Configuring done
[1.439s] -- Generating done
[1.451s] -- Build files have been written to: /home/janaka/dev_ws/build/gpio_controllers
[1.474s] Invoked command in '/home/janaka/dev_ws/build/gpio_controllers' returned '0': CMAKE_PREFIX_PATH=${CMAKE_PREFIX_PATH}:/opt/ros/humble /usr/bin/cmake /home/janaka/dev_ws/src/ros2_controllers/gpio_controllers -DAMENT_CMAKE_SYMLINK_INSTALL=1 -DCMAKE_INSTALL_PREFIX=/home/janaka/dev_ws/install/gpio_controllers
[1.478s] Invoking command in '/home/janaka/dev_ws/build/gpio_controllers': CMAKE_PREFIX_PATH=${CMAKE_PREFIX_PATH}:/opt/ros/humble /usr/bin/cmake --build /home/janaka/dev_ws/build/gpio_controllers -- -j16 -l16
[1.657s] [  7%] [34m[1mRunning `/opt/ros/humble/bin/generate_parameter_library_cpp /home/janaka/dev_ws/build/gpio_controllers/include/gpio_controllers/gpio_command_controller_parameters.hpp /home/janaka/dev_ws/src/ros2_controllers/gpio_controllers/src/gpio_command_controller_parameters.yaml `[0m
[1.657s] [ 15%] [32mBuilding CXX object gmock/CMakeFiles/gmock.dir/src/gmock-all.cc.o[0m
[1.657s] [ 23%] [32mBuilding CXX object gmock/CMakeFiles/gmock_main.dir/src/gmock_main.cc.o[0m
[1.657s] [ 30%] [32mBuilding CXX object gmock/CMakeFiles/gmock.dir/opt/ros/humble/src/gtest_vendor/src/gtest-all.cc.o[0m
[1.753s] [ 38%] [34m[1mCreating deprecated header file /home/janaka/dev_ws/build/gpio_controllers/include/gpio_command_controller_parameters.hpp[0m
[1.767s] [ 38%] Built target gpio_command_controller_parameters
[1.785s] [ 46%] [32mBuilding CXX object CMakeFiles/gpio_controllers.dir/src/gpio_command_controller.cpp.o[0m
[2.080s] [ 53%] [32m[1mLinking CXX static library libgmock_main.a[0m
[2.114s] [ 53%] Built target gmock_main
[3.300s] [ 61%] [32m[1mLinking CXX static library libgmock.a[0m
[3.360s] [ 61%] Built target gmock
[3.379s] [ 69%] [32mBuilding CXX object CMakeFiles/test_load_gpio_command_controller.dir/test/test_load_gpio_command_controller.cpp.o[0m
[6.326s] [ 76%] [32m[1mLinking CXX executable test_load_gpio_command_controller[0m
[6.521s] [ 76%] Built target test_load_gpio_command_controller
[7.664s] [ 84%] [32m[1mLinking CXX shared library libgpio_controllers.so[0m
[7.950s] [ 84%] Built target gpio_controllers
[7.970s] [ 92%] [32mBuilding CXX object CMakeFiles/test_gpio_command_controller.dir/test/test_gpio_command_controller.cpp.o[0m
[14.804s] [100%] [32m[1mLinking CXX executable test_gpio_command_controller[0m
[15.198s] [100%] Built target test_gpio_command_controller
