[0.000000] (-) TimerEvent: {}
[0.000242] (my_bot) JobQueued: {'identifier': 'my_bot', 'dependencies': OrderedDict()}
[0.000280] (my_bot) JobStarted: {'identifier': 'my_bot'}
[0.005243] (my_bot) JobProgress: {'identifier': 'my_bot', 'progress': 'cmake'}
[0.005575] (my_bot) JobProgress: {'identifier': 'my_bot', 'progress': 'build'}
[0.005955] (my_bot) Command: {'cmd': ['/usr/bin/cmake', '--build', '/home/janaka/dev_ws/build/my_bot', '--', '-j16', '-l16'], 'cwd': '/home/janaka/dev_ws/build/my_bot', 'env': OrderedDict([('USER', 'janaka'), ('LC_TIME', 'si_LK'), ('XDG_SESSION_TYPE', 'x11'), ('SHLVL', '1'), ('LD_LIBRARY_PATH', '/usr/lib/x86_64-linux-gnu/gazebo-11/plugins:/opt/ros/humble/opt/rviz_ogre_vendor/lib:/opt/ros/humble/lib/x86_64-linux-gnu:/opt/ros/humble/lib'), ('HOME', '/home/janaka'), ('OLDPWD', '/home/janaka/dev_ws'), ('DESKTOP_SESSION', 'ubuntu'), ('ROS_PYTHON_VERSION', '3'), ('GNOME_SHELL_SESSION_MODE', 'ubuntu'), ('GTK_MODULES', 'gail:atk-bridge'), ('LC_MONETARY', 'si_LK'), ('SYSTEMD_EXEC_PID', '8974'), ('DBUS_SESSION_BUS_ADDRESS', 'unix:path=/run/user/1000/bus'), ('COLORTERM', 'truecolor'), ('COLCON_PREFIX_PATH', '/home/janaka/dev_ws/install'), ('ROS_DISTRO', 'humble'), ('GTK_IM_MODULE', 'ibus'), ('LOGNAME', 'janaka'), ('_', '/usr/bin/colcon'), ('ROS_VERSION', '2'), ('XDG_SESSION_CLASS', 'user'), ('USERNAME', 'janaka'), ('TERM', 'xterm-256color'), ('GNOME_DESKTOP_SESSION_ID', 'this-is-deprecated'), ('ROS_LOCALHOST_ONLY', '0'), ('WINDOWPATH', '2'), ('PATH', '/opt/ros/humble/bin:/usr/local/sbin:/usr/local/bin:/usr/sbin:/usr/bin:/sbin:/bin:/usr/games:/usr/local/games:/snap/bin:/snap/bin'), ('SESSION_MANAGER', 'local/janaka-ros2:@/tmp/.ICE-unix/3011,unix/janaka-ros2:/tmp/.ICE-unix/3011'), ('XDG_MENU_PREFIX', 'gnome-'), ('LC_ADDRESS', 'si_LK'), ('GNOME_TERMINAL_SCREEN', '/org/gnome/Terminal/screen/92679b7b_a0b3_4702_ae70_ac74c3ea813f'), ('XDG_RUNTIME_DIR', '/run/user/1000'), ('DISPLAY', ':1'), ('LANG', 'en_US.UTF-8'), ('XDG_CURRENT_DESKTOP', 'ubuntu:GNOME'), ('LC_TELEPHONE', 'si_LK'), ('XMODIFIERS', '@im=ibus'), ('XDG_SESSION_DESKTOP', 'ubuntu'), ('XAUTHORITY', '/run/user/1000/gdm/Xauthority'), ('GNOME_TERMINAL_SERVICE', ':1.112'), ('SSH_AGENT_LAUNCHER', 'gnome-keyring'), ('SSH_AUTH_SOCK', '/run/user/1000/keyring/ssh'), ('AMENT_PREFIX_PATH', '/home/janaka/dev_ws/install/my_bot:/opt/ros/humble'), ('SHELL', '/bin/bash'), ('LC_NAME', 'si_LK'), ('QT_ACCESSIBILITY', '1'), ('GDMSESSION', 'ubuntu'), ('LC_MEASUREMENT', 'si_LK'), ('GPG_AGENT_INFO', '/run/user/1000/gnupg/S.gpg-agent:0:1'), ('LC_IDENTIFICATION', 'si_LK'), ('QT_IM_MODULE', 'ibus'), ('PWD', '/home/janaka/dev_ws/build/my_bot'), ('LC_ALL', 'en_US.UTF-8'), ('XDG_CONFIG_DIRS', '/etc/xdg/xdg-ubuntu:/etc/xdg'), ('XDG_DATA_DIRS', '/usr/share/ubuntu:/usr/share/gnome:/usr/local/share/:/usr/share/:/var/lib/snapd/desktop'), ('PYTHONPATH', '/opt/ros/humble/lib/python3.10/site-packages:/opt/ros/humble/local/lib/python3.10/dist-packages'), ('LC_NUMERIC', 'si_LK'), ('LC_PAPER', 'si_LK'), ('COLCON', '1'), ('VTE_VERSION', '6800'), ('CMAKE_PREFIX_PATH', '/home/janaka/dev_ws/install/my_bot:/opt/ros/humble')]), 'shell': False}
[0.038809] (my_bot) CommandEnded: {'returncode': 0}
[0.039225] (my_bot) JobProgress: {'identifier': 'my_bot', 'progress': 'install'}
[0.046116] (my_bot) Command: {'cmd': ['/usr/bin/cmake', '--install', '/home/janaka/dev_ws/build/my_bot'], 'cwd': '/home/janaka/dev_ws/build/my_bot', 'env': OrderedDict([('USER', 'janaka'), ('LC_TIME', 'si_LK'), ('XDG_SESSION_TYPE', 'x11'), ('SHLVL', '1'), ('LD_LIBRARY_PATH', '/usr/lib/x86_64-linux-gnu/gazebo-11/plugins:/opt/ros/humble/opt/rviz_ogre_vendor/lib:/opt/ros/humble/lib/x86_64-linux-gnu:/opt/ros/humble/lib'), ('HOME', '/home/janaka'), ('OLDPWD', '/home/janaka/dev_ws'), ('DESKTOP_SESSION', 'ubuntu'), ('ROS_PYTHON_VERSION', '3'), ('GNOME_SHELL_SESSION_MODE', 'ubuntu'), ('GTK_MODULES', 'gail:atk-bridge'), ('LC_MONETARY', 'si_LK'), ('SYSTEMD_EXEC_PID', '8974'), ('DBUS_SESSION_BUS_ADDRESS', 'unix:path=/run/user/1000/bus'), ('COLORTERM', 'truecolor'), ('COLCON_PREFIX_PATH', '/home/janaka/dev_ws/install'), ('ROS_DISTRO', 'humble'), ('GTK_IM_MODULE', 'ibus'), ('LOGNAME', 'janaka'), ('_', '/usr/bin/colcon'), ('ROS_VERSION', '2'), ('XDG_SESSION_CLASS', 'user'), ('USERNAME', 'janaka'), ('TERM', 'xterm-256color'), ('GNOME_DESKTOP_SESSION_ID', 'this-is-deprecated'), ('ROS_LOCALHOST_ONLY', '0'), ('WINDOWPATH', '2'), ('PATH', '/opt/ros/humble/bin:/usr/local/sbin:/usr/local/bin:/usr/sbin:/usr/bin:/sbin:/bin:/usr/games:/usr/local/games:/snap/bin:/snap/bin'), ('SESSION_MANAGER', 'local/janaka-ros2:@/tmp/.ICE-unix/3011,unix/janaka-ros2:/tmp/.ICE-unix/3011'), ('XDG_MENU_PREFIX', 'gnome-'), ('LC_ADDRESS', 'si_LK'), ('GNOME_TERMINAL_SCREEN', '/org/gnome/Terminal/screen/92679b7b_a0b3_4702_ae70_ac74c3ea813f'), ('XDG_RUNTIME_DIR', '/run/user/1000'), ('DISPLAY', ':1'), ('LANG', 'en_US.UTF-8'), ('XDG_CURRENT_DESKTOP', 'ubuntu:GNOME'), ('LC_TELEPHONE', 'si_LK'), ('XMODIFIERS', '@im=ibus'), ('XDG_SESSION_DESKTOP', 'ubuntu'), ('XAUTHORITY', '/run/user/1000/gdm/Xauthority'), ('GNOME_TERMINAL_SERVICE', ':1.112'), ('SSH_AGENT_LAUNCHER', 'gnome-keyring'), ('SSH_AUTH_SOCK', '/run/user/1000/keyring/ssh'), ('AMENT_PREFIX_PATH', '/home/janaka/dev_ws/install/my_bot:/opt/ros/humble'), ('SHELL', '/bin/bash'), ('LC_NAME', 'si_LK'), ('QT_ACCESSIBILITY', '1'), ('GDMSESSION', 'ubuntu'), ('LC_MEASUREMENT', 'si_LK'), ('GPG_AGENT_INFO', '/run/user/1000/gnupg/S.gpg-agent:0:1'), ('LC_IDENTIFICATION', 'si_LK'), ('QT_IM_MODULE', 'ibus'), ('PWD', '/home/janaka/dev_ws/build/my_bot'), ('LC_ALL', 'en_US.UTF-8'), ('XDG_CONFIG_DIRS', '/etc/xdg/xdg-ubuntu:/etc/xdg'), ('XDG_DATA_DIRS', '/usr/share/ubuntu:/usr/share/gnome:/usr/local/share/:/usr/share/:/var/lib/snapd/desktop'), ('PYTHONPATH', '/opt/ros/humble/lib/python3.10/site-packages:/opt/ros/humble/local/lib/python3.10/dist-packages'), ('LC_NUMERIC', 'si_LK'), ('LC_PAPER', 'si_LK'), ('COLCON', '1'), ('VTE_VERSION', '6800'), ('CMAKE_PREFIX_PATH', '/home/janaka/dev_ws/install/my_bot:/opt/ros/humble')]), 'shell': False}
[0.052534] (my_bot) StdoutLine: {'line': b'-- Install configuration: ""\n'}
[0.052686] (my_bot) StdoutLine: {'line': b'-- Up-to-date: /home/janaka/dev_ws/install/my_bot/share/my_bot/config\n'}
[0.052717] (my_bot) StdoutLine: {'line': b'-- Up-to-date: /home/janaka/dev_ws/install/my_bot/share/my_bot/config/my_controllers.yaml\n'}
[0.052744] (my_bot) StdoutLine: {'line': b'-- Up-to-date: /home/janaka/dev_ws/install/my_bot/share/my_bot/config/empty.yaml\n'}
[0.052769] (my_bot) StdoutLine: {'line': b'-- Up-to-date: /home/janaka/dev_ws/install/my_bot/share/my_bot/description\n'}
[0.052828] (my_bot) StdoutLine: {'line': b'-- Up-to-date: /home/janaka/dev_ws/install/my_bot/share/my_bot/description/gazebo_control.xacro\n'}
[0.052855] (my_bot) StdoutLine: {'line': b'-- Installing: /home/janaka/dev_ws/install/my_bot/share/my_bot/description/robot_core.xacro\n'}
[0.052883] (my_bot) StdoutLine: {'line': b'-- Up-to-date: /home/janaka/dev_ws/install/my_bot/share/my_bot/description/ros2_control.xacro\n'}
[0.052923] (my_bot) StdoutLine: {'line': b'-- Up-to-date: /home/janaka/dev_ws/install/my_bot/share/my_bot/description/inertial_macros.xacro\n'}
[0.052951] (my_bot) StdoutLine: {'line': b'-- Up-to-date: /home/janaka/dev_ws/install/my_bot/share/my_bot/description/robot.urdf.xacro\n'}
[0.052989] (my_bot) StdoutLine: {'line': b'-- Up-to-date: /home/janaka/dev_ws/install/my_bot/share/my_bot/description/lidar.xacro\n'}
[0.053058] (my_bot) StdoutLine: {'line': b'-- Up-to-date: /home/janaka/dev_ws/install/my_bot/share/my_bot/launch\n'}
[0.053085] (my_bot) StdoutLine: {'line': b'-- Up-to-date: /home/janaka/dev_ws/install/my_bot/share/my_bot/launch/robot_launch_with_control.py\n'}
[0.053141] (my_bot) StdoutLine: {'line': b'-- Up-to-date: /home/janaka/dev_ws/install/my_bot/share/my_bot/launch/rsp.launch.py\n'}
[0.053166] (my_bot) StdoutLine: {'line': b'-- Up-to-date: /home/janaka/dev_ws/install/my_bot/share/my_bot/launch/launch_sim.launch.py\n'}
[0.053204] (my_bot) StdoutLine: {'line': b'-- Up-to-date: /home/janaka/dev_ws/install/my_bot/share/my_bot/worlds\n'}
[0.053232] (my_bot) StdoutLine: {'line': b'-- Up-to-date: /home/janaka/dev_ws/install/my_bot/share/my_bot/worlds/empty.world\n'}
[0.053264] (my_bot) StdoutLine: {'line': b'-- Up-to-date: /home/janaka/dev_ws/install/my_bot/share/ament_index/resource_index/package_run_dependencies/my_bot\n'}
[0.053291] (my_bot) StdoutLine: {'line': b'-- Up-to-date: /home/janaka/dev_ws/install/my_bot/share/ament_index/resource_index/parent_prefix_path/my_bot\n'}
[0.053335] (my_bot) StdoutLine: {'line': b'-- Up-to-date: /home/janaka/dev_ws/install/my_bot/share/my_bot/environment/ament_prefix_path.sh\n'}
[0.053359] (my_bot) StdoutLine: {'line': b'-- Up-to-date: /home/janaka/dev_ws/install/my_bot/share/my_bot/environment/ament_prefix_path.dsv\n'}
[0.053390] (my_bot) StdoutLine: {'line': b'-- Up-to-date: /home/janaka/dev_ws/install/my_bot/share/my_bot/environment/path.sh\n'}
[0.053415] (my_bot) StdoutLine: {'line': b'-- Up-to-date: /home/janaka/dev_ws/install/my_bot/share/my_bot/environment/path.dsv\n'}
[0.053441] (my_bot) StdoutLine: {'line': b'-- Up-to-date: /home/janaka/dev_ws/install/my_bot/share/my_bot/local_setup.bash\n'}
[0.053466] (my_bot) StdoutLine: {'line': b'-- Up-to-date: /home/janaka/dev_ws/install/my_bot/share/my_bot/local_setup.sh\n'}
[0.053492] (my_bot) StdoutLine: {'line': b'-- Up-to-date: /home/janaka/dev_ws/install/my_bot/share/my_bot/local_setup.zsh\n'}
[0.053520] (my_bot) StdoutLine: {'line': b'-- Up-to-date: /home/janaka/dev_ws/install/my_bot/share/my_bot/local_setup.dsv\n'}
[0.053546] (my_bot) StdoutLine: {'line': b'-- Installing: /home/janaka/dev_ws/install/my_bot/share/my_bot/package.dsv\n'}
[0.053571] (my_bot) StdoutLine: {'line': b'-- Up-to-date: /home/janaka/dev_ws/install/my_bot/share/ament_index/resource_index/packages/my_bot\n'}
[0.053615] (my_bot) StdoutLine: {'line': b'-- Up-to-date: /home/janaka/dev_ws/install/my_bot/share/my_bot/cmake/my_botConfig.cmake\n'}
[0.053640] (my_bot) StdoutLine: {'line': b'-- Up-to-date: /home/janaka/dev_ws/install/my_bot/share/my_bot/cmake/my_botConfig-version.cmake\n'}
[0.053663] (my_bot) StdoutLine: {'line': b'-- Up-to-date: /home/janaka/dev_ws/install/my_bot/share/my_bot/package.xml\n'}
[0.055177] (my_bot) CommandEnded: {'returncode': 0}
[0.064694] (my_bot) JobEnded: {'identifier': 'my_bot', 'rc': 0}
[0.065062] (-) EventReactorShutdown: {}
